{"C:\\Users\\Billy\\OneDrive\\Desktop\\CodeProjects\\Mum_Finance\\app\\_layout.tsx": {"path":"C:\\Users\\Billy\\OneDrive\\Desktop\\CodeProjects\\Mum_Finance\\app\\_layout.tsx","statementMap":{"0":{"start":{"line":7,"column":2},"end":{"line":21,"column":4}}},"fnMap":{"0":{"name":"RootLayout","decl":{"start":{"line":6,"column":24},"end":{"line":6,"column":34}},"loc":{"start":{"line":6,"column":37},"end":{"line":22,"column":1}},"line":6}},"branchMap":{},"s":{"0":0},"f":{"0":0},"b":{}}
,"C:\\Users\\Billy\\OneDrive\\Desktop\\CodeProjects\\Mum_Finance\\app\\backup.tsx": {"path":"C:\\Users\\Billy\\OneDrive\\Desktop\\CodeProjects\\Mum_Finance\\app\\backup.tsx","statementMap":{"0":{"start":{"line":18,"column":60},"end":{"line":18,"column":73}},"1":{"start":{"line":19,"column":40},"end":{"line":19,"column":55}},"2":{"start":{"line":20,"column":40},"end":{"line":20,"column":55}},"3":{"start":{"line":22,"column":23},"end":{"line":52,"column":3}},"4":{"start":{"line":23,"column":4},"end":{"line":51,"column":5}},"5":{"start":{"line":24,"column":19},"end":{"line":24,"column":32}},"6":{"start":{"line":25,"column":19},"end":{"line":25,"column":48}},"7":{"start":{"line":26,"column":23},"end":{"line":26,"column":89}},"8":{"start":{"line":28,"column":6},"end":{"line":47,"column":7}},"9":{"start":{"line":30,"column":21},"end":{"line":30,"column":67}},"10":{"start":{"line":31,"column":20},"end":{"line":31,"column":45}},"11":{"start":{"line":32,"column":18},"end":{"line":32,"column":45}},"12":{"start":{"line":33,"column":8},"end":{"line":33,"column":21}},"13":{"start":{"line":34,"column":8},"end":{"line":34,"column":30}},"14":{"start":{"line":35,"column":8},"end":{"line":35,"column":18}},"15":{"start":{"line":36,"column":8},"end":{"line":36,"column":33}},"16":{"start":{"line":37,"column":8},"end":{"line":37,"column":52}},"17":{"start":{"line":40,"column":24},"end":{"line":40,"column":63}},"18":{"start":{"line":41,"column":8},"end":{"line":41,"column":59}},"19":{"start":{"line":43,"column":8},"end":{"line":46,"column":11}},"20":{"start":{"line":49,"column":6},"end":{"line":49,"column":27}},"21":{"start":{"line":50,"column":6},"end":{"line":50,"column":54}},"22":{"start":{"line":54,"column":23},"end":{"line":56,"column":3}},"23":{"start":{"line":55,"column":4},"end":{"line":55,"column":25}},"24":{"start":{"line":58,"column":24},"end":{"line":101,"column":3}},"25":{"start":{"line":59,"column":4},"end":{"line":100,"column":5}},"26":{"start":{"line":60,"column":21},"end":{"line":63,"column":8}},"27":{"start":{"line":65,"column":6},"end":{"line":68,"column":7}},"28":{"start":{"line":66,"column":8},"end":{"line":66,"column":30}},"29":{"start":{"line":67,"column":8},"end":{"line":67,"column":15}},"30":{"start":{"line":70,"column":19},"end":{"line":70,"column":35}},"31":{"start":{"line":71,"column":20},"end":{"line":71,"column":22}},"32":{"start":{"line":73,"column":6},"end":{"line":78,"column":7}},"33":{"start":{"line":74,"column":25},"end":{"line":74,"column":46}},"34":{"start":{"line":75,"column":8},"end":{"line":75,"column":40}},"35":{"start":{"line":77,"column":8},"end":{"line":77,"column":63}},"36":{"start":{"line":80,"column":6},"end":{"line":95,"column":7}},"37":{"start":{"line":81,"column":21},"end":{"line":81,"column":40}},"38":{"start":{"line":83,"column":8},"end":{"line":85,"column":9}},"39":{"start":{"line":84,"column":10},"end":{"line":84,"column":51}},"40":{"start":{"line":87,"column":8},"end":{"line":87,"column":26}},"41":{"start":{"line":88,"column":8},"end":{"line":88,"column":30}},"42":{"start":{"line":91,"column":8},"end":{"line":91,"column":34}},"43":{"start":{"line":93,"column":8},"end":{"line":93,"column":30}},"44":{"start":{"line":94,"column":8},"end":{"line":94,"column":52}},"45":{"start":{"line":97,"column":6},"end":{"line":97,"column":27}},"46":{"start":{"line":98,"column":6},"end":{"line":98,"column":28}},"47":{"start":{"line":99,"column":6},"end":{"line":99,"column":54}},"48":{"start":{"line":103,"column":26},"end":{"line":107,"column":3}},"49":{"start":{"line":104,"column":17},"end":{"line":104,"column":30}},"50":{"start":{"line":105,"column":4},"end":{"line":105,"column":66}},"51":{"start":{"line":106,"column":4},"end":{"line":106,"column":58}},"52":{"start":{"line":109,"column":22},"end":{"line":111,"column":3}},"53":{"start":{"line":110,"column":4},"end":{"line":110,"column":25}},"54":{"start":{"line":113,"column":23},"end":{"line":117,"column":3}},"55":{"start":{"line":114,"column":4},"end":{"line":114,"column":12}},"56":{"start":{"line":115,"column":4},"end":{"line":115,"column":26}},"57":{"start":{"line":116,"column":4},"end":{"line":116,"column":30}},"58":{"start":{"line":119,"column":2},"end":{"line":121,"column":3}},"59":{"start":{"line":120,"column":4},"end":{"line":120,"column":16}},"60":{"start":{"line":123,"column":2},"end":{"line":262,"column":4}},"61":{"start":{"line":128,"column":25},"end":{"line":128,"column":38}},"62":{"start":{"line":184,"column":31},"end":{"line":184,"column":52}},"63":{"start":{"line":227,"column":33},"end":{"line":227,"column":54}}},"fnMap":{"0":{"name":"BackupScreen","decl":{"start":{"line":17,"column":24},"end":{"line":17,"column":36}},"loc":{"start":{"line":17,"column":39},"end":{"line":263,"column":1}},"line":17},"1":{"name":"(anonymous_1)","decl":{"start":{"line":22,"column":23},"end":{"line":22,"column":24}},"loc":{"start":{"line":22,"column":35},"end":{"line":52,"column":3}},"line":22},"2":{"name":"(anonymous_2)","decl":{"start":{"line":54,"column":23},"end":{"line":54,"column":24}},"loc":{"start":{"line":54,"column":35},"end":{"line":56,"column":3}},"line":54},"3":{"name":"(anonymous_3)","decl":{"start":{"line":58,"column":24},"end":{"line":58,"column":25}},"loc":{"start":{"line":58,"column":36},"end":{"line":101,"column":3}},"line":58},"4":{"name":"(anonymous_4)","decl":{"start":{"line":103,"column":26},"end":{"line":103,"column":27}},"loc":{"start":{"line":103,"column":38},"end":{"line":107,"column":3}},"line":103},"5":{"name":"(anonymous_5)","decl":{"start":{"line":109,"column":22},"end":{"line":109,"column":23}},"loc":{"start":{"line":109,"column":28},"end":{"line":111,"column":3}},"line":109},"6":{"name":"(anonymous_6)","decl":{"start":{"line":113,"column":23},"end":{"line":113,"column":24}},"loc":{"start":{"line":113,"column":29},"end":{"line":117,"column":3}},"line":113},"7":{"name":"(anonymous_7)","decl":{"start":{"line":128,"column":19},"end":{"line":128,"column":20}},"loc":{"start":{"line":128,"column":25},"end":{"line":128,"column":38}},"line":128},"8":{"name":"(anonymous_8)","decl":{"start":{"line":184,"column":25},"end":{"line":184,"column":26}},"loc":{"start":{"line":184,"column":31},"end":{"line":184,"column":52}},"line":184},"9":{"name":"(anonymous_9)","decl":{"start":{"line":227,"column":27},"end":{"line":227,"column":28}},"loc":{"start":{"line":227,"column":33},"end":{"line":227,"column":54}},"line":227}},"branchMap":{"0":{"loc":{"start":{"line":28,"column":6},"end":{"line":47,"column":7}},"type":"if","locations":[{"start":{"line":28,"column":6},"end":{"line":47,"column":7}},{"start":{"line":38,"column":13},"end":{"line":47,"column":7}}],"line":28},"1":{"loc":{"start":{"line":65,"column":6},"end":{"line":68,"column":7}},"type":"if","locations":[{"start":{"line":65,"column":6},"end":{"line":68,"column":7}},{"start":{},"end":{}}],"line":65},"2":{"loc":{"start":{"line":65,"column":10},"end":{"line":65,"column":46}},"type":"binary-expr","locations":[{"start":{"line":65,"column":10},"end":{"line":65,"column":25}},{"start":{"line":65,"column":29},"end":{"line":65,"column":46}}],"line":65},"3":{"loc":{"start":{"line":73,"column":6},"end":{"line":78,"column":7}},"type":"if","locations":[{"start":{"line":73,"column":6},"end":{"line":78,"column":7}},{"start":{"line":76,"column":13},"end":{"line":78,"column":7}}],"line":73},"4":{"loc":{"start":{"line":83,"column":8},"end":{"line":85,"column":9}},"type":"if","locations":[{"start":{"line":83,"column":8},"end":{"line":85,"column":9}},{"start":{},"end":{}}],"line":83},"5":{"loc":{"start":{"line":119,"column":2},"end":{"line":121,"column":3}},"type":"if","locations":[{"start":{"line":119,"column":2},"end":{"line":121,"column":3}},{"start":{},"end":{}}],"line":119},"6":{"loc":{"start":{"line":163,"column":9},"end":{"line":198,"column":17}},"type":"cond-expr","locations":[{"start":{"line":164,"column":10},"end":{"line":174,"column":22}},{"start":{"line":175,"column":10},"end":{"line":198,"column":17}}],"line":163},"7":{"loc":{"start":{"line":206,"column":11},"end":{"line":241,"column":19}},"type":"cond-expr","locations":[{"start":{"line":207,"column":12},"end":{"line":217,"column":24}},{"start":{"line":218,"column":12},"end":{"line":241,"column":19}}],"line":206}},"s":{"0":0,"1":0,"2":0,"3":0,"4":0,"5":0,"6":0,"7":0,"8":0,"9":0,"10":0,"11":0,"12":0,"13":0,"14":0,"15":0,"16":0,"17":0,"18":0,"19":0,"20":0,"21":0,"22":0,"23":0,"24":0,"25":0,"26":0,"27":0,"28":0,"29":0,"30":0,"31":0,"32":0,"33":0,"34":0,"35":0,"36":0,"37":0,"38":0,"39":0,"40":0,"41":0,"42":0,"43":0,"44":0,"45":0,"46":0,"47":0,"48":0,"49":0,"50":0,"51":0,"52":0,"53":0,"54":0,"55":0,"56":0,"57":0,"58":0,"59":0,"60":0,"61":0,"62":0,"63":0},"f":{"0":0,"1":0,"2":0,"3":0,"4":0,"5":0,"6":0,"7":0,"8":0,"9":0},"b":{"0":[0,0],"1":[0,0],"2":[0,0],"3":[0,0],"4":[0,0],"5":[0,0],"6":[0,0],"7":[0,0]}}
,"C:\\Users\\Billy\\OneDrive\\Desktop\\CodeProjects\\Mum_Finance\\app\\import.tsx": {"path":"C:\\Users\\Billy\\OneDrive\\Desktop\\CodeProjects\\Mum_Finance\\app\\import.tsx","statementMap":{"0":{"start":{"line":19,"column":4},"end":{"line":19,"column":17}},"1":{"start":{"line":20,"column":36},"end":{"line":20,"column":51}},"2":{"start":{"line":21,"column":30},"end":{"line":25,"column":17}},"3":{"start":{"line":27,"column":25},"end":{"line":99,"column":3}},"4":{"start":{"line":28,"column":4},"end":{"line":98,"column":5}},"5":{"start":{"line":29,"column":6},"end":{"line":29,"column":25}},"6":{"start":{"line":30,"column":6},"end":{"line":30,"column":22}},"7":{"start":{"line":33,"column":24},"end":{"line":36,"column":8}},"8":{"start":{"line":38,"column":6},"end":{"line":41,"column":7}},"9":{"start":{"line":39,"column":8},"end":{"line":39,"column":28}},"10":{"start":{"line":40,"column":8},"end":{"line":40,"column":15}},"11":{"start":{"line":43,"column":19},"end":{"line":43,"column":38}},"12":{"start":{"line":44,"column":6},"end":{"line":47,"column":7}},"13":{"start":{"line":45,"column":8},"end":{"line":45,"column":28}},"14":{"start":{"line":46,"column":8},"end":{"line":46,"column":15}},"15":{"start":{"line":52,"column":6},"end":{"line":59,"column":7}},"16":{"start":{"line":54,"column":25},"end":{"line":54,"column":46}},"17":{"start":{"line":55,"column":8},"end":{"line":55,"column":40}},"18":{"start":{"line":58,"column":8},"end":{"line":58,"column":63}},"19":{"start":{"line":62,"column":26},"end":{"line":62,"column":43}},"20":{"start":{"line":64,"column":6},"end":{"line":68,"column":7}},"21":{"start":{"line":65,"column":8},"end":{"line":65,"column":67}},"22":{"start":{"line":66,"column":8},"end":{"line":66,"column":28}},"23":{"start":{"line":67,"column":8},"end":{"line":67,"column":15}},"24":{"start":{"line":71,"column":6},"end":{"line":71,"column":48}},"25":{"start":{"line":74,"column":6},"end":{"line":74,"column":21}},"26":{"start":{"line":77,"column":6},"end":{"line":79,"column":7}},"27":{"start":{"line":78,"column":8},"end":{"line":78,"column":44}},"28":{"start":{"line":82,"column":20},"end":{"line":85,"column":7}},"29":{"start":{"line":83,"column":20},"end":{"line":83,"column":34}},"30":{"start":{"line":87,"column":6},"end":{"line":91,"column":9}},"31":{"start":{"line":93,"column":6},"end":{"line":93,"column":26}},"32":{"start":{"line":95,"column":6},"end":{"line":95,"column":44}},"33":{"start":{"line":96,"column":6},"end":{"line":96,"column":71}},"34":{"start":{"line":97,"column":6},"end":{"line":97,"column":26}},"35":{"start":{"line":101,"column":21},"end":{"line":103,"column":3}},"36":{"start":{"line":102,"column":4},"end":{"line":102,"column":18}},"37":{"start":{"line":105,"column":2},"end":{"line":238,"column":4}},"38":{"start":{"line":110,"column":25},"end":{"line":110,"column":38}},"39":{"start":{"line":133,"column":14},"end":{"line":142,"column":21}},"40":{"start":{"line":155,"column":12},"end":{"line":162,"column":19}}},"fnMap":{"0":{"name":"ImportScreen","decl":{"start":{"line":17,"column":24},"end":{"line":17,"column":36}},"loc":{"start":{"line":17,"column":39},"end":{"line":239,"column":1}},"line":17},"1":{"name":"(anonymous_1)","decl":{"start":{"line":27,"column":25},"end":{"line":27,"column":26}},"loc":{"start":{"line":27,"column":37},"end":{"line":99,"column":3}},"line":27},"2":{"name":"(anonymous_2)","decl":{"start":{"line":83,"column":8},"end":{"line":83,"column":9}},"loc":{"start":{"line":83,"column":20},"end":{"line":83,"column":34}},"line":83},"3":{"name":"(anonymous_3)","decl":{"start":{"line":101,"column":21},"end":{"line":101,"column":22}},"loc":{"start":{"line":101,"column":27},"end":{"line":103,"column":3}},"line":101},"4":{"name":"(anonymous_4)","decl":{"start":{"line":110,"column":19},"end":{"line":110,"column":20}},"loc":{"start":{"line":110,"column":25},"end":{"line":110,"column":38}},"line":110},"5":{"name":"(anonymous_5)","decl":{"start":{"line":132,"column":18},"end":{"line":132,"column":19}},"loc":{"start":{"line":133,"column":14},"end":{"line":142,"column":21}},"line":133},"6":{"name":"(anonymous_6)","decl":{"start":{"line":154,"column":64},"end":{"line":154,"column":65}},"loc":{"start":{"line":155,"column":12},"end":{"line":162,"column":19}},"line":155}},"branchMap":{"0":{"loc":{"start":{"line":38,"column":6},"end":{"line":41,"column":7}},"type":"if","locations":[{"start":{"line":38,"column":6},"end":{"line":41,"column":7}},{"start":{},"end":{}}],"line":38},"1":{"loc":{"start":{"line":44,"column":6},"end":{"line":47,"column":7}},"type":"if","locations":[{"start":{"line":44,"column":6},"end":{"line":47,"column":7}},{"start":{},"end":{}}],"line":44},"2":{"loc":{"start":{"line":52,"column":6},"end":{"line":59,"column":7}},"type":"if","locations":[{"start":{"line":52,"column":6},"end":{"line":59,"column":7}},{"start":{"line":56,"column":13},"end":{"line":59,"column":7}}],"line":52},"3":{"loc":{"start":{"line":64,"column":6},"end":{"line":68,"column":7}},"type":"if","locations":[{"start":{"line":64,"column":6},"end":{"line":68,"column":7}},{"start":{},"end":{}}],"line":64},"4":{"loc":{"start":{"line":77,"column":6},"end":{"line":79,"column":7}},"type":"if","locations":[{"start":{"line":77,"column":6},"end":{"line":79,"column":7}},{"start":{},"end":{}}],"line":77},"5":{"loc":{"start":{"line":173,"column":12},"end":{"line":175,"column":63}},"type":"cond-expr","locations":[{"start":{"line":174,"column":14},"end":{"line":174,"column":45}},{"start":{"line":175,"column":14},"end":{"line":175,"column":63}}],"line":173},"6":{"loc":{"start":{"line":179,"column":44},"end":{"line":179,"column":106}},"type":"cond-expr","locations":[{"start":{"line":179,"column":56},"end":{"line":179,"column":68}},{"start":{"line":179,"column":71},"end":{"line":179,"column":106}}],"line":179},"7":{"loc":{"start":{"line":181,"column":13},"end":{"line":181,"column":60}},"type":"cond-expr","locations":[{"start":{"line":181,"column":25},"end":{"line":181,"column":40}},{"start":{"line":181,"column":43},"end":{"line":181,"column":60}}],"line":181},"8":{"loc":{"start":{"line":187,"column":7},"end":{"line":228,"column":7}},"type":"binary-expr","locations":[{"start":{"line":187,"column":7},"end":{"line":187,"column":13}},{"start":{"line":188,"column":8},"end":{"line":227,"column":15}}],"line":187}},"s":{"0":14,"1":14,"2":14,"3":14,"4":2,"5":2,"6":2,"7":2,"8":2,"9":0,"10":0,"11":2,"12":2,"13":0,"14":0,"15":2,"16":0,"17":0,"18":2,"19":2,"20":2,"21":0,"22":0,"23":0,"24":2,"25":2,"26":2,"27":1,"28":2,"29":2,"30":2,"31":2,"32":0,"33":0,"34":0,"35":14,"36":0,"37":14,"38":0,"39":56,"40":70},"f":{"0":14,"1":2,"2":2,"3":0,"4":0,"5":56,"6":70},"b":{"0":[0,2],"1":[0,2],"2":[0,2],"3":[0,2],"4":[1,1],"5":[9,5],"6":[9,5],"7":[9,5],"8":[14,4]},"_coverageSchema":"1a1c01bbd47fc00a2c39e90264f33305004495a9","hash":"8f7d80d83eb6b2a3e025839a8e17e377e501ee00"}
,"C:\\Users\\Billy\\OneDrive\\Desktop\\CodeProjects\\Mum_Finance\\app\\(tabs)\\_layout.tsx": {"path":"C:\\Users\\Billy\\OneDrive\\Desktop\\CodeProjects\\Mum_Finance\\app\\(tabs)\\_layout.tsx","statementMap":{"0":{"start":{"line":6,"column":40},"end":{"line":11,"column":3}},"1":{"start":{"line":13,"column":2},"end":{"line":19,"column":4}},"2":{"start":{"line":23,"column":2},"end":{"line":95,"column":4}},"3":{"start":{"line":63,"column":12},"end":{"line":63,"column":53}},"4":{"start":{"line":72,"column":12},"end":{"line":72,"column":53}},"5":{"start":{"line":81,"column":12},"end":{"line":81,"column":57}},"6":{"start":{"line":90,"column":12},"end":{"line":90,"column":57}}},"fnMap":{"0":{"name":"TabIcon","decl":{"start":{"line":5,"column":9},"end":{"line":5,"column":16}},"loc":{"start":{"line":5,"column":72},"end":{"line":20,"column":1}},"line":5},"1":{"name":"TabLayout","decl":{"start":{"line":22,"column":24},"end":{"line":22,"column":33}},"loc":{"start":{"line":22,"column":36},"end":{"line":96,"column":1}},"line":22},"2":{"name":"(anonymous_2)","decl":{"start":{"line":62,"column":22},"end":{"line":62,"column":23}},"loc":{"start":{"line":63,"column":12},"end":{"line":63,"column":53}},"line":63},"3":{"name":"(anonymous_3)","decl":{"start":{"line":71,"column":22},"end":{"line":71,"column":23}},"loc":{"start":{"line":72,"column":12},"end":{"line":72,"column":53}},"line":72},"4":{"name":"(anonymous_4)","decl":{"start":{"line":80,"column":22},"end":{"line":80,"column":23}},"loc":{"start":{"line":81,"column":12},"end":{"line":81,"column":57}},"line":81},"5":{"name":"(anonymous_5)","decl":{"start":{"line":89,"column":22},"end":{"line":89,"column":23}},"loc":{"start":{"line":90,"column":12},"end":{"line":90,"column":57}},"line":90}},"branchMap":{"0":{"loc":{"start":{"line":15,"column":35},"end":{"line":15,"column":73}},"type":"cond-expr","locations":[{"start":{"line":15,"column":45},"end":{"line":15,"column":58}},{"start":{"line":15,"column":61},"end":{"line":15,"column":73}}],"line":15}},"s":{"0":0,"1":0,"2":0,"3":0,"4":0,"5":0,"6":0},"f":{"0":0,"1":0,"2":0,"3":0,"4":0,"5":0},"b":{"0":[0,0]}}
,"C:\\Users\\Billy\\OneDrive\\Desktop\\CodeProjects\\Mum_Finance\\app\\(tabs)\\calendar.tsx": {"path":"C:\\Users\\Billy\\OneDrive\\Desktop\\CodeProjects\\Mum_Finance\\app\\(tabs)\\calendar.tsx","statementMap":{"0":{"start":{"line":16,"column":54},"end":{"line":16,"column":67}},"1":{"start":{"line":19,"column":28},"end":{"line":22,"column":34}},"2":{"start":{"line":20,"column":4},"end":{"line":20,"column":33}},"3":{"start":{"line":20,"column":23},"end":{"line":20,"column":33}},"4":{"start":{"line":21,"column":4},"end":{"line":21,"column":41}},"5":{"start":{"line":25,"column":24},"end":{"line":70,"column":38}},"6":{"start":{"line":26,"column":4},"end":{"line":26,"column":33}},"7":{"start":{"line":26,"column":23},"end":{"line":26,"column":33}},"8":{"start":{"line":27,"column":18},"end":{"line":27,"column":28}},"9":{"start":{"line":28,"column":20},"end":{"line":28,"column":38}},"10":{"start":{"line":29,"column":34},"end":{"line":29,"column":36}},"11":{"start":{"line":30,"column":25},"end":{"line":30,"column":36}},"12":{"start":{"line":32,"column":4},"end":{"line":58,"column":7}},"13":{"start":{"line":34,"column":28},"end":{"line":38,"column":7}},"14":{"start":{"line":39,"column":20},"end":{"line":39,"column":33}},"15":{"start":{"line":41,"column":6},"end":{"line":48,"column":7}},"16":{"start":{"line":43,"column":8},"end":{"line":47,"column":10}},"17":{"start":{"line":50,"column":6},"end":{"line":57,"column":7}},"18":{"start":{"line":51,"column":8},"end":{"line":56,"column":11}},"19":{"start":{"line":61,"column":4},"end":{"line":61,"column":68}},"20":{"start":{"line":61,"column":25},"end":{"line":61,"column":66}},"21":{"start":{"line":64,"column":4},"end":{"line":67,"column":7}},"22":{"start":{"line":65,"column":6},"end":{"line":65,"column":36}},"23":{"start":{"line":66,"column":6},"end":{"line":66,"column":45}},"24":{"start":{"line":69,"column":4},"end":{"line":69,"column":17}},"25":{"start":{"line":73,"column":22},"end":{"line":95,"column":21}},"26":{"start":{"line":74,"column":50},"end":{"line":78,"column":5}},"27":{"start":{"line":80,"column":18},"end":{"line":80,"column":28}},"28":{"start":{"line":81,"column":20},"end":{"line":81,"column":37}},"29":{"start":{"line":82,"column":21},"end":{"line":82,"column":39}},"30":{"start":{"line":84,"column":4},"end":{"line":92,"column":7}},"31":{"start":{"line":85,"column":6},"end":{"line":91,"column":7}},"32":{"start":{"line":86,"column":8},"end":{"line":86,"column":38}},"33":{"start":{"line":87,"column":13},"end":{"line":91,"column":7}},"34":{"start":{"line":88,"column":8},"end":{"line":88,"column":38}},"35":{"start":{"line":90,"column":8},"end":{"line":90,"column":45}},"36":{"start":{"line":94,"column":4},"end":{"line":94,"column":74}},"37":{"start":{"line":94,"column":56},"end":{"line":94,"column":72}},"38":{"start":{"line":97,"column":2},"end":{"line":195,"column":4}},"39":{"start":{"line":124,"column":10},"end":{"line":176,"column":17}},"40":{"start":{"line":132,"column":16},"end":{"line":173,"column":23}}},"fnMap":{"0":{"name":"CalendarScreen","decl":{"start":{"line":15,"column":24},"end":{"line":15,"column":38}},"loc":{"start":{"line":15,"column":41},"end":{"line":196,"column":1}},"line":15},"1":{"name":"(anonymous_1)","decl":{"start":{"line":19,"column":36},"end":{"line":19,"column":37}},"loc":{"start":{"line":19,"column":42},"end":{"line":22,"column":3}},"line":19},"2":{"name":"(anonymous_2)","decl":{"start":{"line":25,"column":32},"end":{"line":25,"column":33}},"loc":{"start":{"line":25,"column":38},"end":{"line":70,"column":3}},"line":25},"3":{"name":"(anonymous_3)","decl":{"start":{"line":32,"column":30},"end":{"line":32,"column":31}},"loc":{"start":{"line":32,"column":43},"end":{"line":58,"column":5}},"line":32},"4":{"name":"(anonymous_4)","decl":{"start":{"line":61,"column":15},"end":{"line":61,"column":16}},"loc":{"start":{"line":61,"column":25},"end":{"line":61,"column":66}},"line":61},"5":{"name":"(anonymous_5)","decl":{"start":{"line":64,"column":18},"end":{"line":64,"column":19}},"loc":{"start":{"line":64,"column":28},"end":{"line":67,"column":5}},"line":64},"6":{"name":"(anonymous_6)","decl":{"start":{"line":73,"column":30},"end":{"line":73,"column":31}},"loc":{"start":{"line":73,"column":36},"end":{"line":95,"column":3}},"line":73},"7":{"name":"(anonymous_7)","decl":{"start":{"line":84,"column":26},"end":{"line":84,"column":27}},"loc":{"start":{"line":84,"column":36},"end":{"line":92,"column":5}},"line":84},"8":{"name":"(anonymous_8)","decl":{"start":{"line":94,"column":40},"end":{"line":94,"column":41}},"loc":{"start":{"line":94,"column":56},"end":{"line":94,"column":72}},"line":94},"9":{"name":"(anonymous_9)","decl":{"start":{"line":123,"column":25},"end":{"line":123,"column":26}},"loc":{"start":{"line":124,"column":10},"end":{"line":176,"column":17}},"line":124},"10":{"name":"(anonymous_10)","decl":{"start":{"line":131,"column":25},"end":{"line":131,"column":26}},"loc":{"start":{"line":132,"column":16},"end":{"line":173,"column":23}},"line":132}},"branchMap":{"0":{"loc":{"start":{"line":20,"column":4},"end":{"line":20,"column":33}},"type":"if","locations":[{"start":{"line":20,"column":4},"end":{"line":20,"column":33}},{"start":{},"end":{}}],"line":20},"1":{"loc":{"start":{"line":26,"column":4},"end":{"line":26,"column":33}},"type":"if","locations":[{"start":{"line":26,"column":4},"end":{"line":26,"column":33}},{"start":{},"end":{}}],"line":26},"2":{"loc":{"start":{"line":41,"column":6},"end":{"line":48,"column":7}},"type":"if","locations":[{"start":{"line":41,"column":6},"end":{"line":48,"column":7}},{"start":{},"end":{}}],"line":41},"3":{"loc":{"start":{"line":50,"column":6},"end":{"line":57,"column":7}},"type":"if","locations":[{"start":{"line":50,"column":6},"end":{"line":57,"column":7}},{"start":{},"end":{}}],"line":50},"4":{"loc":{"start":{"line":50,"column":10},"end":{"line":50,"column":63}},"type":"binary-expr","locations":[{"start":{"line":50,"column":10},"end":{"line":50,"column":36}},{"start":{"line":50,"column":40},"end":{"line":50,"column":63}}],"line":50},"5":{"loc":{"start":{"line":85,"column":6},"end":{"line":91,"column":7}},"type":"if","locations":[{"start":{"line":85,"column":6},"end":{"line":91,"column":7}},{"start":{"line":87,"column":13},"end":{"line":91,"column":7}}],"line":85},"6":{"loc":{"start":{"line":87,"column":13},"end":{"line":91,"column":7}},"type":"if","locations":[{"start":{"line":87,"column":13},"end":{"line":91,"column":7}},{"start":{"line":89,"column":13},"end":{"line":91,"column":7}}],"line":87},"7":{"loc":{"start":{"line":135,"column":20},"end":{"line":137,"column":24}},"type":"cond-expr","locations":[{"start":{"line":136,"column":22},"end":{"line":136,"column":70}},{"start":{"line":137,"column":22},"end":{"line":137,"column":24}}],"line":135},"8":{"loc":{"start":{"line":155,"column":26},"end":{"line":157,"column":61}},"type":"cond-expr","locations":[{"start":{"line":156,"column":28},"end":{"line":156,"column":43}},{"start":{"line":157,"column":28},"end":{"line":157,"column":61}}],"line":155},"9":{"loc":{"start":{"line":166,"column":19},"end":{"line":172,"column":19}},"type":"binary-expr","locations":[{"start":{"line":166,"column":19},"end":{"line":166,"column":44}},{"start":{"line":167,"column":20},"end":{"line":171,"column":27}}],"line":166},"10":{"loc":{"start":{"line":180,"column":9},"end":{"line":189,"column":9}},"type":"binary-expr","locations":[{"start":{"line":180,"column":9},"end":{"line":180,"column":35}},{"start":{"line":181,"column":10},"end":{"line":188,"column":17}}],"line":180}},"s":{"0":0,"1":0,"2":0,"3":0,"4":0,"5":0,"6":0,"7":0,"8":0,"9":0,"10":0,"11":0,"12":0,"13":0,"14":0,"15":0,"16":0,"17":0,"18":0,"19":0,"20":0,"21":0,"22":0,"23":0,"24":0,"25":0,"26":0,"27":0,"28":0,"29":0,"30":0,"31":0,"32":0,"33":0,"34":0,"35":0,"36":0,"37":0,"38":0,"39":0,"40":0},"f":{"0":0,"1":0,"2":0,"3":0,"4":0,"5":0,"6":0,"7":0,"8":0,"9":0,"10":0},"b":{"0":[0,0],"1":[0,0],"2":[0,0],"3":[0,0],"4":[0,0],"5":[0,0],"6":[0,0],"7":[0,0],"8":[0,0],"9":[0,0],"10":[0,0]}}
,"C:\\Users\\Billy\\OneDrive\\Desktop\\CodeProjects\\Mum_Finance\\app\\(tabs)\\index.tsx": {"path":"C:\\Users\\Billy\\OneDrive\\Desktop\\CodeProjects\\Mum_Finance\\app\\(tabs)\\index.tsx","statementMap":{"0":{"start":{"line":27,"column":6},"end":{"line":27,"column":19}},"1":{"start":{"line":28,"column":60},"end":{"line":28,"column":75}},"2":{"start":{"line":29,"column":46},"end":{"line":29,"column":78}},"3":{"start":{"line":30,"column":58},"end":{"line":30,"column":73}},"4":{"start":{"line":33,"column":2},"end":{"line":40,"column":21}},"5":{"start":{"line":34,"column":4},"end":{"line":39,"column":5}},"6":{"start":{"line":35,"column":19},"end":{"line":37,"column":8}},"7":{"start":{"line":36,"column":8},"end":{"line":36,"column":38}},"8":{"start":{"line":38,"column":6},"end":{"line":38,"column":33}},"9":{"start":{"line":38,"column":19},"end":{"line":38,"column":32}},"10":{"start":{"line":42,"column":27},"end":{"line":45,"column":3}},"11":{"start":{"line":43,"column":4},"end":{"line":43,"column":46}},"12":{"start":{"line":44,"column":4},"end":{"line":44,"column":35}},"13":{"start":{"line":47,"column":22},"end":{"line":53,"column":3}},"14":{"start":{"line":48,"column":16},"end":{"line":48,"column":49}},"15":{"start":{"line":49,"column":4},"end":{"line":51,"column":5}},"16":{"start":{"line":50,"column":6},"end":{"line":50,"column":26}},"17":{"start":{"line":52,"column":4},"end":{"line":52,"column":36}},"18":{"start":{"line":56,"column":28},"end":{"line":59,"column":42}},"19":{"start":{"line":57,"column":4},"end":{"line":57,"column":41}},"20":{"start":{"line":57,"column":31},"end":{"line":57,"column":41}},"21":{"start":{"line":58,"column":4},"end":{"line":58,"column":41}},"22":{"start":{"line":61,"column":41},"end":{"line":69,"column":90}},"23":{"start":{"line":62,"column":4},"end":{"line":62,"column":86}},"24":{"start":{"line":62,"column":31},"end":{"line":62,"column":86}},"25":{"start":{"line":63,"column":4},"end":{"line":68,"column":6}},"26":{"start":{"line":72,"column":36},"end":{"line":75,"column":42}},"27":{"start":{"line":73,"column":4},"end":{"line":73,"column":51}},"28":{"start":{"line":73,"column":31},"end":{"line":73,"column":51}},"29":{"start":{"line":74,"column":4},"end":{"line":74,"column":49}},"30":{"start":{"line":78,"column":37},"end":{"line":81,"column":42}},"31":{"start":{"line":79,"column":4},"end":{"line":79,"column":51}},"32":{"start":{"line":79,"column":31},"end":{"line":79,"column":51}},"33":{"start":{"line":80,"column":4},"end":{"line":80,"column":42}},"34":{"start":{"line":83,"column":21},"end":{"line":83,"column":37}},"35":{"start":{"line":85,"column":2},"end":{"line":91,"column":3}},"36":{"start":{"line":86,"column":4},"end":{"line":90,"column":6}},"37":{"start":{"line":93,"column":2},"end":{"line":330,"column":4}},"38":{"start":{"line":229,"column":16},"end":{"line":244,"column":23}},"39":{"start":{"line":283,"column":30},"end":{"line":283,"column":61}},"40":{"start":{"line":310,"column":31},"end":{"line":310,"column":62}}},"fnMap":{"0":{"name":"DashboardScreen","decl":{"start":{"line":20,"column":24},"end":{"line":20,"column":39}},"loc":{"start":{"line":20,"column":42},"end":{"line":331,"column":1}},"line":20},"1":{"name":"(anonymous_1)","decl":{"start":{"line":33,"column":12},"end":{"line":33,"column":13}},"loc":{"start":{"line":33,"column":18},"end":{"line":40,"column":3}},"line":33},"2":{"name":"(anonymous_2)","decl":{"start":{"line":35,"column":59},"end":{"line":35,"column":60}},"loc":{"start":{"line":35,"column":65},"end":{"line":37,"column":7}},"line":35},"3":{"name":"(anonymous_3)","decl":{"start":{"line":38,"column":13},"end":{"line":38,"column":14}},"loc":{"start":{"line":38,"column":19},"end":{"line":38,"column":32}},"line":38},"4":{"name":"(anonymous_4)","decl":{"start":{"line":42,"column":27},"end":{"line":42,"column":28}},"loc":{"start":{"line":42,"column":33},"end":{"line":45,"column":3}},"line":42},"5":{"name":"(anonymous_5)","decl":{"start":{"line":47,"column":22},"end":{"line":47,"column":23}},"loc":{"start":{"line":47,"column":28},"end":{"line":53,"column":3}},"line":47},"6":{"name":"(anonymous_6)","decl":{"start":{"line":56,"column":36},"end":{"line":56,"column":37}},"loc":{"start":{"line":56,"column":42},"end":{"line":59,"column":3}},"line":56},"7":{"name":"(anonymous_7)","decl":{"start":{"line":61,"column":49},"end":{"line":61,"column":50}},"loc":{"start":{"line":61,"column":55},"end":{"line":69,"column":3}},"line":61},"8":{"name":"(anonymous_8)","decl":{"start":{"line":72,"column":44},"end":{"line":72,"column":45}},"loc":{"start":{"line":72,"column":50},"end":{"line":75,"column":3}},"line":72},"9":{"name":"(anonymous_9)","decl":{"start":{"line":78,"column":45},"end":{"line":78,"column":46}},"loc":{"start":{"line":78,"column":51},"end":{"line":81,"column":3}},"line":78},"10":{"name":"(anonymous_10)","decl":{"start":{"line":228,"column":45},"end":{"line":228,"column":46}},"loc":{"start":{"line":229,"column":16},"end":{"line":244,"column":23}},"line":229},"11":{"name":"(anonymous_11)","decl":{"start":{"line":283,"column":24},"end":{"line":283,"column":25}},"loc":{"start":{"line":283,"column":30},"end":{"line":283,"column":61}},"line":283},"12":{"name":"(anonymous_12)","decl":{"start":{"line":310,"column":25},"end":{"line":310,"column":26}},"loc":{"start":{"line":310,"column":31},"end":{"line":310,"column":62}},"line":310}},"branchMap":{"0":{"loc":{"start":{"line":34,"column":4},"end":{"line":39,"column":5}},"type":"if","locations":[{"start":{"line":34,"column":4},"end":{"line":39,"column":5}},{"start":{},"end":{}}],"line":34},"1":{"loc":{"start":{"line":48,"column":27},"end":{"line":48,"column":48}},"type":"binary-expr","locations":[{"start":{"line":48,"column":27},"end":{"line":48,"column":41}},{"start":{"line":48,"column":45},"end":{"line":48,"column":48}}],"line":48},"2":{"loc":{"start":{"line":49,"column":4},"end":{"line":51,"column":5}},"type":"if","locations":[{"start":{"line":49,"column":4},"end":{"line":51,"column":5}},{"start":{},"end":{}}],"line":49},"3":{"loc":{"start":{"line":57,"column":4},"end":{"line":57,"column":41}},"type":"if","locations":[{"start":{"line":57,"column":4},"end":{"line":57,"column":41}},{"start":{},"end":{}}],"line":57},"4":{"loc":{"start":{"line":62,"column":4},"end":{"line":62,"column":86}},"type":"if","locations":[{"start":{"line":62,"column":4},"end":{"line":62,"column":86}},{"start":{},"end":{}}],"line":62},"5":{"loc":{"start":{"line":73,"column":4},"end":{"line":73,"column":51}},"type":"if","locations":[{"start":{"line":73,"column":4},"end":{"line":73,"column":51}},{"start":{},"end":{}}],"line":73},"6":{"loc":{"start":{"line":79,"column":4},"end":{"line":79,"column":51}},"type":"if","locations":[{"start":{"line":79,"column":4},"end":{"line":79,"column":51}},{"start":{},"end":{}}],"line":79},"7":{"loc":{"start":{"line":85,"column":2},"end":{"line":91,"column":3}},"type":"if","locations":[{"start":{"line":85,"column":2},"end":{"line":91,"column":3}},{"start":{},"end":{}}],"line":85},"8":{"loc":{"start":{"line":127,"column":12},"end":{"line":127,"column":58}},"type":"cond-expr","locations":[{"start":{"line":127,"column":25},"end":{"line":127,"column":40}},{"start":{"line":127,"column":43},"end":{"line":127,"column":58}}],"line":127},"9":{"loc":{"start":{"line":195,"column":11},"end":{"line":210,"column":11}},"type":"binary-expr","locations":[{"start":{"line":195,"column":11},"end":{"line":195,"column":30}},{"start":{"line":196,"column":12},"end":{"line":209,"column":19}}],"line":195},"10":{"loc":{"start":{"line":214,"column":9},"end":{"line":256,"column":9}},"type":"binary-expr","locations":[{"start":{"line":214,"column":9},"end":{"line":214,"column":33}},{"start":{"line":215,"column":10},"end":{"line":255,"column":17}}],"line":214},"11":{"loc":{"start":{"line":248,"column":13},"end":{"line":254,"column":13}},"type":"binary-expr","locations":[{"start":{"line":248,"column":13},"end":{"line":248,"column":37}},{"start":{"line":249,"column":14},"end":{"line":253,"column":26}}],"line":248},"12":{"loc":{"start":{"line":259,"column":9},"end":{"line":272,"column":9}},"type":"binary-expr","locations":[{"start":{"line":259,"column":9},"end":{"line":259,"column":34}},{"start":{"line":260,"column":10},"end":{"line":271,"column":17}}],"line":259}},"s":{"0":8,"1":7,"2":7,"3":7,"4":7,"5":2,"6":2,"7":2,"8":2,"9":2,"10":7,"11":1,"12":1,"13":7,"14":1,"15":1,"16":1,"17":1,"18":7,"19":4,"20":2,"21":2,"22":7,"23":5,"24":3,"25":2,"26":7,"27":4,"28":2,"29":2,"30":7,"31":4,"32":2,"33":2,"34":7,"35":7,"36":0,"37":7,"38":0,"39":0,"40":0},"f":{"0":8,"1":2,"2":2,"3":2,"4":1,"5":1,"6":4,"7":5,"8":4,"9":4,"10":0,"11":0,"12":0},"b":{"0":[2,0],"1":[1,0],"2":[1,0],"3":[2,2],"4":[3,2],"5":[2,2],"6":[2,2],"7":[0,7],"8":[7,0],"9":[7,0],"10":[7,0],"11":[0,0],"12":[7,7]},"_coverageSchema":"1a1c01bbd47fc00a2c39e90264f33305004495a9","hash":"8acbadfcf48acb2fe37cead639a2ca20e8e5dbc8"}
,"C:\\Users\\Billy\\OneDrive\\Desktop\\CodeProjects\\Mum_Finance\\app\\(tabs)\\insights.tsx": {"path":"C:\\Users\\Billy\\OneDrive\\Desktop\\CodeProjects\\Mum_Finance\\app\\(tabs)\\insights.tsx","statementMap":{"0":{"start":{"line":11,"column":41},"end":{"line":11,"column":54}},"1":{"start":{"line":14,"column":22},"end":{"line":17,"column":34}},"2":{"start":{"line":15,"column":4},"end":{"line":15,"column":64}},"3":{"start":{"line":15,"column":23},"end":{"line":15,"column":64}},"4":{"start":{"line":16,"column":4},"end":{"line":16,"column":49}},"5":{"start":{"line":20,"column":24},"end":{"line":23,"column":34}},"6":{"start":{"line":21,"column":4},"end":{"line":21,"column":61}},"7":{"start":{"line":21,"column":23},"end":{"line":21,"column":61}},"8":{"start":{"line":22,"column":4},"end":{"line":22,"column":42}},"9":{"start":{"line":26,"column":24},"end":{"line":29,"column":34}},"10":{"start":{"line":27,"column":4},"end":{"line":27,"column":33}},"11":{"start":{"line":27,"column":23},"end":{"line":27,"column":33}},"12":{"start":{"line":28,"column":4},"end":{"line":28,"column":45}},"13":{"start":{"line":32,"column":23},"end":{"line":54,"column":20}},"14":{"start":{"line":33,"column":4},"end":{"line":33,"column":33}},"15":{"start":{"line":33,"column":23},"end":{"line":33,"column":33}},"16":{"start":{"line":34,"column":55},"end":{"line":34,"column":57}},"17":{"start":{"line":35,"column":16},"end":{"line":35,"column":26}},"18":{"start":{"line":37,"column":4},"end":{"line":51,"column":5}},"19":{"start":{"line":37,"column":17},"end":{"line":37,"column":19}},"20":{"start":{"line":38,"column":24},"end":{"line":38,"column":41}},"21":{"start":{"line":39,"column":23},"end":{"line":39,"column":62}},"22":{"start":{"line":40,"column":24},"end":{"line":45,"column":7}},"23":{"start":{"line":42,"column":10},"end":{"line":44,"column":22}},"24":{"start":{"line":46,"column":20},"end":{"line":46,"column":77}},"25":{"start":{"line":46,"column":49},"end":{"line":46,"column":73}},"26":{"start":{"line":47,"column":6},"end":{"line":50,"column":9}},"27":{"start":{"line":53,"column":4},"end":{"line":53,"column":18}},"28":{"start":{"line":56,"column":21},"end":{"line":56,"column":69}},"29":{"start":{"line":56,"column":57},"end":{"line":56,"column":64}},"30":{"start":{"line":58,"column":2},"end":{"line":189,"column":4}},"31":{"start":{"line":116,"column":14},"end":{"line":143,"column":21}},"32":{"start":{"line":160,"column":14},"end":{"line":168,"column":21}},"33":{"start":{"line":175,"column":14},"end":{"line":180,"column":21}}},"fnMap":{"0":{"name":"InsightsScreen","decl":{"start":{"line":10,"column":24},"end":{"line":10,"column":38}},"loc":{"start":{"line":10,"column":41},"end":{"line":190,"column":1}},"line":10},"1":{"name":"(anonymous_1)","decl":{"start":{"line":14,"column":30},"end":{"line":14,"column":31}},"loc":{"start":{"line":14,"column":36},"end":{"line":17,"column":3}},"line":14},"2":{"name":"(anonymous_2)","decl":{"start":{"line":20,"column":32},"end":{"line":20,"column":33}},"loc":{"start":{"line":20,"column":38},"end":{"line":23,"column":3}},"line":20},"3":{"name":"(anonymous_3)","decl":{"start":{"line":26,"column":32},"end":{"line":26,"column":33}},"loc":{"start":{"line":26,"column":38},"end":{"line":29,"column":3}},"line":26},"4":{"name":"(anonymous_4)","decl":{"start":{"line":32,"column":31},"end":{"line":32,"column":32}},"loc":{"start":{"line":32,"column":37},"end":{"line":54,"column":3}},"line":32},"5":{"name":"(anonymous_5)","decl":{"start":{"line":41,"column":8},"end":{"line":41,"column":9}},"loc":{"start":{"line":42,"column":10},"end":{"line":44,"column":22}},"line":42},"6":{"name":"(anonymous_6)","decl":{"start":{"line":46,"column":37},"end":{"line":46,"column":38}},"loc":{"start":{"line":46,"column":49},"end":{"line":46,"column":73}},"line":46},"7":{"name":"(anonymous_7)","decl":{"start":{"line":56,"column":50},"end":{"line":56,"column":51}},"loc":{"start":{"line":56,"column":57},"end":{"line":56,"column":64}},"line":56},"8":{"name":"(anonymous_8)","decl":{"start":{"line":115,"column":30},"end":{"line":115,"column":31}},"loc":{"start":{"line":116,"column":14},"end":{"line":143,"column":21}},"line":116},"9":{"name":"(anonymous_9)","decl":{"start":{"line":159,"column":30},"end":{"line":159,"column":31}},"loc":{"start":{"line":160,"column":14},"end":{"line":168,"column":21}},"line":160},"10":{"name":"(anonymous_10)","decl":{"start":{"line":174,"column":30},"end":{"line":174,"column":31}},"loc":{"start":{"line":175,"column":14},"end":{"line":180,"column":21}},"line":175}},"branchMap":{"0":{"loc":{"start":{"line":15,"column":4},"end":{"line":15,"column":64}},"type":"if","locations":[{"start":{"line":15,"column":4},"end":{"line":15,"column":64}},{"start":{},"end":{}}],"line":15},"1":{"loc":{"start":{"line":21,"column":4},"end":{"line":21,"column":61}},"type":"if","locations":[{"start":{"line":21,"column":4},"end":{"line":21,"column":61}},{"start":{},"end":{}}],"line":21},"2":{"loc":{"start":{"line":27,"column":4},"end":{"line":27,"column":33}},"type":"if","locations":[{"start":{"line":27,"column":4},"end":{"line":27,"column":33}},{"start":{},"end":{}}],"line":27},"3":{"loc":{"start":{"line":33,"column":4},"end":{"line":33,"column":33}},"type":"if","locations":[{"start":{"line":33,"column":4},"end":{"line":33,"column":33}},{"start":{},"end":{}}],"line":33},"4":{"loc":{"start":{"line":42,"column":10},"end":{"line":44,"column":22}},"type":"binary-expr","locations":[{"start":{"line":42,"column":10},"end":{"line":42,"column":37}},{"start":{"line":43,"column":10},"end":{"line":43,"column":53}},{"start":{"line":44,"column":10},"end":{"line":44,"column":22}}],"line":42},"5":{"loc":{"start":{"line":109,"column":11},"end":{"line":144,"column":14}},"type":"cond-expr","locations":[{"start":{"line":110,"column":12},"end":{"line":114,"column":19}},{"start":{"line":115,"column":12},"end":{"line":144,"column":14}}],"line":109},"6":{"loc":{"start":{"line":119,"column":18},"end":{"line":121,"column":22}},"type":"cond-expr","locations":[{"start":{"line":120,"column":20},"end":{"line":120,"column":68}},{"start":{"line":121,"column":20},"end":{"line":121,"column":22}}],"line":119},"7":{"loc":{"start":{"line":128,"column":19},"end":{"line":132,"column":19}},"type":"binary-expr","locations":[{"start":{"line":128,"column":19},"end":{"line":128,"column":37}},{"start":{"line":128,"column":41},"end":{"line":128,"column":59}},{"start":{"line":129,"column":20},"end":{"line":131,"column":27}}],"line":128},"8":{"loc":{"start":{"line":136,"column":20},"end":{"line":138,"column":21}},"type":"cond-expr","locations":[{"start":{"line":136,"column":41},"end":{"line":136,"column":56}},{"start":{"line":137,"column":22},"end":{"line":137,"column":57}}],"line":136},"9":{"loc":{"start":{"line":165,"column":31},"end":{"line":165,"column":54}},"type":"cond-expr","locations":[{"start":{"line":165,"column":49},"end":{"line":165,"column":50}},{"start":{"line":165,"column":53},"end":{"line":165,"column":54}}],"line":165},"10":{"loc":{"start":{"line":179,"column":17},"end":{"line":179,"column":51}},"type":"cond-expr","locations":[{"start":{"line":179,"column":35},"end":{"line":179,"column":46}},{"start":{"line":179,"column":49},"end":{"line":179,"column":51}}],"line":179}},"s":{"0":0,"1":0,"2":0,"3":0,"4":0,"5":0,"6":0,"7":0,"8":0,"9":0,"10":0,"11":0,"12":0,"13":0,"14":0,"15":0,"16":0,"17":0,"18":0,"19":0,"20":0,"21":0,"22":0,"23":0,"24":0,"25":0,"26":0,"27":0,"28":0,"29":0,"30":0,"31":0,"32":0,"33":0},"f":{"0":0,"1":0,"2":0,"3":0,"4":0,"5":0,"6":0,"7":0,"8":0,"9":0,"10":0},"b":{"0":[0,0],"1":[0,0],"2":[0,0],"3":[0,0],"4":[0,0,0],"5":[0,0],"6":[0,0],"7":[0,0,0],"8":[0,0],"9":[0,0],"10":[0,0]}}
,"C:\\Users\\Billy\\OneDrive\\Desktop\\CodeProjects\\Mum_Finance\\app\\(tabs)\\transactions.tsx": {"path":"C:\\Users\\Billy\\OneDrive\\Desktop\\CodeProjects\\Mum_Finance\\app\\(tabs)\\transactions.tsx","statementMap":{"0":{"start":{"line":34,"column":6},"end":{"line":34,"column":19}},"1":{"start":{"line":35,"column":40},"end":{"line":35,"column":52}},"2":{"start":{"line":36,"column":40},"end":{"line":36,"column":74}},"3":{"start":{"line":37,"column":40},"end":{"line":37,"column":55}},"4":{"start":{"line":38,"column":40},"end":{"line":38,"column":55}},"5":{"start":{"line":39,"column":38},"end":{"line":39,"column":53}},"6":{"start":{"line":42,"column":31},"end":{"line":50,"column":33}},"7":{"start":{"line":43,"column":4},"end":{"line":43,"column":49}},"8":{"start":{"line":43,"column":29},"end":{"line":43,"column":49}},"9":{"start":{"line":44,"column":18},"end":{"line":44,"column":43}},"10":{"start":{"line":45,"column":4},"end":{"line":49,"column":6}},"11":{"start":{"line":47,"column":8},"end":{"line":48,"column":50}},"12":{"start":{"line":53,"column":30},"end":{"line":61,"column":28}},"13":{"start":{"line":54,"column":56},"end":{"line":54,"column":58}},"14":{"start":{"line":55,"column":4},"end":{"line":59,"column":7}},"15":{"start":{"line":56,"column":23},"end":{"line":56,"column":47}},"16":{"start":{"line":57,"column":6},"end":{"line":57,"column":51}},"17":{"start":{"line":57,"column":29},"end":{"line":57,"column":51}},"18":{"start":{"line":58,"column":6},"end":{"line":58,"column":33}},"19":{"start":{"line":60,"column":4},"end":{"line":60,"column":73}},"20":{"start":{"line":60,"column":53},"end":{"line":60,"column":71}},"21":{"start":{"line":63,"column":27},"end":{"line":94,"column":3}},"22":{"start":{"line":64,"column":4},"end":{"line":64,"column":29}},"23":{"start":{"line":64,"column":22},"end":{"line":64,"column":29}},"24":{"start":{"line":69,"column":6},"end":{"line":70,"column":46}},"25":{"start":{"line":72,"column":27},"end":{"line":72,"column":72}},"26":{"start":{"line":75,"column":4},"end":{"line":75,"column":35}},"27":{"start":{"line":78,"column":4},"end":{"line":78,"column":81}},"28":{"start":{"line":81,"column":4},"end":{"line":90,"column":5}},"29":{"start":{"line":82,"column":22},"end":{"line":82,"column":61}},"30":{"start":{"line":83,"column":6},"end":{"line":87,"column":9}},"31":{"start":{"line":89,"column":6},"end":{"line":89,"column":21}},"32":{"start":{"line":93,"column":4},"end":{"line":93,"column":78}},"33":{"start":{"line":96,"column":23},"end":{"line":99,"column":3}},"34":{"start":{"line":97,"column":4},"end":{"line":97,"column":29}},"35":{"start":{"line":97,"column":22},"end":{"line":97,"column":29}},"36":{"start":{"line":98,"column":4},"end":{"line":98,"column":24}},"37":{"start":{"line":101,"column":24},"end":{"line":106,"column":3}},"38":{"start":{"line":102,"column":4},"end":{"line":102,"column":29}},"39":{"start":{"line":102,"column":22},"end":{"line":102,"column":29}},"40":{"start":{"line":103,"column":4},"end":{"line":103,"column":38}},"41":{"start":{"line":104,"column":4},"end":{"line":104,"column":25}},"42":{"start":{"line":105,"column":4},"end":{"line":105,"column":25}},"43":{"start":{"line":108,"column":2},"end":{"line":399,"column":4}},"44":{"start":{"line":135,"column":53},"end":{"line":135,"column":61}},"45":{"start":{"line":138,"column":10},"end":{"line":224,"column":17}},"46":{"start":{"line":150,"column":16},"end":{"line":221,"column":28}},"47":{"start":{"line":153,"column":20},"end":{"line":153,"column":40}},"48":{"start":{"line":154,"column":20},"end":{"line":154,"column":52}},"49":{"start":{"line":239,"column":30},"end":{"line":239,"column":50}},"50":{"start":{"line":278,"column":35},"end":{"line":278,"column":55}},"51":{"start":{"line":306,"column":22},"end":{"line":306,"column":44}},"52":{"start":{"line":307,"column":22},"end":{"line":310,"column":23}},"53":{"start":{"line":308,"column":24},"end":{"line":308,"column":82}},"54":{"start":{"line":309,"column":24},"end":{"line":309,"column":79}},"55":{"start":{"line":328,"column":22},"end":{"line":328,"column":44}},"56":{"start":{"line":330,"column":22},"end":{"line":346,"column":23}},"57":{"start":{"line":335,"column":40},"end":{"line":335,"column":79}},"58":{"start":{"line":336,"column":24},"end":{"line":340,"column":27}},"59":{"start":{"line":341,"column":24},"end":{"line":341,"column":39}},"60":{"start":{"line":342,"column":24},"end":{"line":345,"column":26}},"61":{"start":{"line":358,"column":22},"end":{"line":376,"column":34}},"62":{"start":{"line":360,"column":39},"end":{"line":360,"column":60}},"63":{"start":{"line":385,"column":16},"end":{"line":385,"column":37}},"64":{"start":{"line":386,"column":16},"end":{"line":386,"column":38}},"65":{"start":{"line":387,"column":16},"end":{"line":387,"column":37}}},"fnMap":{"0":{"name":"(anonymous_0)","decl":{"start":{"line":19,"column":2},"end":{"line":19,"column":3}},"loc":{"start":{"line":19,"column":26},"end":{"line":22,"column":3}},"line":19},"1":{"name":"TransactionsScreen","decl":{"start":{"line":25,"column":24},"end":{"line":25,"column":42}},"loc":{"start":{"line":25,"column":45},"end":{"line":400,"column":1}},"line":25},"2":{"name":"(anonymous_2)","decl":{"start":{"line":42,"column":39},"end":{"line":42,"column":40}},"loc":{"start":{"line":42,"column":45},"end":{"line":50,"column":3}},"line":42},"3":{"name":"(anonymous_3)","decl":{"start":{"line":46,"column":6},"end":{"line":46,"column":7}},"loc":{"start":{"line":47,"column":8},"end":{"line":48,"column":50}},"line":47},"4":{"name":"(anonymous_4)","decl":{"start":{"line":53,"column":38},"end":{"line":53,"column":39}},"loc":{"start":{"line":53,"column":44},"end":{"line":61,"column":3}},"line":53},"5":{"name":"(anonymous_5)","decl":{"start":{"line":55,"column":33},"end":{"line":55,"column":34}},"loc":{"start":{"line":55,"column":42},"end":{"line":59,"column":5}},"line":55},"6":{"name":"(anonymous_6)","decl":{"start":{"line":60,"column":39},"end":{"line":60,"column":40}},"loc":{"start":{"line":60,"column":53},"end":{"line":60,"column":71}},"line":60},"7":{"name":"(anonymous_7)","decl":{"start":{"line":63,"column":27},"end":{"line":63,"column":28}},"loc":{"start":{"line":63,"column":49},"end":{"line":94,"column":3}},"line":63},"8":{"name":"(anonymous_8)","decl":{"start":{"line":96,"column":23},"end":{"line":96,"column":24}},"loc":{"start":{"line":96,"column":29},"end":{"line":99,"column":3}},"line":96},"9":{"name":"(anonymous_9)","decl":{"start":{"line":101,"column":24},"end":{"line":101,"column":25}},"loc":{"start":{"line":101,"column":30},"end":{"line":106,"column":3}},"line":101},"10":{"name":"(anonymous_10)","decl":{"start":{"line":135,"column":22},"end":{"line":135,"column":23}},"loc":{"start":{"line":135,"column":53},"end":{"line":135,"column":61}},"line":135},"11":{"name":"(anonymous_11)","decl":{"start":{"line":137,"column":20},"end":{"line":137,"column":21}},"loc":{"start":{"line":138,"column":10},"end":{"line":224,"column":17}},"line":138},"12":{"name":"(anonymous_12)","decl":{"start":{"line":149,"column":24},"end":{"line":149,"column":25}},"loc":{"start":{"line":150,"column":16},"end":{"line":221,"column":28}},"line":150},"13":{"name":"(anonymous_13)","decl":{"start":{"line":152,"column":27},"end":{"line":152,"column":28}},"loc":{"start":{"line":152,"column":33},"end":{"line":155,"column":19}},"line":152},"14":{"name":"(anonymous_14)","decl":{"start":{"line":239,"column":24},"end":{"line":239,"column":25}},"loc":{"start":{"line":239,"column":30},"end":{"line":239,"column":50}},"line":239},"15":{"name":"(anonymous_15)","decl":{"start":{"line":278,"column":29},"end":{"line":278,"column":30}},"loc":{"start":{"line":278,"column":35},"end":{"line":278,"column":55}},"line":278},"16":{"name":"(anonymous_16)","decl":{"start":{"line":305,"column":35},"end":{"line":305,"column":36}},"loc":{"start":{"line":305,"column":46},"end":{"line":311,"column":21}},"line":305},"17":{"name":"(anonymous_17)","decl":{"start":{"line":327,"column":35},"end":{"line":327,"column":36}},"loc":{"start":{"line":327,"column":46},"end":{"line":347,"column":21}},"line":327},"18":{"name":"(anonymous_18)","decl":{"start":{"line":357,"column":36},"end":{"line":357,"column":37}},"loc":{"start":{"line":358,"column":22},"end":{"line":376,"column":34}},"line":358},"19":{"name":"(anonymous_19)","decl":{"start":{"line":360,"column":33},"end":{"line":360,"column":34}},"loc":{"start":{"line":360,"column":39},"end":{"line":360,"column":60}},"line":360},"20":{"name":"(anonymous_20)","decl":{"start":{"line":384,"column":23},"end":{"line":384,"column":24}},"loc":{"start":{"line":384,"column":29},"end":{"line":388,"column":15}},"line":384}},"branchMap":{"0":{"loc":{"start":{"line":43,"column":4},"end":{"line":43,"column":49}},"type":"if","locations":[{"start":{"line":43,"column":4},"end":{"line":43,"column":49}},{"start":{},"end":{}}],"line":43},"1":{"loc":{"start":{"line":47,"column":8},"end":{"line":48,"column":50}},"type":"binary-expr","locations":[{"start":{"line":47,"column":8},"end":{"line":47,"column":53}},{"start":{"line":48,"column":8},"end":{"line":48,"column":50}}],"line":47},"2":{"loc":{"start":{"line":57,"column":6},"end":{"line":57,"column":51}},"type":"if","locations":[{"start":{"line":57,"column":6},"end":{"line":57,"column":51}},{"start":{},"end":{}}],"line":57},"3":{"loc":{"start":{"line":64,"column":4},"end":{"line":64,"column":29}},"type":"if","locations":[{"start":{"line":64,"column":4},"end":{"line":64,"column":29}},{"start":{},"end":{}}],"line":64},"4":{"loc":{"start":{"line":69,"column":6},"end":{"line":70,"column":46}},"type":"binary-expr","locations":[{"start":{"line":69,"column":7},"end":{"line":69,"column":31}},{"start":{"line":69,"column":35},"end":{"line":69,"column":63}},{"start":{"line":70,"column":6},"end":{"line":70,"column":46}}],"line":69},"5":{"loc":{"start":{"line":72,"column":27},"end":{"line":72,"column":72}},"type":"binary-expr","locations":[{"start":{"line":72,"column":27},"end":{"line":72,"column":50}},{"start":{"line":72,"column":54},"end":{"line":72,"column":72}}],"line":72},"6":{"loc":{"start":{"line":81,"column":4},"end":{"line":90,"column":5}},"type":"if","locations":[{"start":{"line":81,"column":4},"end":{"line":90,"column":5}},{"start":{},"end":{}}],"line":81},"7":{"loc":{"start":{"line":97,"column":4},"end":{"line":97,"column":29}},"type":"if","locations":[{"start":{"line":97,"column":4},"end":{"line":97,"column":29}},{"start":{},"end":{}}],"line":97},"8":{"loc":{"start":{"line":102,"column":4},"end":{"line":102,"column":29}},"type":"if","locations":[{"start":{"line":102,"column":4},"end":{"line":102,"column":29}},{"start":{},"end":{}}],"line":102},"9":{"loc":{"start":{"line":117,"column":11},"end":{"line":117,"column":43}},"type":"binary-expr","locations":[{"start":{"line":117,"column":11},"end":{"line":117,"column":22}},{"start":{"line":117,"column":26},"end":{"line":117,"column":43}}],"line":117},"10":{"loc":{"start":{"line":157,"column":20},"end":{"line":159,"column":24}},"type":"cond-expr","locations":[{"start":{"line":158,"column":22},"end":{"line":158,"column":70}},{"start":{"line":159,"column":22},"end":{"line":159,"column":24}}],"line":157},"11":{"loc":{"start":{"line":165,"column":22},"end":{"line":167,"column":41}},"type":"cond-expr","locations":[{"start":{"line":166,"column":24},"end":{"line":166,"column":37}},{"start":{"line":167,"column":24},"end":{"line":167,"column":41}}],"line":165},"12":{"loc":{"start":{"line":171,"column":23},"end":{"line":171,"column":49}},"type":"cond-expr","locations":[{"start":{"line":171,"column":40},"end":{"line":171,"column":43}},{"start":{"line":171,"column":46},"end":{"line":171,"column":49}}],"line":171},"13":{"loc":{"start":{"line":192,"column":26},"end":{"line":194,"column":46}},"type":"cond-expr","locations":[{"start":{"line":193,"column":28},"end":{"line":193,"column":61}},{"start":{"line":194,"column":28},"end":{"line":194,"column":46}}],"line":192},"14":{"loc":{"start":{"line":200,"column":23},"end":{"line":207,"column":23}},"type":"binary-expr","locations":[{"start":{"line":200,"column":23},"end":{"line":200,"column":38}},{"start":{"line":201,"column":24},"end":{"line":206,"column":27}}],"line":200},"15":{"loc":{"start":{"line":214,"column":22},"end":{"line":216,"column":39}},"type":"cond-expr","locations":[{"start":{"line":215,"column":24},"end":{"line":215,"column":59}},{"start":{"line":216,"column":24},"end":{"line":216,"column":39}}],"line":214},"16":{"loc":{"start":{"line":254,"column":19},"end":{"line":254,"column":72}},"type":"cond-expr","locations":[{"start":{"line":254,"column":33},"end":{"line":254,"column":67}},{"start":{"line":254,"column":70},"end":{"line":254,"column":72}}],"line":254},"17":{"loc":{"start":{"line":255,"column":19},"end":{"line":255,"column":66}},"type":"cond-expr","locations":[{"start":{"line":255,"column":33},"end":{"line":255,"column":61}},{"start":{"line":255,"column":64},"end":{"line":255,"column":66}}],"line":255},"18":{"loc":{"start":{"line":258,"column":15},"end":{"line":265,"column":15}},"type":"binary-expr","locations":[{"start":{"line":258,"column":15},"end":{"line":258,"column":26}},{"start":{"line":259,"column":16},"end":{"line":264,"column":28}}],"line":258},"19":{"loc":{"start":{"line":268,"column":13},"end":{"line":380,"column":17}},"type":"cond-expr","locations":[{"start":{"line":269,"column":14},"end":{"line":292,"column":21}},{"start":{"line":293,"column":14},"end":{"line":380,"column":17}}],"line":268},"20":{"loc":{"start":{"line":307,"column":22},"end":{"line":310,"column":23}},"type":"if","locations":[{"start":{"line":307,"column":22},"end":{"line":310,"column":23}},{"start":{},"end":{}}],"line":307},"21":{"loc":{"start":{"line":330,"column":22},"end":{"line":346,"column":23}},"type":"if","locations":[{"start":{"line":330,"column":22},"end":{"line":346,"column":23}},{"start":{},"end":{}}],"line":330},"22":{"loc":{"start":{"line":331,"column":24},"end":{"line":333,"column":64}},"type":"binary-expr","locations":[{"start":{"line":331,"column":24},"end":{"line":331,"column":29}},{"start":{"line":332,"column":24},"end":{"line":332,"column":35}},{"start":{"line":333,"column":24},"end":{"line":333,"column":64}}],"line":331},"23":{"loc":{"start":{"line":362,"column":26},"end":{"line":364,"column":113}},"type":"cond-expr","locations":[{"start":{"line":363,"column":28},"end":{"line":363,"column":97}},{"start":{"line":364,"column":28},"end":{"line":364,"column":113}}],"line":362},"24":{"loc":{"start":{"line":369,"column":28},"end":{"line":371,"column":65}},"type":"cond-expr","locations":[{"start":{"line":370,"column":30},"end":{"line":370,"column":58}},{"start":{"line":371,"column":30},"end":{"line":371,"column":65}}],"line":369}},"s":{"0":5,"1":5,"2":5,"3":5,"4":5,"5":5,"6":5,"7":3,"8":3,"9":0,"10":0,"11":0,"12":5,"13":3,"14":3,"15":3,"16":3,"17":3,"18":3,"19":3,"20":0,"21":5,"22":1,"23":0,"24":1,"25":1,"26":1,"27":1,"28":1,"29":0,"30":0,"31":0,"32":1,"33":5,"34":0,"35":0,"36":0,"37":5,"38":0,"39":0,"40":0,"41":0,"42":0,"43":5,"44":7,"45":5,"46":5,"47":2,"48":2,"49":0,"50":0,"51":0,"52":0,"53":0,"54":0,"55":0,"56":0,"57":0,"58":0,"59":0,"60":0,"61":90,"62":1,"63":0,"64":0,"65":0},"f":{"0":5,"1":5,"2":3,"3":0,"4":3,"5":3,"6":0,"7":1,"8":0,"9":0,"10":7,"11":5,"12":5,"13":2,"14":0,"15":0,"16":0,"17":0,"18":90,"19":1,"20":0},"b":{"0":[3,0],"1":[0,0],"2":[3,0],"3":[0,1],"4":[1,1,0],"5":[1,1],"6":[0,1],"7":[0,0],"8":[0,0],"9":[5,0],"10":[0,5],"11":[4,1],"12":[5,0],"13":[4,1],"14":[5,0],"15":[5,0],"16":[3,2],"17":[3,2],"18":[5,5],"19":[0,5],"20":[0,0],"21":[0,0],"22":[0,0,0],"23":[3,87],"24":[3,87]},"_coverageSchema":"1a1c01bbd47fc00a2c39e90264f33305004495a9","hash":"04e89f78a45c38cfe223a1fef752e2defed75442"}
,"C:\\Users\\Billy\\OneDrive\\Desktop\\CodeProjects\\Mum_Finance\\lib\\engine\\llm.ts": {"path":"C:\\Users\\Billy\\OneDrive\\Desktop\\CodeProjects\\Mum_Finance\\lib\\engine\\llm.ts","statementMap":{"0":{"start":{"line":6,"column":2},"end":{"line":7,"column":56}},"1":{"start":{"line":9,"column":15},"end":{"line":11,"column":2}},"2":{"start":{"line":29,"column":18},"end":{"line":29,"column":51}},"3":{"start":{"line":33,"column":18},"end":{"line":38,"column":15}},"4":{"start":{"line":36,"column":8},"end":{"line":36,"column":85}},"5":{"start":{"line":40,"column":17},"end":{"line":56,"column":1}},"6":{"start":{"line":58,"column":21},"end":{"line":58,"column":22}},"7":{"start":{"line":59,"column":16},"end":{"line":59,"column":17}},"8":{"start":{"line":61,"column":2},"end":{"line":133,"column":3}},"9":{"start":{"line":62,"column":4},"end":{"line":132,"column":5}},"10":{"start":{"line":63,"column":23},"end":{"line":67,"column":8}},"11":{"start":{"line":69,"column":22},"end":{"line":69,"column":59}},"12":{"start":{"line":70,"column":6},"end":{"line":70,"column":59}},"13":{"start":{"line":70,"column":20},"end":{"line":70,"column":59}},"14":{"start":{"line":72,"column":21},"end":{"line":72,"column":40}},"15":{"start":{"line":73,"column":20},"end":{"line":73,"column":40}},"16":{"start":{"line":76,"column":6},"end":{"line":90,"column":9}},"17":{"start":{"line":77,"column":33},"end":{"line":77,"column":48}},"18":{"start":{"line":78,"column":8},"end":{"line":80,"column":9}},"19":{"start":{"line":79,"column":10},"end":{"line":79,"column":47}},"20":{"start":{"line":82,"column":8},"end":{"line":89,"column":11}},"21":{"start":{"line":93,"column":6},"end":{"line":104,"column":9}},"22":{"start":{"line":94,"column":8},"end":{"line":103,"column":9}},"23":{"start":{"line":95,"column":10},"end":{"line":102,"column":13}},"24":{"start":{"line":106,"column":6},"end":{"line":106,"column":21}},"25":{"start":{"line":108,"column":6},"end":{"line":114,"column":7}},"26":{"start":{"line":109,"column":8},"end":{"line":109,"column":18}},"27":{"start":{"line":110,"column":25},"end":{"line":110,"column":52}},"28":{"start":{"line":111,"column":8},"end":{"line":111,"column":69}},"29":{"start":{"line":112,"column":8},"end":{"line":112,"column":70}},"30":{"start":{"line":112,"column":39},"end":{"line":112,"column":68}},"31":{"start":{"line":113,"column":8},"end":{"line":113,"column":17}},"32":{"start":{"line":116,"column":6},"end":{"line":116,"column":49}},"33":{"start":{"line":118,"column":6},"end":{"line":130,"column":7}},"34":{"start":{"line":119,"column":8},"end":{"line":128,"column":11}},"35":{"start":{"line":120,"column":10},"end":{"line":127,"column":13}},"36":{"start":{"line":129,"column":8},"end":{"line":129,"column":23}},"37":{"start":{"line":131,"column":6},"end":{"line":131,"column":16}},"38":{"start":{"line":135,"column":2},"end":{"line":135,"column":17}},"39":{"start":{"line":145,"column":14},"end":{"line":145,"column":39}},"40":{"start":{"line":146,"column":2},"end":{"line":155,"column":4}},"41":{"start":{"line":167,"column":18},"end":{"line":167,"column":51}},"42":{"start":{"line":168,"column":18},"end":{"line":168,"column":19}},"43":{"start":{"line":174,"column":29},"end":{"line":174,"column":33}},"44":{"start":{"line":176,"column":2},"end":{"line":196,"column":3}},"45":{"start":{"line":176,"column":15},"end":{"line":176,"column":16}},"46":{"start":{"line":177,"column":18},"end":{"line":177,"column":54}},"47":{"start":{"line":179,"column":4},"end":{"line":181,"column":6}},"48":{"start":{"line":184,"column":25},"end":{"line":184,"column":50}},"49":{"start":{"line":187,"column":4},"end":{"line":187,"column":62}},"50":{"start":{"line":187,"column":39},"end":{"line":187,"column":60}},"51":{"start":{"line":189,"column":4},"end":{"line":189,"column":30}},"52":{"start":{"line":190,"column":4},"end":{"line":190,"column":49}},"53":{"start":{"line":193,"column":4},"end":{"line":195,"column":5}},"54":{"start":{"line":194,"column":6},"end":{"line":194,"column":78}},"55":{"start":{"line":194,"column":37},"end":{"line":194,"column":76}},"56":{"start":{"line":198,"column":2},"end":{"line":198,"column":17}}},"fnMap":{"0":{"name":"analyzeChunk","decl":{"start":{"line":26,"column":15},"end":{"line":26,"column":27}},"loc":{"start":{"line":28,"column":40},"end":{"line":136,"column":1}},"line":28},"1":{"name":"(anonymous_1)","decl":{"start":{"line":35,"column":6},"end":{"line":35,"column":7}},"loc":{"start":{"line":36,"column":8},"end":{"line":36,"column":85}},"line":36},"2":{"name":"(anonymous_2)","decl":{"start":{"line":76,"column":20},"end":{"line":76,"column":21}},"loc":{"start":{"line":76,"column":35},"end":{"line":90,"column":7}},"line":76},"3":{"name":"(anonymous_3)","decl":{"start":{"line":93,"column":20},"end":{"line":93,"column":21}},"loc":{"start":{"line":93,"column":27},"end":{"line":104,"column":7}},"line":93},"4":{"name":"(anonymous_4)","decl":{"start":{"line":112,"column":26},"end":{"line":112,"column":27}},"loc":{"start":{"line":112,"column":39},"end":{"line":112,"column":68}},"line":112},"5":{"name":"(anonymous_5)","decl":{"start":{"line":119,"column":22},"end":{"line":119,"column":23}},"loc":{"start":{"line":119,"column":29},"end":{"line":128,"column":9}},"line":119},"6":{"name":"analyzeTransaction","decl":{"start":{"line":142,"column":22},"end":{"line":142,"column":40}},"loc":{"start":{"line":144,"column":27},"end":{"line":156,"column":1}},"line":144},"7":{"name":"analyzeBatch","decl":{"start":{"line":162,"column":22},"end":{"line":162,"column":34}},"loc":{"start":{"line":166,"column":40},"end":{"line":199,"column":1}},"line":166},"8":{"name":"(anonymous_8)","decl":{"start":{"line":187,"column":25},"end":{"line":187,"column":26}},"loc":{"start":{"line":187,"column":39},"end":{"line":187,"column":60}},"line":187},"9":{"name":"(anonymous_9)","decl":{"start":{"line":194,"column":24},"end":{"line":194,"column":25}},"loc":{"start":{"line":194,"column":37},"end":{"line":194,"column":76}},"line":194}},"branchMap":{"0":{"loc":{"start":{"line":6,"column":2},"end":{"line":7,"column":56}},"type":"binary-expr","locations":[{"start":{"line":6,"column":2},"end":{"line":6,"column":30}},{"start":{"line":7,"column":2},"end":{"line":7,"column":56}}],"line":6},"1":{"loc":{"start":{"line":70,"column":6},"end":{"line":70,"column":59}},"type":"if","locations":[{"start":{"line":70,"column":6},"end":{"line":70,"column":59}},{"start":{},"end":{}}],"line":70},"2":{"loc":{"start":{"line":73,"column":20},"end":{"line":73,"column":40}},"type":"binary-expr","locations":[{"start":{"line":73,"column":20},"end":{"line":73,"column":34}},{"start":{"line":73,"column":38},"end":{"line":73,"column":40}}],"line":73},"3":{"loc":{"start":{"line":78,"column":8},"end":{"line":80,"column":9}},"type":"if","locations":[{"start":{"line":78,"column":8},"end":{"line":80,"column":9}},{"start":{},"end":{}}],"line":78},"4":{"loc":{"start":{"line":84,"column":29},"end":{"line":84,"column":64}},"type":"binary-expr","locations":[{"start":{"line":84,"column":29},"end":{"line":84,"column":51}},{"start":{"line":84,"column":55},"end":{"line":84,"column":64}}],"line":84},"5":{"loc":{"start":{"line":87,"column":22},"end":{"line":87,"column":42}},"type":"binary-expr","locations":[{"start":{"line":87,"column":22},"end":{"line":87,"column":37}},{"start":{"line":87,"column":41},"end":{"line":87,"column":42}}],"line":87},"6":{"loc":{"start":{"line":94,"column":8},"end":{"line":103,"column":9}},"type":"if","locations":[{"start":{"line":94,"column":8},"end":{"line":103,"column":9}},{"start":{},"end":{}}],"line":94},"7":{"loc":{"start":{"line":108,"column":6},"end":{"line":114,"column":7}},"type":"if","locations":[{"start":{"line":108,"column":6},"end":{"line":114,"column":7}},{"start":{},"end":{}}],"line":108},"8":{"loc":{"start":{"line":108,"column":10},"end":{"line":108,"column":59}},"type":"binary-expr","locations":[{"start":{"line":108,"column":10},"end":{"line":108,"column":31}},{"start":{"line":108,"column":35},"end":{"line":108,"column":59}}],"line":108},"9":{"loc":{"start":{"line":118,"column":6},"end":{"line":130,"column":7}},"type":"if","locations":[{"start":{"line":118,"column":6},"end":{"line":130,"column":7}},{"start":{},"end":{}}],"line":118},"10":{"loc":{"start":{"line":147,"column":4},"end":{"line":154,"column":5}},"type":"binary-expr","locations":[{"start":{"line":147,"column":4},"end":{"line":147,"column":19}},{"start":{"line":147,"column":23},"end":{"line":154,"column":5}}],"line":147},"11":{"loc":{"start":{"line":164,"column":2},"end":{"line":164,"column":24}},"type":"default-arg","locations":[{"start":{"line":164,"column":22},"end":{"line":164,"column":24}}],"line":164},"12":{"loc":{"start":{"line":193,"column":4},"end":{"line":195,"column":5}},"type":"if","locations":[{"start":{"line":193,"column":4},"end":{"line":195,"column":5}},{"start":{},"end":{}}],"line":193}},"s":{"0":6,"1":6,"2":5,"3":5,"4":5,"5":5,"6":5,"7":5,"8":5,"9":7,"10":7,"11":2,"12":2,"13":0,"14":2,"15":2,"16":2,"17":2,"18":2,"19":1,"20":2,"21":2,"22":2,"23":1,"24":2,"25":3,"26":0,"27":0,"28":0,"29":0,"30":0,"31":0,"32":3,"33":3,"34":1,"35":1,"36":1,"37":2,"38":0,"39":3,"40":3,"41":2,"42":2,"43":2,"44":2,"45":2,"46":2,"47":2,"48":2,"49":0,"50":0,"51":0,"52":0,"53":0,"54":0,"55":0,"56":0},"f":{"0":5,"1":5,"2":2,"3":2,"4":0,"5":1,"6":3,"7":2,"8":0,"9":0},"b":{"0":[6,6],"1":[0,2],"2":[2,0],"3":[1,1],"4":[2,0],"5":[2,0],"6":[1,1],"7":[0,3],"8":[3,0],"9":[1,2],"10":[3,0],"11":[2],"12":[0,0]},"_coverageSchema":"1a1c01bbd47fc00a2c39e90264f33305004495a9","hash":"93d694011e6907d3ffee06fb38e1ef41a1e9d941"}
,"C:\\Users\\Billy\\OneDrive\\Desktop\\CodeProjects\\Mum_Finance\\lib\\engine\\recurring.ts": {"path":"C:\\Users\\Billy\\OneDrive\\Desktop\\CodeProjects\\Mum_Finance\\lib\\engine\\recurring.ts","statementMap":{"0":{"start":{"line":22,"column":17},"end":{"line":22,"column":49}},"1":{"start":{"line":25,"column":2},"end":{"line":35,"column":5}},"2":{"start":{"line":27,"column":4},"end":{"line":27,"column":32}},"3":{"start":{"line":27,"column":25},"end":{"line":27,"column":32}},"4":{"start":{"line":31,"column":6},"end":{"line":31,"column":75}},"5":{"start":{"line":32,"column":21},"end":{"line":32,"column":42}},"6":{"start":{"line":33,"column":4},"end":{"line":33,"column":23}},"7":{"start":{"line":34,"column":4},"end":{"line":34,"column":30}},"8":{"start":{"line":37,"column":39},"end":{"line":37,"column":41}},"9":{"start":{"line":39,"column":2},"end":{"line":80,"column":5}},"10":{"start":{"line":41,"column":34},"end":{"line":41,"column":65}},"11":{"start":{"line":41,"column":51},"end":{"line":41,"column":64}},"12":{"start":{"line":44,"column":4},"end":{"line":44,"column":58}},"13":{"start":{"line":44,"column":51},"end":{"line":44,"column":58}},"14":{"start":{"line":46,"column":20},"end":{"line":46,"column":55}},"15":{"start":{"line":46,"column":36},"end":{"line":46,"column":54}},"16":{"start":{"line":47,"column":22},"end":{"line":47,"column":73}},"17":{"start":{"line":47,"column":47},"end":{"line":47,"column":52}},"18":{"start":{"line":52,"column":28},"end":{"line":52,"column":62}},"19":{"start":{"line":54,"column":28},"end":{"line":56,"column":5}},"20":{"start":{"line":55,"column":13},"end":{"line":55,"column":66}},"21":{"start":{"line":58,"column":4},"end":{"line":58,"column":59}},"22":{"start":{"line":58,"column":52},"end":{"line":58,"column":59}},"23":{"start":{"line":61,"column":24},"end":{"line":61,"column":66}},"24":{"start":{"line":61,"column":40},"end":{"line":61,"column":65}},"25":{"start":{"line":62,"column":19},"end":{"line":64,"column":5}},"26":{"start":{"line":63,"column":35},"end":{"line":63,"column":40}},"27":{"start":{"line":66,"column":27},"end":{"line":68,"column":5}},"28":{"start":{"line":67,"column":13},"end":{"line":67,"column":68}},"29":{"start":{"line":72,"column":4},"end":{"line":72,"column":58}},"30":{"start":{"line":72,"column":51},"end":{"line":72,"column":58}},"31":{"start":{"line":74,"column":4},"end":{"line":79,"column":7}},"32":{"start":{"line":83,"column":2},"end":{"line":83,"column":61}},"33":{"start":{"line":83,"column":26},"end":{"line":83,"column":59}},"34":{"start":{"line":85,"column":2},"end":{"line":85,"column":18}},"35":{"start":{"line":95,"column":19},"end":{"line":95,"column":58}},"36":{"start":{"line":95,"column":47},"end":{"line":95,"column":56}},"37":{"start":{"line":97,"column":2},"end":{"line":108,"column":5}},"38":{"start":{"line":98,"column":4},"end":{"line":98,"column":36}},"39":{"start":{"line":98,"column":25},"end":{"line":98,"column":36}},"40":{"start":{"line":101,"column":6},"end":{"line":101,"column":75}},"41":{"start":{"line":103,"column":4},"end":{"line":105,"column":5}},"42":{"start":{"line":104,"column":6},"end":{"line":104,"column":43}},"43":{"start":{"line":107,"column":4},"end":{"line":107,"column":15}}},"fnMap":{"0":{"name":"detectRecurring","decl":{"start":{"line":19,"column":16},"end":{"line":19,"column":31}},"loc":{"start":{"line":21,"column":22},"end":{"line":86,"column":1}},"line":21},"1":{"name":"(anonymous_1)","decl":{"start":{"line":25,"column":23},"end":{"line":25,"column":24}},"loc":{"start":{"line":25,"column":32},"end":{"line":35,"column":3}},"line":25},"2":{"name":"(anonymous_2)","decl":{"start":{"line":39,"column":17},"end":{"line":39,"column":18}},"loc":{"start":{"line":39,"column":36},"end":{"line":80,"column":3}},"line":39},"3":{"name":"(anonymous_3)","decl":{"start":{"line":41,"column":44},"end":{"line":41,"column":45}},"loc":{"start":{"line":41,"column":51},"end":{"line":41,"column":64}},"line":41},"4":{"name":"(anonymous_4)","decl":{"start":{"line":46,"column":29},"end":{"line":46,"column":30}},"loc":{"start":{"line":46,"column":36},"end":{"line":46,"column":54}},"line":46},"5":{"name":"(anonymous_5)","decl":{"start":{"line":47,"column":37},"end":{"line":47,"column":38}},"loc":{"start":{"line":47,"column":47},"end":{"line":47,"column":52}},"line":47},"6":{"name":"(anonymous_6)","decl":{"start":{"line":55,"column":6},"end":{"line":55,"column":7}},"loc":{"start":{"line":55,"column":13},"end":{"line":55,"column":66}},"line":55},"7":{"name":"(anonymous_7)","decl":{"start":{"line":61,"column":33},"end":{"line":61,"column":34}},"loc":{"start":{"line":61,"column":40},"end":{"line":61,"column":65}},"line":61},"8":{"name":"(anonymous_8)","decl":{"start":{"line":63,"column":25},"end":{"line":63,"column":26}},"loc":{"start":{"line":63,"column":35},"end":{"line":63,"column":40}},"line":63},"9":{"name":"(anonymous_9)","decl":{"start":{"line":67,"column":6},"end":{"line":67,"column":7}},"loc":{"start":{"line":67,"column":13},"end":{"line":67,"column":68}},"line":67},"10":{"name":"(anonymous_10)","decl":{"start":{"line":83,"column":16},"end":{"line":83,"column":17}},"loc":{"start":{"line":83,"column":26},"end":{"line":83,"column":59}},"line":83},"11":{"name":"markRecurringTransactions","decl":{"start":{"line":91,"column":16},"end":{"line":91,"column":41}},"loc":{"start":{"line":94,"column":17},"end":{"line":109,"column":1}},"line":94},"12":{"name":"(anonymous_12)","decl":{"start":{"line":95,"column":40},"end":{"line":95,"column":41}},"loc":{"start":{"line":95,"column":47},"end":{"line":95,"column":56}},"line":95},"13":{"name":"(anonymous_13)","decl":{"start":{"line":97,"column":26},"end":{"line":97,"column":27}},"loc":{"start":{"line":97,"column":35},"end":{"line":108,"column":3}},"line":97}},"branchMap":{"0":{"loc":{"start":{"line":27,"column":4},"end":{"line":27,"column":32}},"type":"if","locations":[{"start":{"line":27,"column":4},"end":{"line":27,"column":32}},{"start":{},"end":{}}],"line":27},"1":{"loc":{"start":{"line":31,"column":6},"end":{"line":31,"column":75}},"type":"binary-expr","locations":[{"start":{"line":31,"column":6},"end":{"line":31,"column":22}},{"start":{"line":31,"column":26},"end":{"line":31,"column":75}}],"line":31},"2":{"loc":{"start":{"line":32,"column":21},"end":{"line":32,"column":42}},"type":"binary-expr","locations":[{"start":{"line":32,"column":21},"end":{"line":32,"column":36}},{"start":{"line":32,"column":40},"end":{"line":32,"column":42}}],"line":32},"3":{"loc":{"start":{"line":44,"column":4},"end":{"line":44,"column":58}},"type":"if","locations":[{"start":{"line":44,"column":4},"end":{"line":44,"column":58}},{"start":{},"end":{}}],"line":44},"4":{"loc":{"start":{"line":44,"column":8},"end":{"line":44,"column":49}},"type":"binary-expr","locations":[{"start":{"line":44,"column":8},"end":{"line":44,"column":30}},{"start":{"line":44,"column":34},"end":{"line":44,"column":49}}],"line":44},"5":{"loc":{"start":{"line":52,"column":28},"end":{"line":52,"column":62}},"type":"cond-expr","locations":[{"start":{"line":52,"column":52},"end":{"line":52,"column":55}},{"start":{"line":52,"column":58},"end":{"line":52,"column":62}}],"line":52},"6":{"loc":{"start":{"line":58,"column":4},"end":{"line":58,"column":59}},"type":"if","locations":[{"start":{"line":58,"column":4},"end":{"line":58,"column":59}},{"start":{},"end":{}}],"line":58},"7":{"loc":{"start":{"line":58,"column":8},"end":{"line":58,"column":50}},"type":"binary-expr","locations":[{"start":{"line":58,"column":8},"end":{"line":58,"column":24}},{"start":{"line":58,"column":28},"end":{"line":58,"column":50}}],"line":58},"8":{"loc":{"start":{"line":67,"column":13},"end":{"line":67,"column":68}},"type":"binary-expr","locations":[{"start":{"line":67,"column":13},"end":{"line":67,"column":38}},{"start":{"line":67,"column":42},"end":{"line":67,"column":68}}],"line":67},"9":{"loc":{"start":{"line":72,"column":4},"end":{"line":72,"column":58}},"type":"if","locations":[{"start":{"line":72,"column":4},"end":{"line":72,"column":58}},{"start":{},"end":{}}],"line":72},"10":{"loc":{"start":{"line":72,"column":8},"end":{"line":72,"column":49}},"type":"binary-expr","locations":[{"start":{"line":72,"column":8},"end":{"line":72,"column":23}},{"start":{"line":72,"column":27},"end":{"line":72,"column":49}}],"line":72},"11":{"loc":{"start":{"line":98,"column":4},"end":{"line":98,"column":36}},"type":"if","locations":[{"start":{"line":98,"column":4},"end":{"line":98,"column":36}},{"start":{},"end":{}}],"line":98},"12":{"loc":{"start":{"line":101,"column":6},"end":{"line":101,"column":75}},"type":"binary-expr","locations":[{"start":{"line":101,"column":6},"end":{"line":101,"column":22}},{"start":{"line":101,"column":26},"end":{"line":101,"column":75}}],"line":101},"13":{"loc":{"start":{"line":103,"column":4},"end":{"line":105,"column":5}},"type":"if","locations":[{"start":{"line":103,"column":4},"end":{"line":105,"column":5}},{"start":{},"end":{}}],"line":103}},"s":{"0":10,"1":10,"2":31,"3":2,"4":29,"5":29,"6":29,"7":29,"8":10,"9":10,"10":16,"11":28,"12":16,"13":4,"14":12,"15":25,"16":12,"17":25,"18":12,"19":12,"20":22,"21":12,"22":3,"23":9,"24":19,"25":9,"26":19,"27":9,"28":19,"29":9,"30":0,"31":9,"32":10,"33":3,"34":10,"35":1,"36":2,"37":1,"38":8,"39":0,"40":8,"41":8,"42":5,"43":3},"f":{"0":10,"1":31,"2":16,"3":28,"4":25,"5":25,"6":22,"7":19,"8":19,"9":19,"10":3,"11":1,"12":2,"13":8},"b":{"0":[2,29],"1":[29,29],"2":[29,16],"3":[4,12],"4":[16,13],"5":[3,9],"6":[3,9],"7":[12,3],"8":[19,0],"9":[0,9],"10":[9,0],"11":[0,8],"12":[8,8],"13":[5,3]},"_coverageSchema":"1a1c01bbd47fc00a2c39e90264f33305004495a9","hash":"789626ab4fd3919a87272e4c2a0544274dc1520f"}
,"C:\\Users\\Billy\\OneDrive\\Desktop\\CodeProjects\\Mum_Finance\\lib\\engine\\rules.ts": {"path":"C:\\Users\\Billy\\OneDrive\\Desktop\\CodeProjects\\Mum_Finance\\lib\\engine\\rules.ts","statementMap":{"0":{"start":{"line":16,"column":2},"end":{"line":16,"column":41}},"1":{"start":{"line":16,"column":21},"end":{"line":16,"column":41}},"2":{"start":{"line":19,"column":22},"end":{"line":21,"column":3}},"3":{"start":{"line":20,"column":14},"end":{"line":20,"column":49}},"4":{"start":{"line":23,"column":2},"end":{"line":33,"column":5}},"5":{"start":{"line":25,"column":4},"end":{"line":25,"column":53}},"6":{"start":{"line":25,"column":42},"end":{"line":25,"column":53}},"7":{"start":{"line":27,"column":22},"end":{"line":27,"column":51}},"8":{"start":{"line":28,"column":18},"end":{"line":30,"column":5}},"9":{"start":{"line":29,"column":6},"end":{"line":29,"column":49}},"10":{"start":{"line":32,"column":4},"end":{"line":32,"column":62}},"11":{"start":{"line":48,"column":14},"end":{"line":68,"column":11}},"12":{"start":{"line":71,"column":16},"end":{"line":71,"column":61}},"13":{"start":{"line":71,"column":47},"end":{"line":71,"column":60}},"14":{"start":{"line":73,"column":2},"end":{"line":73,"column":79}},"15":{"start":{"line":73,"column":26},"end":{"line":73,"column":79}},"16":{"start":{"line":78,"column":2},"end":{"line":78,"column":44}},"17":{"start":{"line":78,"column":28},"end":{"line":78,"column":44}},"18":{"start":{"line":81,"column":2},"end":{"line":81,"column":37}},"19":{"start":{"line":88,"column":26},"end":{"line":107,"column":10}}},"fnMap":{"0":{"name":"applyRules","decl":{"start":{"line":12,"column":16},"end":{"line":12,"column":26}},"loc":{"start":{"line":15,"column":17},"end":{"line":34,"column":1}},"line":15},"1":{"name":"(anonymous_1)","decl":{"start":{"line":20,"column":4},"end":{"line":20,"column":5}},"loc":{"start":{"line":20,"column":14},"end":{"line":20,"column":49}},"line":20},"2":{"name":"(anonymous_2)","decl":{"start":{"line":23,"column":26},"end":{"line":23,"column":27}},"loc":{"start":{"line":23,"column":35},"end":{"line":33,"column":3}},"line":23},"3":{"name":"(anonymous_3)","decl":{"start":{"line":28,"column":35},"end":{"line":28,"column":36
[...]
,"C:\\Users\\Billy\\OneDrive\\Desktop\\CodeProjects\\Mum_Finance\\lib\\utils\\format.ts": {"path":"C:\\Users\\Billy\\OneDrive\\Desktop\\CodeProjects\\Mum_Finance\\lib\\utils\\format.ts","statementMap":{"0":{"start":{"line":8,"column":20},"end":{"line":8,"column":36}},"1":{"start":{"line":9,"column":20},"end":{"line":14,"column":22}},"2":{"start":{"line":17,"column":2},"end":{"line":17,"column":50}},"3":{"start":{"line":25,"column":12},"end":{"line":25,"column":60}},"4":{"start":{"line":26,"column":2},"end":{"line":26,"column":33}},"5":{"start":{"line":34,"column":12},"end":{"line":34,"column":60}},"6":{"start":{"line":35,"column":14},"end":{"line":35,"column":24}},"7":{"start":{"line":36,"column":19},"end":{"line":38,"column":3}},"8":{"start":{"line":40,"column":2},"end":{"line":40,"column":37}},"9":{"start":{"line":40,"column":22},"end":{"line":40,"column":37}},"10":{"start":{"line":41,"column":2},"end":{"line":41,"column":41}},"11":{"start":{"line":41,"column":22},"end":{"line":41,"column":41}},"12":{"start":{"line":42,"column":2},"end":{"line":42,"column":50}},"13":{"start":{"line":42,"column":20},"end":{"line":42,"column":50}},"14":{"start":{"line":43,"column":2},"end":{"line":43,"column":23}}},"fnMap":{"0":{"name":"formatCurrency","decl":{"start":{"line":7,"column":16},"end":{"line":7,"column":30}},"loc":{"start":{"line":7,"column":55},"end":{"line":18,"column":1}},"line":7},"1":{"name":"formatDate","decl":{"start":{"line":24,"column":16},"end":{"line":24,"column":26}},"loc":{"start":{"line":24,"column":56},"end":{"line":27,"column":1}},"line":24},"2":{"name":"formatRelativeDate","decl":{"start":{"line":33,"column":16},"end":{"line":33,"column":34}},"loc":{"start":{"line":33,"column":64},"end":{"line":44,"column":1}},"line":33}},"branchMap":{"0":{"loc":{"start":{"line":17,"column":9},"end":{"line":17,"column":49}},"type":"cond-expr","locations":[{"start":{"line":17,"column":22},"end":{"line":17,"column":37}},{"start":{"line":17,"column":40},"end":{"line":17,"column":49}}],"line":17},"1":{"loc":{"start":{"line":25,"column":12},"end":{"line":25,"column":60}},"type":"cond-expr","locations":[{"start":{"line":25,"column":39},"end":{"line":25,"column":53}},{"start":{"line":25,"column":56},"end":{"line":25,"column":60}}],"line":25},"2":{"loc":{"start":{"line":34,"column":12},"end":{"line":34,"column":60}},"type":"cond-expr","locations":[{"start":{"line":34,"column":39},"end":{"line":34,"column":53}},{"start":{"line":34,"column":56},"end":{"line":34,"column":60}}],"line":34},"3":{"loc":{"start":{"line":40,"column":2},"end":{"line":40,"column":37}},"type":"if","locations":[{"start":{"line":40,"column":2},"end":{"line":40,"column":37}},{"start":{},"end":{}}],"line":40},"4":{"loc":{"start":{"line":41,"column":2},"end":{"line":41,"column":41}},"type":"if","locations":[{"start":{"line":41,"column":2},"end":{"line":41,"column":41}},{"start":{},"end":{}}],"line":41},"5":{"loc":{"start":{"line":42,"column":2},"end":{"line":42,"column":50}},"type":"if","locations":[{"start":{"line":42,"column":2},"end":{"line":42,"column":50}},{"start":{},"end":{}}],"line":42}},"s":{"0":35,"1":35,"2":35,"3":9,"4":9,"5":0,"6":0,"7":0,"8":0,"9":0,"10":0,"11":0,"12":0,"13":0,"14":0},"f":{"0":35,"1":9,"2":0},"b":{"0":[13,22],"1":[9,0],"2":[0,0],"3":[0,0],"4":[0,0],"5":[0,0]},"_coverageSchema":"1a1c01bbd47fc00a2c39e90264f33305004495a9","hash":"65018080b76b94cd2393e276ca87d47c5f803314"}
,"C:\\Users\\Billy\\OneDrive\\Desktop\\CodeProjects\\Mum_Finance\\lib\\utils\\roundUp.ts": {"path":"C:\\Users\\Billy\\OneDrive\\Desktop\\CodeProjects\\Mum_Finance\\lib\\utils\\roundUp.ts","statementMap":{"0":{"start":{"line":23,"column":19},"end":{"line":26,"column":3}},"1":{"start":{"line":28,"column":14},"end":{"line":28,"column":15}},"2":{"start":{"line":29,"column":14},"end":{"line":29,"column":15}},"3":{"start":{"line":31,"column":2},"end":{"line":46,"column":5}},"4":{"start":{"line":33,"column":4},"end":{"line":33,"column":32}},"5":{"start":{"line":33,"column":25},"end":{"line":33,"column":32}},"6":{"start":{"line":35,"column":20},"end":{"line":35,"column":38}},"7":{"start":{"line":36,"column":4},"end":{"line":36,"column":53}},"8":{"start":{"line":36,"column":46},"end":{"line":36,"column":53}},"9":{"start":{"line":38,"column":22},"end":{"line":38,"column":42}},"10":{"start":{"line":39,"column":20},"end":{"line":39,"column":52}},"11":{"start":{"line":42,"column":4},"end":{"line":45,"column":5}},"12":{"start":{"line":43,"column":6},"end":{"line":43,"column":23}},"13":{"start":{"line":44,"column":6},"end":{"line":44,"column":14}},"14":{"start":{"line":48,"column":2},"end":{"line":51,"column":4}}},"fnMap":{"0":{"name":"calculateRoundUpSavings","decl":{"start":{"line":19,"column":16},"end":{"line":19,"column":39}},"loc":{"start":{"line":22,"column":17},"end":{"line":52,"column":1}},"line":22},"1":{"name":"(anonymous_1)","decl":{"start":{"line":31,"column":23},"end":{"line":31,"column":24}},"loc":{"start":{"line":31,"column":32},"end":{"line":46,"column":3}},"line":31}},"branchMap":{"0":{"loc":{"start":{"line":21,"column":2},"end":{"line":21,"column":26}},"type":"default-arg","locations":[{"start":{"line":21,"column":16},"end":{"line":21,"column":26}}],"line":21},"1":{"loc":{"start":{"line":33,"column":4},"end":{"line":33,"column":32}},"type":"if","locations":[{"start":{"line":33,"column":4},"end":{"line":33,"column":32}},{"start":{},"end":{}}],"line":33},"2":{"loc":{"start":{"line":36,"column":4},"end":{"line":36,"column":53}},"type":"if","locations":[{"start":{"line":36,"column":4},"end":{"line":36,"column":53}},{"start":{},"end":{}}],"line":36},"3":{"loc":{"start":{"line":42,"column":4},"end":{"line":45,"column":5}},"type":"if","locations":[{"start":{"line":42,"column":4},"end":{"line":45,"column":5}},{"start":{},"end":{}}],"line":42}},"s":{"0":2,"1":2,"2":2,"3":2,"4":0,"5":0,"6":0,"7":0,"8":0,"9":0,"10":0,"11":0,"12":0,"13":0,"14":2},"f":{"0":2,"1":0},"b":{"0":[2],"1":[0,0],"2":[0,0],"3":[0,0]},"_coverageSchema":"1a1c01bbd47fc00a2c39e90264f33305004495a9","hash":"271dc3767f348f4874f98490a77ee972a5b22c0f"}
,"C:\\Users\\Billy\\OneDrive\\Desktop\\CodeProjects\\Mum_Finance\\lib\\utils\\safeBalance.ts": {"path":"C:\\Users\\Billy\\OneDrive\\Desktop\\CodeProjects\\Mum_Finance\\lib\\utils\\safeBalance.ts","statementMap":{"0":{"start":{"line":37,"column":18},"end":{"line":37,"column":36}},"1":{"start":{"line":39,"column":40},"end":{"line":39,"column":42}},"2":{"start":{"line":42,"column":2},"end":{"line":85,"column":5}},"3":{"start":{"line":45,"column":18},"end":{"line":45,"column":85}},"4":{"start":{"line":53,"column":29},"end":{"line":66,"column":6}},"5":{"start":{"line":54,"column":6},"end":{"line":54,"column":38}},"6":{"start":{"line":54,"column":25},"end":{"line":54,"column":38}},"7":{"start":{"line":55,"column":20},"end":{"line":55,"column":36}},"8":{"start":{"line":57,"column":8},"end":{"line":58,"column":51}},"9":{"start":{"line":60,"column":6},"end":{"line":60,"column":37}},"10":{"start":{"line":60,"column":24},"end":{"line":60,"column":37}},"11":{"start":{"line":64,"column":8},"end":{"line":64,"column":73}},"12":{"start":{"line":65,"column":6},"end":{"line":65,"column":38}},"13":{"start":{"line":68,"column":4},"end":{"line":75,"column":5}},"14":{"start":{"line":70,"column":6},"end":{"line":74,"column":8}},"15":{"start":{"line":78,"column":4},"end":{"line":84,"column":5}},"16":{"start":{"line":79,"column":6},"end":{"line":83,"column":9}},"17":{"start":{"line":88,"column":2},"end":{"line":88,"column":74}},"18":{"start":{"line":88,"column":31},"end":{"line":88,"column":72}},"19":{"start":{"line":90,"column":29},"end":{"line":93,"column":3}},"20":{"start":{"line":91,"column":19},"end":{"line":91,"column":36}},"21":{"start":{"line":94,"column":22},"end":{"line":94,"column":74}},"22":{"start":{"line":96,"column":2},"end":{"line":101,"column":4}}},"fnMap":{"0":{"name":"calculateSafeBalance","decl":{"start":{"line":30,"column":16},"end":{"line":30,"column":36}},"loc":{"start":{"line":36,"column":21},"end":{"line":102,"column":1}},"line":36},"1":{"name":"(anonymous_1)","decl":{"start":{"line":42,"column":28},"end":{"line":42,"column":29}},"loc":{"start":{"line":42,"column":41},"end":{"line":85,"column":3}},"line":42},"2":{"name":"(anonymous_2)","decl":{"start":{"line":53,"column":47},"end":{"line":53,"column":48}},"loc":{"start":{"line":53,"column":54},"end":{"line":66,"column":5}},"line":53},"3":{"name":"(anonymous_3)","decl":{"start":{"line":88,"column":21},"end":{"line":88,"column":22}},"loc":{"start":{"line":88,"column":31},"end":{"line":88,"column":72}},"line":88},"4":{"name":"(anonymous_4)","decl":{"start":{"line":91,"column":4},"end":{"line":91,"column":5}},"loc":{"start":{"line":91,"column":19},"end":{"line":91,"column":36}},"line":91}},"branchMap":{"0":{"loc":{"start":{"line":35,"column":2},"end":{"line":35,"column":20}},"type":"default-arg","locations":[{"start":{"line":35,"column":10},"end":{"line":35,"column":20}}],"line":35},"1":{"loc":{"start":{"line":54,"column":6},"end":{"line":54,"column":38}},"type":"if","locations":[{"start":{"line":54,"column":6},"end":{"line":54,"column":38}},{"start":{},"end":{}}],"line":54},"2":{"loc":{"start":{"line":57,"column":8},"end":{"line":58,"column":51}},"type":"binary-expr","locations":[{"start":{"line":57,"column":8},"end":{"line":57,"column":45}},{"start":{"line":58,"column":8},"end":{"line":58,"column":51}}],"line":57},"3":{"loc":{"start":{"line":60,"column":6},"end":{"line":60,"column":37}},"type":"if","locations":[{"start":{"line":60,"column":6},"end":{"line":60,"column":37}},{"start":{},"end":{}}],"line":60},"4":{"loc":{"start":{"line":64,"column":8},"end":{"line":64,"column":73}},"type":"binary-expr","locations":[{"start":{"line":64,"column":8},"end":{"line":64,"column":22}},{"start":{"line":64,"column":26},"end":{"line":64,"column":73}}],"line":64},"5":{"loc":{"start":{"line":68,"column":4},"end":{"line":75,"column":5}},"type":"if","locations":[{"start":{"line":68,"column":4},"end":{"line":75,"column":5}},{"start":{},"end":{}}],"line":68},"6":{"loc":{"start":{"line":68,"column":8},"end":{"line":68,"column":52}},"type":"binary-expr","locations":[{"start":{"line":68,"column":8},"end":{"line":68,"column":32}},{"start":{"line":68,"column":36},"end":{"line":68,"column":52}}],"line":68},"7":{"loc":{"start":{"line":78,"column":4},"end":{"line":84,"column":5}},"type":"if","locations":[{"start":{"line":78,"column":4},"end":{"line":84,"column":5}},{"start":{},"end":{}}],"line":78}},"s":{"0":3,"1":3,"2":3,"3":1,"4":1,"5":1,"6":0,"7":1,"8":1,"9":1,"10":1,"11":0,"12":0,"13":1,"14":1,"15":1,"16":1,"17":3,"18":0,"19":3,"20":1,"21":3,"22":3},"f":{"0":3,"1":1,"2":1,"3":0,"4":1},"b":{"0":[3],"1":[0,1],"2":[1,1],"3":[1,0],"4":[0,0],"5":[1,0],"6":[1,0],"7":[1,0]},"_coverageSchema":"1a1c01bbd47fc00a2c39e90264f33305004495a9","hash":"d8fa03a2f527a3cf1dbf2d4819c1d041a7906b65"}
,"C:\\Users\\Billy\\OneDrive\\Desktop\\CodeProjects\\Mum_Finance\\lib\\utils\\subscriptions.ts": {"path":"C:\\Users\\Billy\\OneDrive\\Desktop\\CodeProjects\\Mum_Finance\\lib\\utils\\subscriptions.ts","statementMap":{"0":{"start":{"line":14,"column":20},"end":{"line":14,"column":52}},"1":{"start":{"line":16,"column":2},"end":{"line":33,"column":5}},"2":{"start":{"line":18,"column":4},"end":{"line":18,"column":32}},"3":{"start":{"line":18,"column":25},"end":{"line":18,"column":32}},"4":{"start":{"line":22,"column":18},"end":{"line":22,"column":69}},"5":{"start":{"line":24,"column":4},"end":{"line":24,"column":23}},"6":{"start":{"line":24,"column":16},"end":{"line":24,"column":23}},"7":{"start":{"line":28,"column":6},"end":{"line":28,"column":75}},"8":{"start":{"line":30,"column":21},"end":{"line":30,"column":45}},"9":{"start":{"line":31,"column":4},"end":{"line":31,"column":23}},"10":{"start":{"line":32,"column":4},"end":{"line":32,"column":33}},"11":{"start":{"line":35,"column":40},"end":{"line":35,"column":42}},"12":{"start":{"line":37,"column":2},"end":{"line":63,"column":5}},"13":{"start":{"line":39,"column":4},"end":{"line":39,"column":34}},"14":{"start":{"line":39,"column":27},"end":{"line":39,"column":34}},"15":{"start":{"line":42,"column":4},"end":{"line":44,"column":6}},"16":{"start":{"line":43,"column":16},"end":{"line":43,"column":71}},"17":{"start":{"line":46,"column":20},"end":{"line":46,"column":44}},"18":{"start":{"line":47,"column":21},"end":{"line":47,"column":70}},"19":{"start":{"line":51,"column":6},"end":{"line":51,"column":74}},"20":{"start":{"line":53,"column":4},"end":{"line":62,"column":7}},"21":{"start":{"line":58,"column":32},"end":{"line":61,"column":7}},"22":{"start":{"line":66,"column":2},"end":{"line":66,"column":61}},"23":{"start":{"line":66,"column":31},"end":{"line":66,"column":59}},"24":{"start":{"line":68,"column":2},"end":{"line":68,"column":23}}},"fnMap":{"0":{"name":"detectSubscriptions","decl":{"start":{"line":11,"column":16},"end":{"line":11,"column":35}},"loc":{"start":{"line":13,"column":18},"end":{"line":69,"column":1}},"line":13},"1":{"name":"(anonymous_1)","decl":{"start":{"line":16,"column":23},"end":{"line":16,"column":24}},"loc":{"start":{"line":16,"column":32},"end":{"line":33,"column":3}},"line":16},"2":{"name":"(anonymous_2)","decl":{"start":{"line":37,"column":20},"end":{"line":37,"column":21}},"loc":{"start":{"line":37,"column":36},"end":{"line":63,"column":3}},"line":37},"3":{"name":"(anonymous_3)","decl":{"start":{"line":43,"column":6},"end":{"line":43,"column":7}},"loc":{"start":{"line":43,"column":16},"end":{"line":43,"column":71}},"line":43},"4":{"name":"(anonymous_4)","decl":{"start":{"line":58,"column":24},"end":{"line":58,"column":25}},"loc":{"start":{"line":58,"column":32},"end":{"line":61,"column":7}},"line":58},"5":{"name":"(anonymous_5)","decl":{"start":{"line":66,"column":21},"end":{"line":66,"column":22}},"loc":{"start":{"line":66,"column":31},"end":{"line":66,"column":59}},"line":66}},"branchMap":{"0":{"loc":{"start":{"line":18,"column":4},"end":{"line":18,"column":32}},"type":"if","locations":[{"start":{"line":18,"column":4},"end":{"line":18,"column":32}},{"start":{},"end":{}}],"line":18},"1":{"loc":{"start":{"line":22,"column":18},"end":{"line":22,"column":69}},"type":"binary-expr","locations":[{"start":{"line":22,"column":18},"end":{"line":22,"column":33}},{"start":{"line":22,"column":37},"end":{"line":22,"column":69}}],"line":22},"2":{"loc":{"start":{"line":24,"column":4},"end":{"line":24,"column":23}},"type":"if","locations":[{"start":{"line":24,"column":4},"end":{"line":24,"column":23}},{"start":{},"end":{}}],"line":24},"3":{"loc":{"start":{"line":28,"column":6},"end":{"line":28,"column":75}},"type":"binary-expr","locations":[{"start":{"line":28,"column":6},"end":{"line":28,"column":22}},{"start":{"line":28,"column":26},"end":{"line":28,"column":75}}],"line":28},"4":{"loc":{"start":{"line":30,"column":21},"end":{"line":30,"column":45}},"type":"binary-expr","locations":[{"start":{"line":30,"column":21},"end":{"line":30,"column":39}},{"start":{"line":30,"column":43},"end":{"line":30,"column":45}}],"line":30},"5":{"loc":{"start":{"line":39,"column":4},"end":{"line":39,"column":34}},"type":"if","locations":[{"start":{"line":39,"column":4},"end":{"line":39,"column":34}},{"start":{},"end":{}}],"line":39},"6":{"loc":{"start":{"line":47,"column":21},"end":{"line":47,"column":70}},"type":"cond-expr","locations":[{"start":{"line":47,"column":39},"end":{"line":47,"column":63}},{"start":{"line":47,"column":66},"end":{"line":47,"column":70}}],"line":47},"7":{"loc":{"start":{"line":51,"column":6},"end":{"line":51,"column":74}},"type":"binary-expr","locations":[{"start":{"line":51,"column":6},"end":{"line":51,"column":23}},{"start":{"line":51,"column":27},"end":{"line":51,"column":45}},{"start":{"line":51,"column":49},"end":{"line":51,"column":74}}],"line":51}},"s":{"0":0,"1":0,"2":0,"3":0,"4":0,"5":0,"6":0,"7":0,"8":0,"9":0,"10":0,"11":0,"12":0,"13":0,"14":0,"15":0,"16":0,"17":0,"18":0,"19":0,"20":0,"21":0,"22":0,"23":0,"24":0},"f":{"0":0,"1":0,"2":0,"3":0,"4":0,"5":0},"b":{"0":[0,0],"1":[0,0],"2":[0,0],"3":[0,0],"4":[0,0],"5":[0,0],"6":[0,0],"7":[0,0,0]}}
,"C:\\Users\\Billy\\OneDrive\\Desktop\\CodeProjects\\Mum_Finance\\lib\\utils\\surcharges.ts": {"path":"C:\\Users\\Billy\\OneDrive\\Desktop\\CodeProjects\\Mum_Finance\\lib\\utils\\surcharges.ts","statementMap":{"0":{"start":{"line":8,"column":27},"end":{"line":21,"column":10}},"1":{"start":{"line":39,"column":19},"end":{"line":42,"column":3}},"2":{"start":{"line":44,"column":21},"end":{"line":56,"column":4}},"3":{"start":{"line":45,"column":20},"end":{"line":45,"column":38}},"4":{"start":{"line":46,"column":4},"end":{"line":46,"column":59}},"5":{"start":{"line":46,"column":46},"end":{"line":46,"column":59}},"6":{"start":{"line":49,"column":4},"end":{"line":49,"column":38}},"7":{"start":{"line":49,"column":25},"end":{"line":49,"column":38}},"8":{"start":{"line":51,"column":22},"end":{"line":51,"column":51}},"9":{"start":{"line":52,"column":4},"end":{"line":55,"column":6}},"10":{"start":{"line":53,"column":38},"end":{"line":53,"column":60}},"11":{"start":{"line":58,"column":16},"end":{"line":58,"column":74}},"12":{"start":{"line":58,"column":46},"end":{"line":58,"column":70}},"13":{"start":{"line":60,"column":2},"end":{"line":63,"column":4}}},"fnMap":{"0":{"name":"detectSurcharges","decl":{"start":{"line":35,"column":16},"end":{"line":35,"column":32}},"loc":{"start":{"line":38,"column":19},"end":{"line":64,"column":1}},"line":38},"1":{"name":"(anonymous_1)","decl":{"start":{"line":44,"column":41},"end":{"line":44,"column":42}},"loc":{"start":{"line":44,"column":50},"end":{"line":56,"column":3}},"line":44},"2":{"name":"(anonymous_2)","decl":{"start":{"line":53,"column":30},"end":{"line":53,"column":31}},"loc":{"start":{"line":53,"column":38},"end":{"line":53,"column":60}},"line":53},"3":{"name":"(anonymous_3)","decl":{"start":{"line":58,"column":34},"end":{"line":58,"column":35}},"loc":{"start":{"line":58,"column":46},"end":{"line":58,"column":70}},"line":58}},"branchMap":{"0":{"loc":{"start":{"line":37,"column":2},"end":{"line":37,"column":26}},"type":"default-arg","locations":[{"start":{"line":37,"column":16},"end":{"line":37,"column":26}}],"line":37},"1":{"loc":{"start":{"line":46,"column":4},"end":{"line":46,"column":59}},"type":"if","locations":[{"start":{"line":46,"column":4},"end":{"line":46,"column":59}},{"start":{},"end":{}}],"line":46},"2":{"loc":{"start":{"line":49,"column":4},"end":{"line":49,"column":38}},"type":"if","locations":[{"start":{"line":49,"column":4},"end":{"line":49,"column":38}},{"start":{},"end":{}}],"line":49},"3":{"loc":{"start":{"line":53,"column":6},"end":{"line":54,"column":39}},"type":"binary-expr","locations":[{"start":{"line":53,"column":6},"end":{"line":53,"column":61}},{"start":{"line":54,"column":6},"end":{"line":54,"column":39}}],"line":53}},"s":{"0":2,"1":3,"2":3,"3":2,"4":2,"5":0,"6":2,"7":0,"8":2,"9":2,"10":24,"11":3,"12":1,"13":3},"f":{"0":3,"1":2,"2":24,"3":1},"b":{"0":[2],"1":[0,2],"2":[0,2],"3":[2,2]},"_coverageSchema":"1a1c01bbd47fc00a2c39e90264f33305004495a9","hash":"d340b2e61b74e3989c8ae37cd9bd486b8fd247c8"}
}
