{"C:\\Users\\Billy\\OneDrive\\Desktop\\CodeProjects\\Mum_Finance\\app\\_layout.tsx": {"path":"C:\\Users\\Billy\\OneDrive\\Desktop\\CodeProjects\\Mum_Finance\\app\\_layout.tsx","statementMap":{"0":{"start":{"line":7,"column":2},"end":{"line":21,"column":4}}},"fnMap":{"0":{"name":"RootLayout","decl":{"start":{"line":6,"column":24},"end":{"line":6,"column":34}},"loc":{"start":{"line":6,"column":37},"end":{"line":22,"column":1}},"line":6}},"branchMap":{},"s":{"0":0},"f":{"0":0},"b":{}}
,"C:\\Users\\Billy\\OneDrive\\Desktop\\CodeProjects\\Mum_Finance\\app\\backup.tsx": {"path":"C:\\Users\\Billy\\OneDrive\\Desktop\\CodeProjects\\Mum_Finance\\app\\backup.tsx","statementMap":{"0":{"start":{"line":18,"column":60},"end":{"line":18,"column":73}},"1":{"start":{"line":19,"column":40},"end":{"line":19,"column":55}},"2":{"start":{"line":20,"column":40},"end":{"line":20,"column":55}},"3":{"start":{"line":22,"column":23},"end":{"line":52,"column":3}},"4":{"start":{"line":23,"column":4},"end":{"line":51,"column":5}},"5":{"start":{"line":24,"column":19},"end":{"line":24,"column":32}},"6":{"start":{"line":25,"column":19},"end":{"line":25,"column":48}},"7":{"start":{"line":26,"column":23},"end":{"line":26,"column":89}},"8":{"start":{"line":28,"column":6},"end":{"line":47,"column":7}},"9":{"start":{"line":30,"column":21},"end":{"line":30,"column":67}},"10":{"start":{"line":31,"column":20},"end":{"line":31,"column":45}},"11":{"start":{"line":32,"column":18},"end":{"line":32,"column":45}},"12":{"start":{"line":33,"column":8},"end":{"line":33,"column":21}},"13":{"start":{"line":34,"column":8},"end":{"line":34,"column":30}},"14":{"start":{"line":35,"column":8},"end":{"line":35,"column":18}},"15":{"start":{"line":36,"column":8},"end":{"line":36,"column":33}},"16":{"start":{"line":37,"column":8},"end":{"line":37,"column":52}},"17":{"start":{"line":40,"column":24},"end":{"line":40,"column":63}},"18":{"start":{"line":41,"column":8},"end":{"line":41,"column":59}},"19":{"start":{"line":43,"column":8},"end":{"line":46,"column":11}},"20":{"start":{"line":49,"column":6},"end":{"line":49,"column":27}},"21":{"start":{"line":50,"column":6},"end":{"line":50,"column":54}},"22":{"start":{"line":54,"column":23},"end":{"line":56,"column":3}},"23":{"start":{"line":55,"column":4},"end":{"line":55,"column":25}},"24":{"start":{"line":58,"column":24},"end":{"line":101,"column":3}},"25":{"start":{"line":59,"column":4},"end":{"line":100,"column":5}},"26":{"start":{"line":60,"column":21},"end":{"line":63,"column":8}},"27":{"start":{"line":65,"column":6},"end":{"line":68,"column":7}},"28":{"start":{"line":66,"column":8},"end":{"line":66,"column":30}},"29":{"start":{"line":67,"column":8},"end":{"line":67,"column":15}},"30":{"start":{"line":70,"column":19},"end":{"line":70,"column":35}},"31":{"start":{"line":71,"column":20},"end":{"line":71,"column":22}},"32":{"start":{"line":73,"column":6},"end":{"line":78,"column":7}},"33":{"start":{"line":74,"column":25},"end":{"line":74,"column":46}},"34":{"start":{"line":75,"column":8},"end":{"line":75,"column":40}},"35":{"start":{"line":77,"column":8},"end":{"line":77,"column":63}},"36":{"start":{"line":80,"column":6},"end":{"line":95,"column":7}},"37":{"start":{"line":81,"column":21},"end":{"line":81,"column":40}},"38":{"start":{"line":83,"column":8},"end":{"line":85,"column":9}},"39":{"start":{"line":84,"column":10},"end":{"line":84,"column":51}},"40":{"start":{"line":87,"column":8},"end":{"line":87,"column":26}},"41":{"start":{"line":88,"column":8},"end":{"line":88,"column":30}},"42":{"start":{"line":91,"column":8},"end":{"line":91,"column":34}},"43":{"start":{"line":93,"column":8},"end":{"line":93,"column":30}},"44":{"start":{"line":94,"column":8},"end":{"line":94,"column":52}},"45":{"start":{"line":97,"column":6},"end":{"line":97,"column":27}},"46":{"start":{"line":98,"column":6},"end":{"line":98,"column":28}},"47":{"start":{"line":99,"column":6},"end":{"line":99,"column":54}},"48":{"start":{"line":103,"column":26},"end":{"line":107,"column":3}},"49":{"start":{"line":104,"column":17},"end":{"line":104,"column":30}},"50":{"start":{"line":105,"column":4},"end":{"line":105,"column":66}},"51":{"start":{"line":106,"column":4},"end":{"line":106,"column":58}},"52":{"start":{"line":109,"column":22},"end":{"line":111,"column":3}},"53":{"start":{"line":110,"column":4},"end":{"line":110,"column":25}},"54":{"start":{"line":113,"column":23},"end":{"line":117,"column":3}},"55":{"start":{"line":114,"column":4},"end":{"line":114,"column":12}},"56":{"start":{"line":115,"column":4},"end":{"line":115,"column":26}},"57":{"start":{"line":116,"column":4},"end":{"line":116,"column":30}},"58":{"start":{"line":119,"column":2},"end":{"line":121,"column":3}},"59":{"start":{"line":120,"column":4},"end":{"line":120,"column":16}},"60":{"start":{"line":123,"column":2},"end":{"line":262,"column":4}},"61":{"start":{"line":128,"column":25},"end":{"line":128,"column":38}},"62":{"start":{"line":184,"column":31},"end":{"line":184,"column":52}},"63":{"start":{"line":227,"column":33},"end":{"line":227,"column":54}}},"fnMap":{"0":{"name":"BackupScreen","decl":{"start":{"line":17,"column":24},"end":{"line":17,"column":36}},"loc":{"start":{"line":17,"column":39},"end":{"line":263,"column":1}},"line":17},"1":{"name":"(anonymous_1)","decl":{"start":{"line":22,"column":23},"end":{"line":22,"column":24}},"loc":{"start":{"line":22,"column":35},"end":{"line":52,"column":3}},"line":22},"2":{"name":"(anonymous_2)","decl":{"start":{"line":54,"column":23},"end":{"line":54,"column":24}},"loc":{"start":{"line":54,"column":35},"end":{"line":56,"column":3}},"line":54},"3":{"name":"(anonymous_3)","decl":{"start":{"line":58,"column":24},"end":{"line":58,"column":25}},"loc":{"start":{"line":58,"column":36},"end":{"line":101,"column":3}},"line":58},"4":{"name":"(anonymous_4)","decl":{"start":{"line":103,"column":26},"end":{"line":103,"column":27}},"loc":{"start":{"line":103,"column":38},"end":{"line":107,"column":3}},"line":103},"5":{"name":"(anonymous_5)","decl":{"start":{"line":109,"column":22},"end":{"line":109,"column":23}},"loc":{"start":{"line":109,"column":28},"end":{"line":111,"column":3}},"line":109},"6":{"name":"(anonymous_6)","decl":{"start":{"line":113,"column":23},"end":{"line":113,"column":24}},"loc":{"start":{"line":113,"column":29},"end":{"line":117,"column":3}},"line":113},"7":{"name":"(anonymous_7)","decl":{"start":{"line":128,"column":19},"end":{"line":128,"column":20}},"loc":{"start":{"line":128,"column":25},"end":{"line":128,"column":38}},"line":128},"8":{"name":"(anonymous_8)","decl":{"start":{"line":184,"column":25},"end":{"line":184,"column":26}},"loc":{"start":{"line":184,"column":31},"end":{"line":184,"column":52}},"line":184},"9":{"name":"(anonymous_9)","decl":{"start":{"line":227,"column":27},"end":{"line":227,"column":28}},"loc":{"start":{"line":227,"column":33},"end":{"line":227,"column":54}},"line":227}},"branchMap":{"0":{"loc":{"start":{"line":28,"column":6},"end":{"line":47,"column":7}},"type":"if","locations":[{"start":{"line":28,"column":6},"end":{"line":47,"column":7}},{"start":{"line":38,"column":13},"end":{"line":47,"column":7}}],"line":28},"1":{"loc":{"start":{"line":65,"column":6},"end":{"line":68,"column":7}},"type":"if","locations":[{"start":{"line":65,"column":6},"end":{"line":68,"column":7}},{"start":{},"end":{}}],"line":65},"2":{"loc":{"start":{"line":65,"column":10},"end":{"line":65,"column":46}},"type":"binary-expr","locations":[{"start":{"line":65,"column":10},"end":{"line":65,"column":25}},{"start":{"line":65,"column":29},"end":{"line":65,"column":46}}],"line":65},"3":{"loc":{"start":{"line":73,"column":6},"end":{"line":78,"column":7}},"type":"if","locations":[{"start":{"line":73,"column":6},"end":{"line":78,"column":7}},{"start":{"line":76,"column":13},"end":{"line":78,"column":7}}],"line":73},"4":{"loc":{"start":{"line":83,"column":8},"end":{"line":85,"column":9}},"type":"if","locations":[{"start":{"line":83,"column":8},"end":{"line":85,"column":9}},{"start":{},"end":{}}],"line":83},"5":{"loc":{"start":{"line":119,"column":2},"end":{"line":121,"column":3}},"type":"if","locations":[{"start":{"line":119,"column":2},"end":{"line":121,"column":3}},{"start":{},"end":{}}],"line":119},"6":{"loc":{"start":{"line":163,"column":9},"end":{"line":198,"column":17}},"type":"cond-expr","locations":[{"start":{"line":164,"column":10},"end":{"line":174,"column":22}},{"start":{"line":175,"column":10},"end":{"line":198,"column":17}}],"line":163},"7":{"loc":{"start":{"line":206,"column":11},"end":{"line":241,"column":19}},"type":"cond-expr","locations":[{"start":{"line":207,"column":12},"end":{"line":217,"column":24}},{"start":{"line":218,"column":12},"end":{"line":241,"column":19}}],"line":206}},"s":{"0":9,"1":9,"2":9,"3":9,"4":1,"5":1,"6":1,"7":1,"8":1,"9":0,"10":0,"11":0,"12":0,"13":0,"14":0,"15":0,"16":0,"17":1,"18":1,"19":1,"20":0,"21":0,"22":9,"23":1,"24":9,"25":1,"26":1,"27":1,"28":0,"29":0,"30":1,"31":1,"32":1,"33":0,"34":0,"35":1,"36":1,"37":1,"38":1,"39":0,"40":1,"41":1,"42":1,"43":0,"44":0,"45":0,"46":0,"47":0,"48":9,"49":0,"50":0,"51":0,"52":9,"53":1,"54":9,"55":1,"56":1,"57":1,"58":9,"59":0,"60":9,"61":0,"62":0,"63":0},"f":{"0":9,"1":1,"2":1,"3":1,"4":0,"5":1,"6":1,"7":0,"8":0,"9":0},"b":{"0":[0,1],"1":[0,1],"2":[1,1],"3":[0,1],"4":[0,1],"5":[0,9],"6":[7,2],"7":[8,1]},"_coverageSchema":"1a1c01bbd47fc00a2c39e90264f33305004495a9","hash":"5f9ffd83ddb680dd23b39254ba37bb326c08fa4e"}
,"C:\\Users\\Billy\\OneDrive\\Desktop\\CodeProjects\\Mum_Finance\\app\\import.tsx": {"path":"C:\\Users\\Billy\\OneDrive\\Desktop\\CodeProjects\\Mum_Finance\\app\\import.tsx","statementMap":{"0":{"start":{"line":19,"column":4},"end":{"line":19,"column":17}},"1":{"start":{"line":20,"column":36},"end":{"line":20,"column":51}},"2":{"start":{"line":21,"column":30},"end":{"line":26,"column":17}},"3":{"start":{"line":28,"column":25},"end":{"line":102,"column":3}},"4":{"start":{"line":29,"column":4},"end":{"line":101,"column":5}},"5":{"start":{"line":30,"column":6},"end":{"line":30,"column":25}},"6":{"start":{"line":31,"column":6},"end":{"line":31,"column":22}},"7":{"start":{"line":34,"column":24},"end":{"line":37,"column":8}},"8":{"start":{"line":39,"column":6},"end":{"line":42,"column":7}},"9":{"start":{"line":40,"column":8},"end":{"line":40,"column":28}},"10":{"start":{"line":41,"column":8},"end":{"line":41,"column":15}},"11":{"start":{"line":44,"column":19},"end":{"line":44,"column":38}},"12":{"start":{"line":45,"column":6},"end":{"line":48,"column":7}},"13":{"start":{"line":46,"column":8},"end":{"line":46,"column":28}},"14":{"start":{"line":47,"column":8},"end":{"line":47,"column":15}},"15":{"start":{"line":53,"column":6},"end":{"line":60,"column":7}},"16":{"start":{"line":55,"column":25},"end":{"line":55,"column":46}},"17":{"start":{"line":56,"column":8},"end":{"line":56,"column":40}},"18":{"start":{"line":59,"column":8},"end":{"line":59,"column":63}},"19":{"start":{"line":63,"column":26},"end":{"line":63,"column":43}},"20":{"start":{"line":65,"column":6},"end":{"line":69,"column":7}},"21":{"start":{"line":66,"column":8},"end":{"line":66,"column":67}},"22":{"start":{"line":67,"column":8},"end":{"line":67,"column":28}},"23":{"start":{"line":68,"column":8},"end":{"line":68,"column":15}},"24":{"start":{"line":72,"column":25},"end":{"line":72,"column":66}},"25":{"start":{"line":73,"column":29},"end":{"line":73,"column":73}},"26":{"start":{"line":76,"column":6},"end":{"line":76,"column":21}},"27":{"start":{"line":79,"column":6},"end":{"line":81,"column":7}},"28":{"start":{"line":80,"column":8},"end":{"line":80,"column":44}},"29":{"start":{"line":84,"column":20},"end":{"line":87,"column":7}},"30":{"start":{"line":85,"column":20},"end":{"line":85,"column":34}},"31":{"start":{"line":89,"column":6},"end":{"line":94,"column":9}},"32":{"start":{"line":96,"column":6},"end":{"line":96,"column":26}},"33":{"start":{"line":98,"column":6},"end":{"line":98,"column":44}},"34":{"start":{"line":99,"column":6},"end":{"line":99,"column":71}},"35":{"start":{"line":100,"column":6},"end":{"line":100,"column":26}},"36":{"start":{"line":104,"column":21},"end":{"line":106,"column":3}},"37":{"start":{"line":105,"column":4},"end":{"line":105,"column":18}},"38":{"start":{"line":108,"column":2},"end":{"line":251,"column":4}},"39":{"start":{"line":113,"column":25},"end":{"line":113,"column":38}},"40":{"start":{"line":136,"column":14},"end":{"line":145,"column":21}},"41":{"start":{"line":158,"column":12},"end":{"line":165,"column":19}}},"fnMap":{"0":{"name":"ImportScreen","decl":{"start":{"line":17,"column":24},"end":{"line":17,"column":36}},"loc":{"start":{"line":17,"column":39},"end":{"line":252,"column":1}},"line":17},"1":{"name":"(anonymous_1)","decl":{"start":{"line":28,"column":25},"end":{"line":28,"column":26}},"loc":{"start":{"line":28,"column":37},"end":{"line":102,"column":3}},"line":28},"2":{"name":"(anonymous_2)","decl":{"start":{"line":85,"column":8},"end":{"line":85,"column":9}},"loc":{"start":{"line":85,"column":20},"end":{"line":85,"column":34}},"line":85},"3":{"name":"(anonymous_3)","decl":{"start":{"line":104,"column":21},"end":{"line":104,"column":22}},"loc":{"start":{"line":104,"column":27},"end":{"line":106,"column":3}},"line":104},"4":{"name":"(anonymous_4)","decl":{"start":{"line":113,"column":19},"end":{"line":113,"column":20}},"loc":{"start":{"line":113,"column":25},"end":{"line":113,"column":38}},"line":113},"5":{"name":"(anonymous_5)","decl":{"start":{"line":135,"column":18},"end":{"line":135,"column":19}},"loc":{"start":{"line":136,"column":14},"end":{"line":145,"column":21}},"line":136},"6":{"name":"(anonymous_6)","decl":{"start":{"line":157,"column":64},"end":{"line":157,"column":65}},"loc":{"start":{"line":158,"column":12},"end":{"line":165,"column":19}},"line":158}},"branchMap":{"0":{"loc":{"start":{"line":39,"column":6},"end":{"line":42,"column":7}},"type":"if","locations":[{"start":{"line":39,"column":6},"end":{"line":42,"column":7}},{"start":{},"end":{}}],"line":39},"1":{"loc":{"start":{"line":45,"column":6},"end":{"line":48,"column":7}},"type":"if","locations":[{"start":{"line":45,"column":6},"end":{"line":48,"column":7}},{"start":{},"end":{}}],"line":45},"2":{"loc":{"start":{"line":53,"column":6},"end":{"line":60,"column":7}},"type":"if","locations":[{"start":{"line":53,"column":6},"end":{"line":60,"column":7}},{"start":{"line":57,"column":13},"end":{"line":60,"column":7}}],"line":53},"3":{"loc":{"start":{"line":65,"column":6},"end":{"line":69,"column":7}},"type":"if","locations":[{"start":{"line":65,"column":6},"end":{"line":69,"column":7}},{"start":{},"end":{}}],"line":65},"4":{"loc":{"start":{"line":79,"column":6},"end":{"line":81,"column":7}},"type":"if","locations":[{"start":{"line":79,"column":6},"end":{"line":81,"column":7}},{"start":{},"end":{}}],"line":79},"5":{"loc":{"start":{"line":176,"column":12},"end":{"line":178,"column":63}},"type":"cond-expr","locations":[{"start":{"line":177,"column":14},"end":{"line":177,"column":45}},{"start":{"line":178,"column":14},"end":{"line":178,"column":63}}],"line":176},"6":{"loc":{"start":{"line":182,"column":44},"end":{"line":182,"column":106}},"type":"cond-expr","locations":[{"start":{"line":182,"column":56},"end":{"line":182,"column":68}},{"start":{"line":182,"column":71},"end":{"line":182,"column":106}}],"line":182},"7":{"loc":{"start":{"line":184,"column":13},"end":{"line":184,"column":60}},"type":"cond-expr","locations":[{"start":{"line":184,"column":25},"end":{"line":184,"column":40}},{"start":{"line":184,"column":43},"end":{"line":184,"column":60}}],"line":184},"8":{"loc":{"start":{"line":190,"column":7},"end":{"line":241,"column":7}},"type":"binary-expr","locations":[{"start":{"line":190,"column":7},"end":{"line":190,"column":13}},{"start":{"line":191,"column":8},"end":{"line":240,"column":15}}],"line":190},"9":{"loc":{"start":{"line":213,"column":15},"end":{"line":222,"column":15}},"type":"binary-expr","locations":[{"start":{"line":213,"column":15},"end":{"line":213,"column":36}},{"start":{"line":214,"column":16},"end":{"line":221,"column":23}}],"line":213}},"s":{"0":21,"1":21,"2":21,"3":21,"4":3,"5":3,"6":3,"7":3,"8":3,"9":0,"10":0,"11":3,"12":3,"13":0,"14":0,"15":3,"16":0,"17":0,"18":3,"19":3,"20":3,"21":0,"22":0,"23":0,"24":3,"25":3,"26":3,"27":3,"28":2,"29":3,"30":3,"31":3,"32":3,"33":0,"34":0,"35":0,"36":21,"37":0,"38":21,"39":0,"40":84,"41":105},"f":{"0":21,"1":3,"2":3,"3":0,"4":0,"5":84,"6":105},"b":{"0":[0,3],"1":[0,3],"2":[0,3],"3":[0,3],"4":[2,1],"5":[14,7],"6":[14,7],"7":[14,7],"8":[21,6],"9":[6,0]},"_coverageSchema":"1a1c01bbd47fc00a2c39e90264f33305004495a9","hash":"ae2fbde9320f6494820d1918108a46b69ca77a1d"}
,"C:\\Users\\Billy\\OneDrive\\Desktop\\CodeProjects\\Mum_Finance\\app\\(tabs)\\_layout.tsx": {"path":"C:\\Users\\Billy\\OneDrive\\Desktop\\CodeProjects\\Mum_Finance\\app\\(tabs)\\_layout.tsx","statementMap":{"0":{"start":{"line":6,"column":40},"end":{"line":11,"column":3}},"1":{"start":{"line":13,"column":2},"end":{"line":19,"column":4}},"2":{"start":{"line":23,"column":2},"end":{"line":95,"column":4}},"3":{"start":{"line":63,"column":12},"end":{"line":63,"column":53}},"4":{"start":{"line":72,"column":12},"end":{"line":72,"column":53}},"5":{"start":{"line":81,"column":12},"end":{"line":81,"column":57}},"6":{"start":{"line":90,"column":12},"end":{"line":90,"column":57}}},"fnMap":{"0":{"name":"TabIcon","decl":{"start":{"line":5,"column":9},"end":{"line":5,"column":16}},"loc":{"start":{"line":5,"column":72},"end":{"line":20,"column":1}},"line":5},"1":{"name":"TabLayout","decl":{"start":{"line":22,"column":24},"end":{"line":22,"column":33}},"loc":{"start":{"line":22,"column":36},"end":{"line":96,"column":1}},"line":22},"2":{"name":"(anonymous_2)","decl":{"start":{"line":62,"column":22},"end":{"line":62,"column":23}},"loc":{"start":{"line":63,"column":12},"end":{"line":63,"column":53}},"line":63},"3":{"name":"(anonymous_3)","decl":{"start":{"line":71,"column":22},"end":{"line":71,"column":23}},"loc":{"start":{"line":72,"column":12},"end":{"line":72,"column":53}},"line":72},"4":{"name":"(anonymous_4)","decl":{"start":{"line":80,"column":22},"end":{"line":80,"column":23}},"loc":{"start":{"line":81,"column":12},"end":{"line":81,"column":57}},"line":81},"5":{"name":"(anonymous_5)","decl":{"start":{"line":89,"column":22},"end":{"line":89,"column":23}},"loc":{"start":{"line":90,"column":12},"end":{"line":90,"column":57}},"line":90}},"branchMap":{"0":{"loc":{"start":{"line":15,"column":35},"end":{"line":15,"column":73}},"type":"cond-expr","locations":[{"start":{"line":15,"column":45},"end":{"line":15,"column":58}},{"start":{"line":15,"column":61},"end":{"line":15,"column":73}}],"line":15}},"s":{"0":0,"1":0,"2":1,"3":2,"4":2,"5":2,"6":2},"f":{"0":0,"1":1,"2":2,"3":2,"4":2,"5":2},"b":{"0":[0,0]},"_coverageSchema":"1a1c01bbd47fc00a2c39e90264f33305004495a9","hash":"8fd995197cf686db8d7fedbad2839f08af1cb390"}
,"C:\\Users\\Billy\\OneDrive\\Desktop\\CodeProjects\\Mum_Finance\\app\\(tabs)\\calendar.tsx": {"path":"C:\\Users\\Billy\\OneDrive\\Desktop\\CodeProjects\\Mum_Finance\\app\\(tabs)\\calendar.tsx","statementMap":{"0":{"start":{"line":18,"column":4},"end":{"line":25,"column":5}},"1":{"start":{"line":19,"column":29},"end":{"line":24,"column":7}},"2":{"start":{"line":28,"column":24},"end":{"line":73,"column":38}},"3":{"start":{"line":29,"column":4},"end":{"line":29,"column":33}},"4":{"start":{"line":29,"column":23},"end":{"line":29,"column":33}},"5":{"start":{"line":30,"column":18},"end":{"line":30,"column":28}},"6":{"start":{"line":31,"column":20},"end":{"line":31,"column":38}},"7":{"start":{"line":32,"column":34},"end":{"line":32,"column":36}},"8":{"start":{"line":33,"column":25},"end":{"line":33,"column":36}},"9":{"start":{"line":35,"column":4},"end":{"line":61,"column":7}},"10":{"start":{"line":37,"column":28},"end":{"line":41,"column":7}},"11":{"start":{"line":42,"column":20},"end":{"line":42,"column":33}},"12":{"start":{"line":44,"column":6},"end":{"line":51,"column":7}},"13":{"start":{"line":46,"column":8},"end":{"line":50,"column":10}},"14":{"start":{"line":53,"column":6},"end":{"line":60,"column":7}},"15":{"start":{"line":54,"column":8},"end":{"line":59,"column":11}},"16":{"start":{"line":64,"column":4},"end":{"line":64,"column":68}},"17":{"start":{"line":64,"column":25},"end":{"line":64,"column":66}},"18":{"start":{"line":67,"column":4},"end":{"line":70,"column":7}},"19":{"start":{"line":68,"column":6},"end":{"line":68,"column":36}},"20":{"start":{"line":69,"column":6},"end":{"line":69,"column":45}},"21":{"start":{"line":72,"column":4},"end":{"line":72,"column":17}},"22":{"start":{"line":76,"column":22},"end":{"line":98,"column":21}},"23":{"start":{"line":77,"column":50},"end":{"line":81,"column":5}},"24":{"start":{"line":83,"column":18},"end":{"line":83,"column":28}},"25":{"start":{"line":84,"column":20},"end":{"line":84,"column":37}},"26":{"start":{"line":85,"column":21},"end":{"line":85,"column":39}},"27":{"start":{"line":87,"column":4},"end":{"line":95,"column":7}},"28":{"start":{"line":88,"column":6},"end":{"line":94,"column":7}},"29":{"start":{"line":89,"column":8},"end":{"line":89,"column":38}},"30":{"start":{"line":90,"column":13},"end":{"line":94,"column":7}},"31":{"start":{"line":91,"column":8},"end":{"line":91,"column":38}},"32":{"start":{"line":93,"column":8},"end":{"line":93,"column":45}},"33":{"start":{"line":97,"column":4},"end":{"line":97,"column":74}},"34":{"start":{"line":97,"column":56},"end":{"line":97,"column":72}},"35":{"start":{"line":100,"column":2},"end":{"line":198,"column":4}},"36":{"start":{"line":127,"column":10},"end":{"line":179,"column":17}},"37":{"start":{"line":135,"column":16},"end":{"line":176,"column":23}}},"fnMap":{"0":{"name":"CalendarScreen","decl":{"start":{"line":16,"column":24},"end":{"line":16,"column":38}},"loc":{"start":{"line":16,"column":41},"end":{"line":199,"column":1}},"line":16},"1":{"name":"(anonymous_1)","decl":{"start":{"line":19,"column":17},"end":{"line":19,"column":18}},"loc":{"start":{"line":19,"column":29},"end":{"line":24,"column":7}},"line":19},"2":{"name":"(anonymous_2)","decl":{"start":{"line":28,"column":32},"end":{"line":28,"column":33}},"loc":{"start":{"line":28,"column":38},"end":{"line":73,"column":3}},"line":28},"3":{"name":"(anonymous_3)","decl":{"start":{"line":35,"column":30},"end":{"line":35,"column":31}},"loc":{"start":{"line":35,"column":43},"end":{"line":61,"column":5}},"line":35},"4":{"name":"(anonymous_4)","decl":{"start":{"line":64,"column":15},"end":{"line":64,"column":16}},"loc":{"start":{"line":64,"column":25},"end":{"line":64,"column":66}},"line":64},"5":{"name":"(anonymous_5)","decl":{"start":{"line":67,"column":18},"end":{"line":67,"column":19}},"loc":{"start":{"line":67,"column":28},"end":{"line":70,"column":5}},"line":67},"6":{"name":"(anonymous_6)","decl":{"start":{"line":76,"column":30},"end":{"line":76,"column":31}},"loc":{"start":{"line":76,"column":36},"end":{"line":98,"column":3}},"line":76},"7":{"name":"(anonymous_7)","decl":{"start":{"line":87,"column":26},"end":{"line":87,"column":27}},"loc":{"start":{"line":87,"column":36},"end":{"line":95,"column":5}},"line":87},"8":{"name":"(anonymous_8)","decl":{"start":{"line":97,"column":40},"end":{"line":97,"column":41}},"loc":{"start":{"line":97,"column":56},"end":{"line":97,"column":72}},"line":97},"9":{"name":"(anonymous_9)","decl":{"start":{"line":126,"column":25},"end":{"line":126,"column":26}},"loc":{"start":{"line":127,"column":10},"end":{"line":179,"column":17}},"line":127},"10":{"name":"(anonymous_10)","decl":{"start":{"line":134,"column":25},"end":{"line":134,"column":26}},"loc":{"start":{"line":135,"column":16},"end":{"line":176,"column":23}},"line":135}},"branchMap":{"0":{"loc":{"start":{"line":29,"column":4},"end":{"line":29,"column":33}},"type":"if","locations":[{"start":{"line":29,"column":4},"end":{"line":29,"column":33}},{"start":{},"end":{}}],"line":29},"1":{"loc":{"start":{"line":44,"column":6},"end":{"line":51,"column":7}},"type":"if","locations":[{"start":{"line":44,"column":6},"end":{"line":51,"column":7}},{"start":{},"end":{}}],"line":44},"2":{"loc":{"start":{"line":53,"column":6},"end":{"line":60,"column":7}},"type":"if","locations":[{"start":{"line":53,"column":6},"end":{"line":60,"column":7}},{"start":{},"end":{}}],"line":53},"3":{"loc":{"start":{"line":53,"column":10},"end":{"line":53,"column":63}},"type":"binary-expr","locations":[{"start":{"line":53,"column":10},"end":{"line":53,"column":36}},{"start":{"line":53,"column":40},"end":{"line":53,"column":63}}],"line":53},"4":{"loc":{"start":{"line":88,"column":6},"end":{"line":94,"column":7}},"type":"if","locations":[{"start":{"line":88,"column":6},"end":{"line":94,"column":7}},{"start":{"line":90,"column":13},"end":{"line":94,"column":7}}],"line":88},"5":{"loc":{"start":{"line":90,"column":13},"end":{"line":94,"column":7}},"type":"if","locations":[{"start":{"line":90,"column":13},"end":{"line":94,"column":7}},{"start":{"line":92,"column":13},"end":{"line":94,"column":7}}],"line":90},"6":{"loc":{"start":{"line":138,"column":20},"end":{"line":140,"column":24}},"type":"cond-expr","locations":[{"start":{"line":139,"column":22},"end":{"line":139,"column":70}},{"start":{"line":140,"column":22},"end":{"line":140,"column":24}}],"line":138},"7":{"loc":{"start":{"line":158,"column":26},"end":{"line":160,"column":61}},"type":"cond-expr","locations":[{"start":{"line":159,"column":28},"end":{"line":159,"column":43}},{"start":{"line":160,"column":28},"end":{"line":160,"column":61}}],"line":158},"8":{"loc":{"start":{"line":169,"column":19},"end":{"line":175,"column":19}},"type":"binary-expr","locations":[{"start":{"line":169,"column":19},"end":{"line":169,"column":44}},{"start":{"line":170,"column":20},"end":{"line":174,"column":27}}],"line":169},"9":{"loc":{"start":{"line":183,"column":9},"end":{"line":192,"column":9}},"type":"binary-expr","locations":[{"start":{"line":183,"column":9},"end":{"line":183,"column":35}},{"start":{"line":184,"column":10},"end":{"line":191,"column":17}}],"line":183}},"s":{"0":3,"1":3,"2":3,"3":3,"4":0,"5":3,"6":3,"7":3,"8":3,"9":3,"10":2,"11":2,"12":2,"13":0,"14":2,"15":2,"16":3,"17":0,"18":3,"19":2,"20":2,"21":3,"22":3,"23":3,"24":3,"25":3,"26":3,"27":3,"28":2,"29":2,"30":0,"31":0,"32":0,"33":3,"34":9,"35":3,"36":2,"37":2},"f":{"0":3,"1":3,"2":3,"3":2,"4":0,"5":2,"6":3,"7":2,"8":9,"9":2,"10":2},"b":{"0":[0,3],"1":[0,2],"2":[2,0],"3":[2,2],"4":[2,0],"5":[0,0],"6":[0,2],"7":[1,1],"8":[2,1],"9":[3,1]},"_coverageSchema":"1a1c01bbd47fc00a2c39e90264f33305004495a9","hash":"921768e38a46438c0d6cfcabf31d32df2b5d526a"}
,"C:\\Users\\Billy\\OneDrive\\Desktop\\CodeProjects\\Mum_Finance\\app\\(tabs)\\index.tsx": {"path":"C:\\Users\\Billy\\OneDrive\\Desktop\\CodeProjects\\Mum_Finance\\app\\(tabs)\\index.tsx","statementMap":{"0":{"start":{"line":28,"column":6},"end":{"line":36,"column":3}},"1":{"start":{"line":29,"column":27},"end":{"line":35,"column":5}},"2":{"start":{"line":38,"column":25},"end":{"line":38,"column":69}},"3":{"start":{"line":38,"column":48},"end":{"line":38,"column":68}},"4":{"start":{"line":40,"column":60},"end":{"line":40,"column":75}},"5":{"start":{"line":41,"column":46},"end":{"line":41,"column":78}},"6":{"start":{"line":42,"column":58},"end":{"line":42,"column":73}},"7":{"start":{"line":45,"column":2},"end":{"line":52,"column":21}},"8":{"start":{"line":46,"column":4},"end":{"line":51,"column":5}},"9":{"start":{"line":47,"column":19},"end":{"line":49,"column":8}},"10":{"start":{"line":48,"column":8},"end":{"line":48,"column":38}},"11":{"start":{"line":50,"column":6},"end":{"line":50,"column":33}},"12":{"start":{"line":50,"column":19},"end":{"line":50,"column":32}},"13":{"start":{"line":54,"column":27},"end":{"line":57,"column":3}},"14":{"start":{"line":55,"column":4},"end":{"line":55,"column":46}},"15":{"start":{"line":56,"column":4},"end":{"line":56,"column":35}},"16":{"start":{"line":59,"column":22},"end":{"line":65,"column":3}},"17":{"start":{"line":60,"column":16},"end":{"line":60,"column":49}},"18":{"start":{"line":61,"column":4},"end":{"line":63,"column":5}},"19":{"start":{"line":62,"column":6},"end":{"line":62,"column":26}},"20":{"start":{"line":64,"column":4},"end":{"line":64,"column":36}},"21":{"start":{"line":67,"column":41},"end":{"line":82,"column":4}},"22":{"start":{"line":68,"column":4},"end":{"line":69,"column":78}},"23":{"start":{"line":69,"column":6},"end":{"line":69,"column":78}},"24":{"start":{"line":70,"column":4},"end":{"line":75,"column":6}},"25":{"start":{"line":85,"column":36},"end":{"line":88,"column":42}},"26":{"start":{"line":86,"column":4},"end":{"line":86,"column":51}},"27":{"start":{"line":86,"column":31},"end":{"line":86,"column":51}},"28":{"start":{"line":87,"column":4},"end":{"line":87,"column":49}},"29":{"start":{"line":91,"column":37},"end":{"line":94,"column":42}},"30":{"start":{"line":92,"column":4},"end":{"line":92,"column":51}},"31":{"start":{"line":92,"column":31},"end":{"line":92,"column":51}},"32":{"start":{"line":93,"column":4},"end":{"line":93,"column":42}},"33":{"start":{"line":96,"column":21},"end":{"line":96,"column":37}},"34":{"start":{"line":98,"column":2},"end":{"line":104,"column":3}},"35":{"start":{"line":99,"column":4},"end":{"line":103,"column":6}},"36":{"start":{"line":106,"column":2},"end":{"line":343,"column":4}},"37":{"start":{"line":242,"column":16},"end":{"line":257,"column":23}},"38":{"start":{"line":296,"column":30},"end":{"line":296,"column":61}},"39":{"start":{"line":323,"column":31},"end":{"line":323,"column":62}}},"fnMap":{"0":{"name":"DashboardScreen","decl":{"start":{"line":21,"column":24},"end":{"line":21,"column":39}},"loc":{"start":{"line":21,"column":42},"end":{"line":344,"column":1}},"line":21},"1":{"name":"(anonymous_1)","decl":{"start":{"line":29,"column":15},"end":{"line":29,"column":16}},"loc":{"start":{"line":29,"column":27},"end":{"line":35,"column":5}},"line":29},"2":{"name":"(anonymous_2)","decl":{"start":{"line":38,"column":37},"end":{"line":38,"column":38}},"loc":{"start":{"line":38,"column":48},"end":{"line":38,"column":68}},"line":38},"3":{"name":"(anonymous_3)","decl":{"start":{"line":45,"column":12},"end":{"line":45,"column":13}},"loc":{"start":{"line":45,"column":18},"end":{"line":52,"column":3}},"line":45},"4":{"name":"(anonymous_4)","decl":{"start":{"line":47,"column":59},"end":{"line":47,"column":60}},"loc":{"start":{"line":47,"column":65},"end":{"line":49,"column":7}},"line":47},"5":{"name":"(anonymous_5)","decl":{"start":{"line":50,"column":13},"end":{"line":50,"column":14}},"loc":{"start":{"line":50,"column":19},"end":{"line":50,"column":32}},"line":50},"6":{"name":"(anonymous_6)","decl":{"start":{"line":54,"column":27},"end":{"line":54,"column":28}},"loc":{"start":{"line":54,"column":33},"end":{"line":57,"column":3}},"line":54},"7":{"name":"(anonymous_7)","decl":{"start":{"line":59,"column":22},"end":{"line":59,"column":23}},"loc":{"start":{"line":59,"column":28},"end":{"line":65,"column":3}},"line":59},"8":{"name":"(anonymous_8)","decl":{"start":{"line":67,"column":49},"end":{"line":67,"column":50}},"loc":{"start":{"line":67,"column":55},"end":{"line":76,"column":3}},"line":67},"9":{"name":"(anonymous_9)","decl":{"start":{"line":85,"column":44},"end":{"line":85,"column":45}},"loc":{"start":{"line":85,"column":50},"end":{"line":88,"column":3}},"line":85},"10":{"name":"(anonymous_10)","decl":{"start":{"line":91,"column":45},"end":{"line":91,"column":46}},"loc":{"start":{"line":91,"column":51},"end":{"line":94,"column":3}},"line":91},"11":{"name":"(anonymous_11)","decl":{"start":{"line":241,"column":45},"end":{"line":241,"column":46}},"loc":{"start":{"line":242,"column":16},"end":{"line":257,"column":23}},"line":242},"12":{"name":"(anonymous_12)","decl":{"start":{"line":296,"column":24},"end":{"line":296,"column":25}},"loc":{"start":{"line":296,"column":30},"end":{"line":296,"column":61}},"line":296},"13":{"name":"(anonymous_13)","decl":{"start":{"line":323,"column":25},"end":{"line":323,"column":26}},"loc":{"start":{"line":323,"column":31},"end":{"line":323,"column":62}},"line":323}},"branchMap":{"0":{"loc":{"start":{"line":46,"column":4},"end":{"line":51,"column":5}},"type":"if","locations":[{"start":{"line":46,"column":4},"end":{"line":51,"column":5}},{"start":{},"end":{}}],"line":46},"1":{"loc":{"start":{"line":60,"column":27},"end":{"line":60,"column":48}},"type":"binary-expr","locations":[{"start":{"line":60,"column":27},"end":{"line":60,"column":41}},{"start":{"line":60,"column":45},"end":{"line":60,"column":48}}],"line":60},"2":{"loc":{"start":{"line":61,"column":4},"end":{"line":63,"column":5}},"type":"if","locations":[{"start":{"line":61,"column":4},"end":{"line":63,"column":5}},{"start":{},"end":{}}],"line":61},"3":{"loc":{"start":{"line":68,"column":4},"end":{"line":69,"column":78}},"type":"if","locations":[{"start":{"line":68,"column":4},"end":{"line":69,"column":78}},{"start":{},"end":{}}],"line":68},"4":{"loc":{"start":{"line":86,"column":4},"end":{"line":86,"column":51}},"type":"if","locations":[{"start":{"line":86,"column":4},"end":{"line":86,"column":51}},{"start":{},"end":{}}],"line":86},"5":{"loc":{"start":{"line":92,"column":4},"end":{"line":92,"column":51}},"type":"if","locations":[{"start":{"line":92,"column":4},"end":{"line":92,"column":51}},{"start":{},"end":{}}],"line":92},"6":{"loc":{"start":{"line":98,"column":2},"end":{"line":104,"column":3}},"type":"if","locations":[{"start":{"line":98,"column":2},"end":{"line":104,"column":3}},{"start":{},"end":{}}],"line":98},"7":{"loc":{"start":{"line":140,"column":12},"end":{"line":140,"column":58}},"type":"cond-expr","locations":[{"start":{"line":140,"column":25},"end":{"line":140,"column":40}},{"start":{"line":140,"column":43},"end":{"line":140,"column":58}}],"line":140},"8":{"loc":{"start":{"line":208,"column":11},"end":{"line":223,"column":11}},"type":"binary-expr","locations":[{"start":{"line":208,"column":11},"end":{"line":208,"column":30}},{"start":{"line":209,"column":12},"end":{"line":222,"column":19}}],"line":208},"9":{"loc":{"start":{"line":227,"column":9},"end":{"line":269,"column":9}},"type":"binary-expr","locations":[{"start":{"line":227,"column":9},"end":{"line":227,"column":33}},{"start":{"line":228,"column":10},"end":{"line":268,"column":17}}],"line":227},"10":{"loc":{"start":{"line":261,"column":13},"end":{"line":267,"column":13}},"type":"binary-expr","locations":[{"start":{"line":261,"column":13},"end":{"line":261,"column":37}},{"start":{"line":262,"column":14},"end":{"line":266,"column":26}}],"line":261},"11":{"loc":{"start":{"line":272,"column":9},"end":{"line":285,"column":9}},"type":"binary-expr","locations":[{"start":{"line":272,"column":9},"end":{"line":272,"column":34}},{"start":{"line":273,"column":10},"end":{"line":284,"column":17}}],"line":272}},"s":{"0":11,"1":12,"2":11,"3":12,"4":11,"5":11,"6":11,"7":11,"8":4,"9":4,"10":4,"11":4,"12":4,"13":11,"14":1,"15":1,"16":11,"17":1,"18":1,"19":1,"20":1,"21":11,"22":9,"23":5,"24":4,"25":11,"26":8,"27":4,"28":4,"29":11,"30":8,"31":4,"32":4,"33":11,"34":11,"35":0,"36":11,"37":0,"38":0,"39":0},"f":{"0":11,"1":12,"2":12,"3":4,"4":4,"5":4,"6":1,"7":1,"8":9,"9":8,"10":8,"11":0,"12":0,"13":0},"b":{"0":[4,0],"1":[1,0],"2":[1,0],"3":[5,4],"4":[4,4],"5":[4,4],"6":[0,11],"7":[11,0],"8":[11,0],"9":[11,0],"10":[0,0],"11":[11,9]},"_coverageSchema":"1a1c01bbd47fc00a2c39e90264f33305004495a9","hash":"faaa2149fc1e7e223d0d0ccba459c8ec81517252"}
,"C:\\Users\\Billy\\OneDrive\\Desktop\\CodeProjects\\Mum_Finance\\app\\(tabs)\\insights.tsx": {"path":"C:\\Users\\Billy\\OneDrive\\Desktop\\CodeProjects\\Mum_Finance\\app\\(tabs)\\insights.tsx","statementMap":{"0":{"start":{"line":11,"column":41},"end":{"line":11,"column":54}},"1":{"start":{"line":14,"column":22},"end":{"line":17,"column":34}},"2":{"start":{"line":15,"column":4},"end":{"line":15,"column":64}},"3":{"start":{"line":15,"column":23},"end":{"line":15,"column":64}},"4":{"start":{"line":16,"column":4},"end":{"line":16,"column":49}},"5":{"start":{"line":20,"column":24},"end":{"line":23,"column":34}},"6":{"start":{"line":21,"column":4},"end":{"line":21,"column":61}},"7":{"start":{"line":21,"column":23},"end":{"line":21,"column":61}},"8":{"start":{"line":22,"column":4},"end":{"line":22,"column":42}},"9":{"start":{"line":26,"column":24},"end":{"line":29,"column":34}},"10":{"start":{"line":27,"column":4},"end":{"line":27,"column":33}},"11":{"start":{"line":27,"column":23},"end":{"line":27,"column":33}},"12":{"start":{"line":28,"column":4},"end":{"line":28,"column":45}},"13":{"start":{"line":32,"column":23},"end":{"line":54,"column":20}},"14":{"start":{"line":33,"column":4},"end":{"line":33,"column":33}},"15":{"start":{"line":33,"column":23},"end":{"line":33,"column":33}},"16":{"start":{"line":34,"column":55},"end":{"line":34,"column":57}},"17":{"start":{"line":35,"column":16},"end":{"line":35,"column":26}},"18":{"start":{"line":37,"column":4},"end":{"line":51,"column":5}},"19":{"start":{"line":37,"column":17},"end":{"line":37,"column":19}},"20":{"start":{"line":38,"column":24},"end":{"line":38,"column":41}},"21":{"start":{"line":39,"column":23},"end":{"line":39,"column":62}},"22":{"start":{"line":40,"column":24},"end":{"line":45,"column":7}},"23":{"start":{"line":42,"column":10},"end":{"line":44,"column":22}},"24":{"start":{"line":46,"column":20},"end":{"line":46,"column":77}},"25":{"start":{"line":46,"column":49},"end":{"line":46,"column":73}},"26":{"start":{"line":47,"column":6},"end":{"line":50,"column":9}},"27":{"start":{"line":53,"column":4},"end":{"line":53,"column":18}},"28":{"start":{"line":56,"column":21},"end":{"line":56,"column":69}},"29":{"start":{"line":56,"column":57},"end":{"line":56,"column":64}},"30":{"start":{"line":58,"column":2},"end":{"line":195,"column":4}},"31":{"start":{"line":122,"column":14},"end":{"line":149,"column":21}},"32":{"start":{"line":166,"column":14},"end":{"line":174,"column":21}},"33":{"start":{"line":181,"column":14},"end":{"line":186,"column":21}}},"fnMap":{"0":{"name":"InsightsScreen","decl":{"start":{"line":10,"column":24},"end":{"line":10,"column":38}},"loc":{"start":{"line":10,"column":41},"end":{"line":196,"column":1}},"line":10},"1":{"name":"(anonymous_1)","decl":{"start":{"line":14,"column":30},"end":{"line":14,"column":31}},"loc":{"start":{"line":14,"column":36},"end":{"line":17,"column":3}},"line":14},"2":{"name":"(anonymous_2)","decl":{"start":{"line":20,"column":32},"end":{"line":20,"column":33}},"loc":{"start":{"line":20,"column":38},"end":{"line":23,"column":3}},"line":20},"3":{"name":"(anonymous_3)","decl":{"start":{"line":26,"column":32},"end":{"line":26,"column":33}},"loc":{"start":{"line":26,"column":38},"end":{"line":29,"column":3}},"line":26},"4":{"name":"(anonymous_4)","decl":{"start":{"line":32,"column":31},"end":{"line":32,"column":32}},"loc":{"start":{"line":32,"column":37},"end":{"line":54,"column":3}},"line":32},"5":{"name":"(anonymous_5)","decl":{"start":{"line":41,"column":8},"end":{"line":41,"column":9}},"loc":{"start":{"line":42,"column":10},"end":{"line":44,"column":22}},"line":42},"6":{"name":"(anonymous_6)","decl":{"start":{"line":46,"column":37},"end":{"line":46,"column":38}},"loc":{"start":{"line":46,"column":49},"end":{"line":46,"column":73}},"line":46},"7":{"name":"(anonymous_7)","decl":{"start":{"line":56,"column":50},"end":{"line":56,"column":51}},"loc":{"start":{"line":56,"column":57},"end":{"line":56,"column":64}},"line":56},"8":{"name":"(anonymous_8)","decl":{"start":{"line":121,"column":30},"end":{"line":121,"column":31}},"loc":{"start":{"line":122,"column":14},"end":{"line":149,"column":21}},"line":122},"9":{"name":"(anonymous_9)","decl":{"start":{"line":165,"column":30},"end":{"line":165,"column":31}},"loc":{"start":{"line":166,"column":14},"end":{"line":174,"column":21}},"line":166},"10":{"name":"(anonymous_10)","decl":{"start":{"line":180,"column":30},"end":{"line":180,"column":31}},"loc":{"start":{"line":181,"column":14},"end":{"line":186,"column":21}},"line":181}},"branchMap":{"0":{"loc":{"start":{"line":15,"column":4},"end":{"line":15,"column":64}},"type":"if","locations":[{"start":{"line":15,"column":4},"end":{"line":15,"column":64}},{"start":{},"end":{}}],"line":15},"1":{"loc":{"start":{"line":21,"column":4},"end":{"line":21,"column":61}},"type":"if","locations":[{"start":{"line":21,"column":4},"end":{"line":21,"column":61}},{"start":{},"end":{}}],"line":21},"2":{"loc":{"start":{"line":27,"column":4},"end":{"line":27,"column":33}},"type":"if","locations":[{"start":{"line":27,"column":4},"end":{"line":27,"column":33}},{"start":{},"end":{}}],"line":27},"3":{"loc":{"start":{"line":33,"column":4},"end":{"line":33,"column":33}},"type":"if","locations":[{"start":{"line":33,"column":4},"end":{"line":33,"column":33}},{"start":{},"end":{}}],"line":33},"4":{"loc":{"start":{"line":42,"column":10},"end":{"line":44,"column":22}},"type":"binary-expr","locations":[{"start":{"line":42,"column":10},"end":{"line":42,"column":37}},{"start":{"line":43,"column":10},"end":{"line":43,"column":53}},{"start":{"line":44,"column":10},"end":{"line":44,"column":22}}],"line":42},"5":{"loc":{"start":{"line":115,"column":11},"end":{"line":150,"column":14}},"type":"cond-expr","locations":[{"start":{"line":116,"column":12},"end":{"line":120,"column":19}},{"start":{"line":121,"column":12},"end":{"line":150,"column":14}}],"line":115},"6":{"loc":{"start":{"line":125,"column":18},"end":{"line":127,"column":22}},"type":"cond-expr","locations":[{"start":{"line":126,"column":20},"end":{"line":126,"column":68}},{"start":{"line":127,"column":20},"end":{"line":127,"column":22}}],"line":125},"7":{"loc":{"start":{"line":134,"column":19},"end":{"line":138,"column":19}},"type":"binary-expr","locations":[{"start":{"line":134,"column":19},"end":{"line":134,"column":37}},{"start":{"line":134,"column":41},"end":{"line":134,"column":59}},{"start":{"line":135,"column":20},"end":{"line":137,"column":27}}],"line":134},"8":{"loc":{"start":{"line":142,"column":20},"end":{"line":144,"column":21}},"type":"cond-expr","locations":[{"start":{"line":142,"column":41},"end":{"line":142,"column":56}},{"start":{"line":143,"column":22},"end":{"line":143,"column":57}}],"line":142},"9":{"loc":{"start":{"line":171,"column":31},"end":{"line":171,"column":54}},"type":"cond-expr","locations":[{"start":{"line":171,"column":49},"end":{"line":171,"column":50}},{"start":{"line":171,"column":53},"end":{"line":171,"column":54}}],"line":171},"10":{"loc":{"start":{"line":185,"column":17},"end":{"line":185,"column":51}},"type":"cond-expr","locations":[{"start":{"line":185,"column":35},"end":{"line":185,"column":46}},{"start":{"line":185,"column":49},"end":{"line":185,"column":51}}],"line":185}},"s":{"0":3,"1":3,"2":3,"3":0,"4":3,"5":3,"6":3,"7":0,"8":3,"9":3,"10":3,"11":0,"12":3,"13":3,"14":3,"15":0,"16":3,"17":3,"18":3,"19":3,"20":36,"21":36,"22":36,"23":48,"24":36,"25":0,"26":36,"27":3,"28":3,"29":36,"30":3,"31":1,"32":36,"33":36},"f":{"0":3,"1":3,"2":3,"3":3,"4":3,"5":48,"6":0,"7":36,"8":1,"9":36,"10":36},"b":{"0":[0,3],"1":[0,3],"2":[0,3],"3":[0,3],"4":[48,2,0],"5":[2,1],"6":[0,1],"7":[1,1,1],"8":[1,0],"9":[0,36],"10":[12,24]},"_coverageSchema":"1a1c01bbd47fc00a2c39e90264f33305004495a9","hash":"888ff45d23b8c61d292224b5ab40ef2fc8a6c7fc"}
,"C:\\Users\\Billy\\OneDrive\\Desktop\\CodeProjects\\Mum_Finance\\app\\(tabs)\\transactions.tsx": {"path":"C:\\Users\\Billy\\OneDrive\\Desktop\\CodeProjects\\Mum_Finance\\app\\(tabs)\\transactions.tsx","statementMap":{"0":{"start":{"line":30,"column":24},"end":{"line":103,"column":1}},"1":{"start":{"line":42,"column":4},"end":{"line":101,"column":16}},"2":{"start":{"line":43,"column":21},"end":{"line":43,"column":33}},"3":{"start":{"line":105,"column":20},"end":{"line":114,"column":2}},"4":{"start":{"line":106,"column":2},"end":{"line":113,"column":9}},"5":{"start":{"line":121,"column":40},"end":{"line":126,"column":3}},"6":{"start":{"line":122,"column":27},"end":{"line":125,"column":5}},"7":{"start":{"line":129,"column":4},"end":{"line":136,"column":5}},"8":{"start":{"line":130,"column":29},"end":{"line":135,"column":7}},"9":{"start":{"line":138,"column":40},"end":{"line":138,"column":52}},"10":{"start":{"line":139,"column":40},"end":{"line":139,"column":74}},"11":{"start":{"line":140,"column":40},"end":{"line":140,"column":55}},"12":{"start":{"line":141,"column":40},"end":{"line":141,"column":55}},"13":{"start":{"line":142,"column":38},"end":{"line":142,"column":53}},"14":{"start":{"line":145,"column":31},"end":{"line":153,"column":33}},"15":{"start":{"line":146,"column":4},"end":{"line":146,"column":49}},"16":{"start":{"line":146,"column":29},"end":{"line":146,"column":49}},"17":{"start":{"line":147,"column":18},"end":{"line":147,"column":43}},"18":{"start":{"line":148,"column":4},"end":{"line":152,"column":6}},"19":{"start":{"line":150,"column":8},"end":{"line":151,"column":50}},"20":{"start":{"line":156,"column":19},"end":{"line":170,"column":28}},"21":{"start":{"line":157,"column":50},"end":{"line":157,"column":52}},"22":{"start":{"line":158,"column":4},"end":{"line":162,"column":7}},"23":{"start":{"line":159,"column":23},"end":{"line":159,"column":47}},"24":{"start":{"line":160,"column":6},"end":{"line":160,"column":51}},"25":{"start":{"line":160,"column":29},"end":{"line":160,"column":51}},"26":{"start":{"line":161,"column":6},"end":{"line":161,"column":33}},"27":{"start":{"line":164,"column":4},"end":{"line":169,"column":10}},"28":{"start":{"line":165,"column":26},"end":{"line":165,"column":44}},"29":{"start":{"line":166,"column":34},"end":{"line":169,"column":7}},"30":{"start":{"line":172,"column":26},"end":{"line":175,"column":8}},"31":{"start":{"line":173,"column":4},"end":{"line":173,"column":24}},"32":{"start":{"line":174,"column":4},"end":{"line":174,"column":36}},"33":{"start":{"line":177,"column":27},"end":{"line":203,"column":3}},"34":{"start":{"line":178,"column":4},"end":{"line":178,"column":29}},"35":{"start":{"line":178,"column":22},"end":{"line":178,"column":29}},"36":{"start":{"line":181,"column":6},"end":{"line":182,"column":46}},"37":{"start":{"line":184,"column":27},"end":{"line":184,"column":72}},"38":{"start":{"line":186,"column":4},"end":{"line":186,"column":35}},"39":{"start":{"line":187,"column":4},"end":{"line":190,"column":7}},"40":{"start":{"line":192,"column":4},"end":{"line":200,"column":5}},"41":{"start":{"line":193,"column":22},"end":{"line":193,"column":61}},"42":{"start":{"line":194,"column":6},"end":{"line":198,"column":9}},"43":{"start":{"line":199,"column":6},"end":{"line":199,"column":21}},"44":{"start":{"line":202,"column":4},"end":{"line":202,"column":78}},"45":{"start":{"line":205,"column":23},"end":{"line":208,"column":3}},"46":{"start":{"line":206,"column":4},"end":{"line":206,"column":29}},"47":{"start":{"line":206,"column":22},"end":{"line":206,"column":29}},"48":{"start":{"line":207,"column":4},"end":{"line":207,"column":24}},"49":{"start":{"line":210,"column":24},"end":{"line":215,"column":3}},"50":{"start":{"line":211,"column":4},"end":{"line":211,"column":29}},"51":{"start":{"line":211,"column":22},"end":{"line":211,"column":29}},"52":{"start":{"line":212,"column":4},"end":{"line":212,"column":38}},"53":{"start":{"line":213,"column":4},"end":{"line":213,"column":25}},"54":{"start":{"line":214,"column":4},"end":{"line":214,"column":25}},"55":{"start":{"line":217,"column":2},"end":{"line":444,"column":4}},"56":{"start":{"line":244,"column":45},"end":{"line":244,"column":52}},"57":{"start":{"line":248,"column":10},"end":{"line":248,"column":39}},"58":{"start":{"line":251,"column":10},"end":{"line":266,"column":17}},"59":{"start":{"line":281,"column":30},"end":{"line":281,"column":50}},"60":{"start":{"line":320,"column":35},"end":{"line":320,"column":55}},"61":{"start":{"line":349,"column":22},"end":{"line":349,"column":44}},"62":{"start":{"line":350,"column":22},"end":{"line":355,"column":23}},"63":{"start":{"line":351,"column":24},"end":{"line":353,"column":27}},"64":{"start":{"line":354,"column":24},"end":{"line":354,"column":79}},"65":{"start":{"line":373,"column":22},"end":{"line":373,"column":44}},"66":{"start":{"line":375,"column":22},"end":{"line":391,"column":23}},"67":{"start":{"line":380,"column":40},"end":{"line":380,"column":79}},"68":{"start":{"line":381,"column":24},"end":{"line":385,"column":27}},"69":{"start":{"line":386,"column":24},"end":{"line":386,"column":39}},"70":{"start":{"line":387,"column":24},"end":{"line":390,"column":26}},"71":{"start":{"line":403,"column":22},"end":{"line":421,"column":34}},"72":{"start":{"line":405,"column":39},"end":{"line":405,"column":60}},"73":{"start":{"line":430,"column":16},"end":{"line":430,"column":37}},"74":{"start":{"line":431,"column":16},"end":{"line":431,"column":38}},"75":{"start":{"line":432,"column":16},"end":{"line":432,"column":37}}},"fnMap":{"0":{"name":"(anonymous_0)","decl":{"start":{"line":20,"column":2},"end":{"line":20,"column":3}},"loc":{"start":{"line":20,"column":26},"end":{"line":23,"column":3}},"line":20},"1":{"name":"(anonymous_1)","decl":{"start":{"line":31,"column":2},"end":{"line":31,"column":3}},"loc":{"start":{"line":42,"column":4},"end":{"line":101,"column":16}},"line":42},"2":{"name":"(anonymous_2)","decl":{"start":{"line":43,"column":15},"end":{"line":43,"column":16}},"loc":{"start":{"line":43,"column":21},"end":{"line":43,"column":33}},"line":43},"3":{"name":"(anonymous_3)","decl":{"start":{"line":105,"column":31},"end":{"line":105,"column":32}},"loc":{"start":{"line":106,"column":2},"end":{"line":113,"column":9}},"line":106},"4":{"name":"TransactionsScreen","decl":{"start":{"line":120,"column":24},"end":{"line":120,"column":42}},"loc":{"start":{"line":120,"column":45},"end":{"line":445,"column":1}},"line":120},"5":{"name":"(anonymous_5)","decl":{"start":{"line":122,"column":15},"end":{"line":122,"column":16}},"loc":{"start":{"line":122,"column":27},"end":{"line":125,"column":5}},"line":122},"6":{"name":"(anonymous_6)","decl":{"start":{"line":130,"column":17},"end":{"line":130,"column":18}},"loc":{"start":{"line":130,"column":29},"end":{"line":135,"column":7}},"line":130},"7":{"name":"(anonymous_7)","decl":{"start":{"line":145,"column":39},"end":{"line":145,"column":40}},"loc":{"start":{"line":145,"column":45},"end":{"line":153,"column":3}},"line":145},"8":{"name":"(anonymous_8)","decl":{"start":{"line":149,"column":6},"end":{"line":149,"column":7}},"loc":{"start":{"line":150,"column":8},"end":{"line":151,"column":50}},"line":150},"9":{"name":"(anonymous_9)","decl":{"start":{"line":156,"column":27},"end":{"line":156,"column":28}},"loc":{"start":{"line":156,"column":33},"end":{"line":170,"column":3}},"line":156},"10":{"name":"(anonymous_10)","decl":{"start":{"line":158,"column":33},"end":{"line":158,"column":34}},"loc":{"start":{"line":158,"column":42},"end":{"line":162,"column":5}},"line":158},"11":{"name":"(anonymous_11)","decl":{"start":{"line":165,"column":12},"end":{"line":165,"column":13}},"loc":{"start":{"line":165,"column":26},"end":{"line":165,"column":44}},"line":165},"12":{"name":"(anonymous_12)","decl":{"start":{"line":166,"column":11},"end":{"line":166,"column":12}},"loc":{"start":{"line":166,"column":34},"end":{"line":169,"column":7}},"line":166},"13":{"name":"(anonymous_13)","decl":{"start":{"line":172,"column":38},"end":{"line":172,"column":39}},"loc":{"start":{"line":172,"column":60},"end":{"line":175,"column":3}},"line":172},"14":{"name":"(anonymous_14)","decl":{"start":{"line":177,"column":27},"end":{"line":177,"column":28}},"loc":{"start":{"line":177,"column":49},"end":{"line":203,"column":3}},"line":177},"15":{"name":"(anonymous_15)","decl":{"start":{"line":205,"column":23},"end":{"line":205,"column":24}},"loc":{"start":{"line":205,"column":29},"end":{"line":208,"column":3}},"line":205},"16":{"name":"(anonymous_16)","decl":{"start":{"line":210,"column":24},"end":{"line":210,"column":25}},"loc":{"start":{"line":210,"column":30},"end":{"line":215,"column":3}},"line":210},"17":{"name":"(anonymous_17)","decl":{"start":{"line":244,"column":22},"end":{"line":244,"column":23}},"loc":{"start":{"line":244,"column":45},"end":{"line":244,"column":52}},"line":244},"18":{"name":"(anonymous_18)","decl":{"start":{"line":247,"column":29},"end":{"line":247,"column":30}},"loc":{"start":{"line":248,"column":10},"end":{"line":248,"column":39}},"line":248},"19":{"name":"(anonymous_19)","decl":{"start":{"line":250,"column":20},"end":{"line":250,"column":21}},"loc":{"start":{"line":251,"column":10},"end":{"line":266,"column":17}},"line":251},"20":{"name":"(anonymous_20)","decl":{"start":{"line":281,"column":24},"end":{"line":281,"column":25}},"loc":{"start":{"line":281,"column":30},"end":{"line":281,"column":50}},"line":281},"21":{"name":"(anonymous_21)","decl":{"start":{"line":320,"column":29},"end":{"line":320,"column":30}},"loc":{"start":{"line":320,"column":35},"end":{"line":320,"column":55}},"line":320},"22":{"name":"(anonymous_22)","decl":{"start":{"line":348,"column":35},"end":{"line":348,"column":36}},"loc":{"start":{"line":348,"column":46},"end":{"line":356,"column":21}},"line":348},"23":{"name":"(anonymous_23)","decl":{"start":{"line":372,"column":35},"end":{"line":372,"column":36}},"loc":{"start":{"line":372,"column":46},"end":{"line":392,"column":21}},"line":372},"24":{"name":"(anonymous_24)","decl":{"start":{"line":402,"column":36},"end":{"line":402,"column":37}},"loc":{"start":{"line":403,"column":22},"end":{"line":421,"column":34}},"line":403},"25":{"name":"(anonymous_25)","decl":{"start":{"line":405,"column":33},"end":{"line":405,"column":34}},"loc":{"start":{"line":405,"column":39},"end":{"line":405,"column":60}},"line":405},"26":{"name":"(anonymous_26)","decl":{"start":{"line":429,"column":23},"end":{"line":429,"column":24}},"loc":{"start":{"line":429,"column":29},"end":{"line":433,"column":15}},"line":429}},"branchMap":{"0":{"loc":{"start":{"line":45,"column":8},"end":{"line":45,"column":71}},"type":"cond-expr","locations":[{"start":{"line":45,"column":18},"end":{"line":45,"column":66}},{"start":{"line":45,"column":69},"end":{"line":45,"column":71}}],"line":45},"1":{"loc":{"start":{"line":51,"column":10},"end":{"line":51,"column":78}},"type":"cond-expr","locations":[{"start":{"line":51,"column":45},"end":{"line":51,"column":58}},{"start":{"line":51,"column":61},"end":{"line":51,"column":78}}],"line":51},"2":{"loc":{"start":{"line":54,"column":35},"end":{"line":54,"column":61}},"type":"cond-expr","locations":[{"start":{"line":54,"column":52},"end":{"line":54,"column":55}},{"start":{"line":54,"column":58},"end":{"line":54,"column":61}}],"line":54},"3":{"loc":{"start":{"line":72,"column":14},"end":{"line":74,"column":36}},"type":"cond-expr","locations":[{"start":{"line":73,"column":18},"end":{"line":73,"column":51}},{"start":{"line":74,"column":18},"end":{"line":74,"column":36}}],"line":72},"4":{"loc":{"start":{"line":80,"column":11},"end":{"line":87,"column":11}},"type":"binary-expr","locations":[{"start":{"line":80,"column":11},"end":{"line":80,"column":26}},{"start":{"line":81,"column":12},"end":{"line":86,"column":15}}],"line":80},"5":{"loc":{"start":{"line":94,"column":10},"end":{"line":96,"column":29}},"type":"cond-expr","locations":[{"start":{"line":95,"column":14},"end":{"line":95,"column":49}},{"start":{"line":96,"column":14},"end":{"line":96,"column":29}}],"line":94},"6":{"loc":{"start":{"line":146,"column":4},"end":{"line":146,"column":49}},"type":"if","locations":[{"start":{"line":146,"column":4},"end":{"line":146,"column":49}},{"start":{},"end":{}}],"line":146},"7":{"loc":{"start":{"line":150,"column":8},"end":{"line":151,"column":50}},"type":"binary-expr","locations":[{"start":{"line":150,"column":8},"end":{"line":150,"column":53}},{"start":{"line":151,"column":8},"end":{"line":151,"column":50}}],"line":150},"8":{"loc":{"start":{"line":160,"column":6},"end":{"line":160,"column":51}},"type":"if","locations":[{"start":{"line":160,"column":6},"end":{"line":160,"column":51}},{"start":{},"end":{}}],"line":160},"9":{"loc":{"start":{"line":178,"column":4},"end":{"line":178,"column":29}},"type":"if","locations":[{"start":{"line":178,"column":4},"end":{"line":178,"column":29}},{"start":{},"end":{}}],"line":178},"10":{"loc":{"start":{"line":181,"column":6},"end":{"line":182,"column":46}},"type":"binary-expr","locations":[{"start":{"line":181,"column":7},"end":{"line":181,"column":31}},{"start":{"line":181,"column":35},"end":{"line":181,"column":63}},{"start":{"line":182,"column":6},"end":{"line":182,"column":46}}],"line":181},"11":{"loc":{"start":{"line":184,"column":27},"end":{"line":184,"column":72}},"type":"binary-expr","locations":[{"start":{"line":184,"column":27},"end":{"line":184,"column":50}},{"start":{"line":184,"column":54},"end":{"line":184,"column":72}}],"line":184},"12":{"loc":{"start":{"line":192,"column":4},"end":{"line":200,"column":5}},"type":"if","locations":[{"start":{"line":192,"column":4},"end":{"line":200,"column":5}},{"start":{},"end":{}}],"line":192},"13":{"loc":{"start":{"line":206,"column":4},"end":{"line":206,"column":29}},"type":"if","locations":[{"start":{"line":206,"column":4},"end":{"line":206,"column":29}},{"start":{},"end":{}}],"line":206},"14":{"loc":{"start":{"line":211,"column":4},"end":{"line":211,"column":29}},"type":"if","locations":[{"start":{"line":211,"column":4},"end":{"line":211,"column":29}},{"start":{},"end":{}}],"line":211},"15":{"loc":{"start":{"line":226,"column":11},"end":{"line":226,"column":43}},"type":"binary-expr","locations":[{"start":{"line":226,"column":11},"end":{"line":226,"column":22}},{"start":{"line":226,"column":26},"end":{"line":226,"column":43}}],"line":226},"16":{"loc":{"start":{"line":253,"column":14},"end":{"line":257,"column":119}},"type":"cond-expr","locations":[{"start":{"line":254,"column":18},"end":{"line":254,"column":142}},{"start":{"line":255,"column":18},"end":{"line":257,"column":119}}],"line":253},"17":{"loc":{"start":{"line":255,"column":18},"end":{"line":257,"column":119}},"type":"cond-expr","locations":[{"start":{"line":256,"column":18},"end":{"line":256,"column":142}},{"start":{"line":257,"column":18},"end":{"line":257,"column":119}}],"line":255},"18":{"loc":{"start":{"line":296,"column":19},"end":{"line":296,"column":72}},"type":"cond-expr","locations":[{"start":{"line":296,"column":33},"end":{"line":296,"column":67}},{"start":{"line":296,"column":70},"end":{"line":296,"column":72}}],"line":296},"19":{"loc":{"start":{"line":297,"column":19},"end":{"line":297,"column":66}},"type":"cond-expr","locations":[{"start":{"line":297,"column":33},"end":{"line":297,"column":61}},{"start":{"line":297,"column":64},"end":{"line":297,"column":66}}],"line":297},"20":{"loc":{"start":{"line":300,"column":15},"end":{"line":307,"column":15}},"type":"binary-expr","locations":[{"start":{"line":300,"column":15},"end":{"line":300,"column":26}},{"start":{"line":301,"column":16},"end":{"line":306,"column":28}}],"line":300},"21":{"loc":{"start":{"line":310,"column":13},"end":{"line":426,"column":13}},"type":"cond-expr","locations":[{"start":{"line":311,"column":14},"end":{"line":334,"column":21}},{"start":{"line":336,"column":14},"end":{"line":425,"column":17}}],"line":310},"22":{"loc":{"start":{"line":350,"column":22},"end":{"line":355,"column":23}},"type":"if","locations":[{"start":{"line":350,"column":22},"end":{"line":355,"column":23}},{"start":{},"end":{}}],"line":350},"23":{"loc":{"start":{"line":375,"column":22},"end":{"line":391,"column":23}},"type":"if","locations":[{"start":{"line":375,"column":22},"end":{"line":391,"column":23}},{"start":{},"end":{}}],"line":375},"24":{"loc":{"start":{"line":376,"column":24},"end":{"line":378,"column":64}},"type":"binary-expr","locations":[{"start":{"line":376,"column":24},"end":{"line":376,"column":29}},{"start":{"line":377,"column":24},"end":{"line":377,"column":35}},{"start":{"line":378,"column":24},"end":{"line":378,"column":64}}],"line":376},"25":{"loc":{"start":{"line":407,"column":26},"end":{"line":409,"column":115}},"type":"cond-expr","locations":[{"start":{"line":408,"column":30},"end":{"line":408,"column":99}},{"start":{"line":409,"column":30},"end":{"line":409,"column":115}}],"line":407},"26":{"loc":{"start":{"line":414,"column":28},"end":{"line":416,"column":67}},"type":"cond-expr","locations":[{"start":{"line":415,"column":32},"end":{"line":415,"column":60}},{"start":{"line":416,"column":32},"end":{"line":416,"column":67}}],"line":414}},"s":{"0":1,"1":11,"2":2,"3":1,"4":4,"5":11,"6":13,"7":11,"8":13,"9":11,"10":11,"11":11,"12":11,"13":11,"14":11,"15":8,"16":7,"17":1,"18":1,"19":2,"20":11,"21":8,"22":8,"23":12,"24":12,"25":7,"26":12,"27":8,"28":0,"29":7,"30":11,"31":2,"32":2,"33":11,"34":1,"35":0,"36":1,"37":1,"38":1,"39":1,"40":1,"41":0,"42":0,"43":0,"44":1,"45":11,"46":1,"47":0,"48":1,"49":11,"50":1,"51":0,"52":1,"53":1,"54":1,"55":11,"56":44,"57":10,"58":18,"59":0,"60":0,"61":0,"62":0,"63":0,"64":0,"65":0,"66":0,"67":0,"68":0,"69":0,"70":0,"71":180,"72":1,"73":0,"74":0,"75":0},"f":{"0":0,"1":11,"2":2,"3":4,"4":11,"5":13,"6":13,"7":8,"8":2,"9":8,"10":12,"11":0,"12":7,"13":2,"14":1,"15":1,"16":1,"17":44,"18":10,"19":18,"20":0,"21":0,"22":0,"23":0,"24":180,"25":1,"26":0},"b":{"0":[4,7],"1":[10,1],"2":[11,0],"3":[10,1],"4":[11,0],"5":[11,0],"6":[7,1],"7":[2,1],"8":[7,5],"9":[0,1],"10":[1,1,0],"11":[1,1],"12":[0,1],"13":[0,1],"14":[0,1],"15":[11,0],"16":[10,8],"17":[8,0],"18":[4,7],"19":[4,7],"20":[11,10],"21":[1,10],"22":[0,0],"23":[0,0],"24":[0,0,0],"25":[3,177],"26":[3,177]},"_coverageSchema":"1a1c01bbd47fc00a2c39e90264f33305004495a9","hash":"9c1b3bea2f0393cfbc5be1d8eb3b6b8b381fa9a2"}
,"C:\\Users\\Billy\\OneDrive\\Desktop\\CodeProjects\\Mum_Finance\\lib\\engine\\categorization.ts": {"path":"C:\\Users\\Billy\\OneDrive\\Desktop\\CodeProjects\\Mum_Finance\\lib\\engine\\categorization.ts","statementMap":{"0":{"start":{"line":21,"column":20},"end":{"line":21,"column":51}},"1":{"start":{"line":22,"column":2},"end":{"line":22,"column":35}},"2":{"start":{"line":26,"column":39},"end":{"line":26,"column":41}},"3":{"start":{"line":27,"column":2},"end":{"line":31,"column":3}},"4":{"start":{"line":27,"column":15},"end":{"line":27,"column":16}},"5":{"start":{"line":28,"column":4},"end":{"line":30,"column":5}},"6":{"start":{"line":29,"column":6},"end":{"line":29,"column":41}},"7":{"start":{"line":33,"column":2},"end":{"line":35,"column":3}},"8":{"start":{"line":34,"column":4},"end":{"line":34,"column":23}},"9":{"start":{"line":38,"column":18},"end":{"line":42,"column":3}},"10":{"start":{"line":46,"column":18},"end":{"line":46,"column":36}},"11":{"start":{"line":47,"column":22},"end":{"line":47,"column":40}},"12":{"start":{"line":49,"column":2},"end":{"line":62,"column":3}},"13":{"start":{"line":49,"column":15},"end":{"line":49,"column":16}},"14":{"start":{"line":50,"column":16},"end":{"line":50,"column":30}},"15":{"start":{"line":51,"column":21},"end":{"line":51,"column":40}},"16":{"start":{"line":52,"column":4},"end":{"line":61,"column":5}},"17":{"start":{"line":53,"column":6},"end":{"line":58,"column":8}},"18":{"start":{"line":60,"column":6},"end":{"line":60,"column":27}},"19":{"start":{"line":64,"column":2},"end":{"line":64,"column":21}}},"fnMap":{"0":{"name":"runCategorizationWorkflow","decl":{"start":{"line":15,"column":22},"end":{"line":15,"column":47}},"loc":{"start":{"line":19,"column":26},"end":{"line":65,"column":1}},"line":19}},"branchMap":{"0":{"loc":{"start":{"line":28,"column":4},"end":{"line":30,"column":5}},"type":"if","locations":[{"start":{"line":28,"column":4},"end":{"line":30,"column":5}},{"start":{},"end":{}}],"line":28},"1":{"loc":{"start":{"line":33,"column":2},"end":{"line":35,"column":3}},"type":"if","locations":[{"start":{"line":33,"column":2},"end":{"line":35,"column":3}},{"start":{},"end":{}}],"line":33},"2":{"loc":{"start":{"line":52,"column":4},"end":{"line":61,"column":5}},"type":"if","locations":[{"start":{"line":52,"column":4},"end":{"line":61,"column":5}},{"start":{"line":59,"column":11},"end":{"line":61,"column":5}}],"line":52},"3":{"loc":{"start":{"line":56,"column":21},"end":{"line":56,"column":87}},"type":"binary-expr","locations":[{"start":{"line":56,"column":21},"end":{"line":56,"column":44}},{"start":{"line":56,"column":48},"end":{"line":56,"column":68}},{"start":{"line":56,"column":72},"end":{"line":56,"column":87}}],"line":56},"4":{"loc":{"start":{"line":57,"column":22},"end":{"line":57,"column":68}},"type":"binary-expr","locations":[{"start":{"line":57,"column":22},"end":{"line":57,"column":48}},{"start":{"line":57,"column":52},"end":{"line":57,"column":68}}],"line":57}},"s":{"0":8,"1":8,"2":8,"3":8,"4":8,"5":1011,"6":7,"7":8,"8":2,"9":6,"10":2,"11":2,"12":2,"13":2,"14":4,"15":4,"16":4,"17":1,"18":3,"19":2},"f":{"0":8},"b":{"0":[7,1004],"1":[2,6],"2":[1,3],"3":[1,0,0],"4":[1,0]},"_coverageSchema":"1a1c01bbd47fc00a2c39e90264f33305004495a9","hash":"2306d245dd4d157c9d61ca26fd8dcfad20a474dd"}
,"C:\\Users\\Billy\\OneDrive\\Desktop\\CodeProjects\\Mum_Finance\\lib\\engine\\llm.ts": {"path":"C:\\Users\\Billy\\OneDrive\\Desktop\\CodeProjects\\Mum_Finance\\lib\\engine\\llm.ts","statementMap":{"0":{"start":{"line":6,"column":2},"end":{"line":8,"column":56}},"1":{"start":{"line":10,"column":38},"end":{"line":10,"column":42}},"2":{"start":{"line":13,"column":2},"end":{"line":17,"column":3}},"3":{"start":{"line":14,"column":4},"end":{"line":16,"column":7}},"4":{"start":{"line":18,"column":2},"end":{"line":18,"column":24}},"5":{"start":{"line":37,"column":18},"end":{"line":37,"column":51}},"6":{"start":{"line":38,"column":17},"end":{"line":38,"column":28}},"7":{"start":{"line":41,"column":18},"end":{"line":43,"column":15}},"8":{"start":{"line":42,"column":16},"end":{"line":42,"column":64}},"9":{"start":{"line":45,"column":17},"end":{"line":48,"column":11}},"10":{"start":{"line":50,"column":21},"end":{"line":50,"column":22}},"11":{"start":{"line":51,"column":16},"end":{"line":51,"column":17}},"12":{"start":{"line":53,"column":2},"end":{"line":138,"column":3}},"13":{"start":{"line":54,"column":4},"end":{"line":137,"column":5}},"14":{"start":{"line":55,"column":23},"end":{"line":60,"column":8}},"15":{"start":{"line":62,"column":22},"end":{"line":62,"column":59}},"16":{"start":{"line":63,"column":6},"end":{"line":63,"column":59}},"17":{"start":{"line":63,"column":20},"end":{"line":63,"column":59}},"18":{"start":{"line":66,"column":6},"end":{"line":71,"column":7}},"19":{"start":{"line":67,"column":8},"end":{"line":67,"column":37}},"20":{"start":{"line":69,"column":8},"end":{"line":69,"column":72}},"21":{"start":{"line":70,"column":8},"end":{"line":70,"column":58}},"22":{"start":{"line":73,"column":20},"end":{"line":73,"column":40}},"23":{"start":{"line":76,"column":6},"end":{"line":92,"column":9}},"24":{"start":{"line":77,"column":8},"end":{"line":77,"column":29}},"25":{"start":{"line":77,"column":22},"end":{"line":77,"column":29}},"26":{"start":{"line":79,"column":33},"end":{"line":79,"column":48}},"27":{"start":{"line":80,"column":8},"end":{"line":82,"column":9}},"28":{"start":{"line":81,"column":10},"end":{"line":81,"column":47}},"29":{"start":{"line":84,"column":8},"end":{"line":91,"column":11}},"30":{"start":{"line":95,"column":6},"end":{"line":106,"column":9}},"31":{"start":{"line":96,"column":8},"end":{"line":105,"column":9}},"32":{"start":{"line":97,"column":10},"end":{"line":104,"column":13}},"33":{"start":{"line":108,"column":6},"end":{"line":108,"column":21}},"34":{"start":{"line":110,"column":26},"end":{"line":110,"column":89}},"35":{"start":{"line":111,"column":6},"end":{"line":117,"column":7}},"36":{"start":{"line":112,"column":8},"end":{"line":112,"column":18}},"37":{"start":{"line":113,"column":25},"end":{"line":113,"column":52}},"38":{"start":{"line":114,"column":8},"end":{"line":114,"column":90}},"39":{"start":{"line":115,"column":8},"end":{"line":115,"column":70}},"40":{"start":{"line":115,"column":39},"end":{"line":115,"column":68}},"41":{"start":{"line":116,"column":8},"end":{"line":116,"column":17}},"42":{"start":{"line":119,"column":6},"end":{"line":119,"column":74}},"43":{"start":{"line":120,"column":6},"end":{"line":135,"column":7}},"44":{"start":{"line":122,"column":8},"end":{"line":133,"column":11}},"45":{"start":{"line":123,"column":10},"end":{"line":132,"column":11}},"46":{"start":{"line":124,"column":12},"end":{"line":131,"column":15}},"47":{"start":{"line":134,"column":8},"end":{"line":134,"column":23}},"48":{"start":{"line":136,"column":6},"end":{"line":136,"column":16}},"49":{"start":{"line":140,"column":2},"end":{"line":140,"column":17}},"50":{"start":{"line":150,"column":14},"end":{"line":150,"column":39}},"51":{"start":{"line":151,"column":2},"end":{"line":160,"column":4}},"52":{"start":{"line":172,"column":18},"end":{"line":172,"column":51}},"53":{"start":{"line":173,"column":18},"end":{"line":173,"column":19}},"54":{"start":{"line":176,"column":29},"end":{"line":176,"column":33}},"55":{"start":{"line":178,"column":2},"end":{"line":198,"column":3}},"56":{"start":{"line":178,"column":15},"end":{"line":178,"column":16}},"57":{"start":{"line":179,"column":18},"end":{"line":179,"column":54}},"58":{"start":{"line":181,"column":4},"end":{"line":183,"column":6}},"59":{"start":{"line":186,"column":25},"end":{"line":186,"column":50}},"60":{"start":{"line":189,"column":4},"end":{"line":189,"column":62}},"61":{"start":{"line":189,"column":39},"end":{"line":189,"column":60}},"62":{"start":{"line":191,"column":4},"end":{"line":191,"column":30}},"63":{"start":{"line":192,"column":4},"end":{"line":192,"column":49}},"64":{"start":{"line":195,"column":4},"end":{"line":197,"column":5}},"65":{"start":{"line":196,"column":6},"end":{"line":196,"column":78}},"66":{"start":{"line":196,"column":37},"end":{"line":196,"column":76}},"67":{"start":{"line":200,"column":2},"end":{"line":200,"column":17}}},"fnMap":{"0":{"name":"getClient","decl":{"start":{"line":12,"column":9},"end":{"line":12,"column":18}},"loc":{"start":{"line":12,"column":21},"end":{"line":19,"column":1}},"line":12},"1":{"name":"analyzeChunk","decl":{"start":{"line":34,"column":15},"end":{"line":34,"column":27}},"loc":{"start":{"line":36,"column":40},"end":{"line":141,"column":1}},"line":36},"2":{"name":"(anonymous_2)","decl":{"start":{"line":42,"column":9},"end":{"line":42,"column":10}},"loc":{"start":{"line":42,"column":16},"end":{"line":42,"column":64}},"line":42},"3":{"name":"(anonymous_3)","decl":{"start":{"line":76,"column":20},"end":{"line":76,"column":21}},"loc":{"start":{"line":76,"column":35},"end":{"line":92,"column":7}},"line":76},"4":{"name":"(anonymous_4)","decl":{"start":{"line":95,"column":20},"end":{"line":95,"column":21}},"loc":{"start":{"line":95,"column":27},"end":{"line":106,"column":7}},"line":95},"5":{"name":"(anonymous_5)","decl":{"start":{"line":115,"column":26},"end":{"line":115,"column":27}},"loc":{"start":{"line":115,"column":39},"end":{"line":115,"column":68}},"line":115},"6":{"name":"(anonymous_6)","decl":{"start":{"line":122,"column":22},"end":{"line":122,"column":23}},"loc":{"start":{"line":122,"column":29},"end":{"line":133,"column":9}},"line":122},"7":{"name":"analyzeTransaction","decl":{"start":{"line":147,"column":22},"end":{"line":147,"column":40}},"loc":{"start":{"line":149,"column":27},"end":{"line":161,"column":1}},"line":149},"8":{"name":"analyzeBatch","decl":{"start":{"line":167,"column":22},"end":{"line":167,"column":34}},"loc":{"start":{"line":171,"column":40},"end":{"line":201,"column":1}},"line":171},"9":{"name":"(anonymous_9)","decl":{"start":{"line":189,"column":25},"end":{"line":189,"column":26}},"loc":{"start":{"line":189,"column":39},"end":{"line":189,"column":60}},"line":189},"10":{"name":"(anonymous_10)","decl":{"start":{"line":196,"column":24},"end":{"line":196,"column":25}},"loc":{"start":{"line":196,"column":37},"end":{"line":196,"column":76}},"line":196}},"branchMap":{"0":{"loc":{"start":{"line":6,"column":2},"end":{"line":8,"column":56}},"type":"binary-expr","locations":[{"start":{"line":6,"column":2},"end":{"line":6,"column":30}},{"start":{"line":7,"column":2},"end":{"line":7,"column":42}},{"start":{"line":8,"column":2},"end":{"line":8,"column":56}}],"line":6},"1":{"loc":{"start":{"line":13,"column":2},"end":{"line":17,"column":3}},"type":"if","locations":[{"start":{"line":13,"column":2},"end":{"line":17,"column":3}},{"start":{},"end":{}}],"line":13},"2":{"loc":{"start":{"line":63,"column":6},"end":{"line":63,"column":59}},"type":"if","locations":[{"start":{"line":63,"column":6},"end":{"line":63,"column":59}},{"start":{},"end":{}}],"line":63},"3":{"loc":{"start":{"line":73,"column":20},"end":{"line":73,"column":40}},"type":"binary-expr","locations":[{"start":{"line":73,"column":20},"end":{"line":73,"column":34}},{"start":{"line":73,"column":38},"end":{"line":73,"column":40}}],"line":73},"4":{"loc":{"start":{"line":77,"column":8},"end":{"line":77,"column":29}},"type":"if","locations":[{"start":{"line":77,"column":8},"end":{"line":77,"column":29}},{"start":{},"end":{}}],"line":77},"5":{"loc":{"start":{"line":80,"column":8},"end":{"line":82,"column":9}},"type":"if","locations":[{"start":{"line":80,"column":8},"end":{"line":82,"column":9}},{"start":{},"end":{}}],"line":80},"6":{"loc":{"start":{"line":86,"column":29},"end":{"line":86,"column":64}},"type":"binary-expr","locations":[{"start":{"line":86,"column":29},"end":{"line":86,"column":51}},{"start":{"line":86,"column":55},"end":{"line":86,"column":64}}],"line":86},"7":{"loc":{"start":{"line":89,"column":22},"end":{"line":89,"column":42}},"type":"binary-expr","locations":[{"start":{"line":89,"column":22},"end":{"line":89,"column":37}},{"start":{"line":89,"column":41},"end":{"line":89,"column":42}}],"line":89},"8":{"loc":{"start":{"line":96,"column":8},"end":{"line":105,"column":9}},"type":"if","locations":[{"start":{"line":96,"column":8},"end":{"line":105,"column":9}},{"start":{},"end":{}}],"line":96},"9":{"loc":{"start":{"line":110,"column":26},"end":{"line":110,"column":89}},"type":"binary-expr","locations":[{"start":{"line":110,"column":26},"end":{"line":110,"column":47}},{"start":{"line":110,"column":51},"end":{"line":110,"column":89}}],"line":110},"10":{"loc":{"start":{"line":111,"column":6},"end":{"line":117,"column":7}},"type":"if","locations":[{"start":{"line":111,"column":6},"end":{"line":117,"column":7}},{"start":{},"end":{}}],"line":111},"11":{"loc":{"start":{"line":111,"column":10},"end":{"line":111,"column":49}},"type":"binary-expr","locations":[{"start":{"line":111,"column":10},"end":{"line":111,"column":21}},{"start":{"line":111,"column":25},"end":{"line":111,"column":49}}],"line":111},"12":{"loc":{"start":{"line":120,"column":6},"end":{"line":135,"column":7}},"type":"if","locations":[{"start":{"line":120,"column":6},"end":{"line":135,"column":7}},{"start":{},"end":{}}],"line":120},"13":{"loc":{"start":{"line":123,"column":10},"end":{"line":132,"column":11}},"type":"if","locations":[{"start":{"line":123,"column":10},"end":{"line":132,"column":11}},{"start":{},"end":{}}],"line":123},"14":{"loc":{"start":{"line":130,"column":35},"end":{"line":130,"column":62}},"type":"binary-expr","locations":[{"start":{"line":130,"column":35},"end":{"line":130,"column":49}},{"start":{"line":130,"column":53},"end":{"line":130,"column":62}}],"line":130},"15":{"loc":{"start":{"line":152,"column":4},"end":{"line":159,"column":5}},"type":"binary-expr","locations":[{"start":{"line":152,"column":4},"end":{"line":152,"column":19}},{"start":{"line":152,"column":23},"end":{"line":159,"column":5}}],"line":152},"16":{"loc":{"start":{"line":169,"column":2},"end":{"line":169,"column":24}},"type":"default-arg","locations":[{"start":{"line":169,"column":22},"end":{"line":169,"column":24}}],"line":169},"17":{"loc":{"start":{"line":195,"column":4},"end":{"line":197,"column":5}},"type":"if","locations":[{"start":{"line":195,"column":4},"end":{"line":197,"column":5}},{"start":{},"end":{}}],"line":195}},"s":{"0":12,"1":12,"2":12,"3":4,"4":12,"5":12,"6":12,"7":12,"8":13,"9":12,"10":12,"11":12,"12":12,"13":19,"14":19,"15":12,"16":12,"17":3,"18":9,"19":9,"20":3,"21":3,"22":6,"23":6,"24":4,"25":0,"26":4,"27":4,"28":3,"29":4,"30":6,"31":7,"32":4,"33":6,"34":10,"35":10,"36":1,"37":1,"38":1,"39":1,"40":1,"41":1,"42":9,"43":9,"44":3,"45":3,"46":3,"47":3,"48":6,"49":0,"50":7,"51":7,"52":4,"53":4,"54":4,"55":4,"56":4,"57":5,"58":5,"59":5,"60":2,"61":3,"62":2,"63":2,"64":2,"65":1,"66":1,"67":1},"f":{"0":12,"1":12,"2":13,"3":4,"4":7,"5":1,"6":3,"7":7,"8":4,"9":3,"10":1},"b":{"0":[12,12,12],"1":[4,8],"2":[3,9],"3":[6,0],"4":[0,4],"5":[3,1],"6":[4,0],"7":[4,0],"8":[4,3],"9":[10,9],"10":[1,9],"11":[10,1],"12":[3,6],"13":[3,0],"14":[3,0],"15":[7,0],"16":[0],"17":[1,1]},"_coverageSchema":"1a1c01bbd47fc00a2c39e90264f33305004495a9","hash":"14070f47ae7542d4b93d28917b89ca0e608a55c3"}
,"C:\\Users\\Billy\\OneDrive\\Desktop\\CodeProjects\\Mum_Finance\\lib\\engine\\recurring.ts": {"path":"C:\\Users\\Billy\\OneDrive\\Desktop\\CodeProjects\\Mum_Finance\\lib\\engine\\recurring.ts","statementMap":{"0":{"start":{"line":22,"column":17},"end":{"line":22,"column":49}},"1":{"start":{"line":25,"column":2},"end":{"line":37,"column":5}},"2":{"start":{"line":27,"column":4},"end":{"line":27,"column":32}},"3":{"start":{"line":27,"column":25},"end":{"line":27,"column":32}},"4":{"start":{"line":32,"column":6},"end":{"line":33,"column":55}},"5":{"start":{"line":34,"column":21},"end":{"line":34,"column":42}},"6":{"start":{"line":35,"column":4},"end":{"line":35,"column":23}},"7":{"start":{"line":36,"column":4},"end":{"line":36,"column":30}},"8":{"start":{"line":39,"column":39},"end":{"line":39,"column":41}},"9":{"start":{"line":41,"column":2},"end":{"line":82,"column":5}},"10":{"start":{"line":43,"column":34},"end":{"line":43,"column":65}},"11":{"start":{"line":43,"column":51},"end":{"line":43,"column":64}},"12":{"start":{"line":46,"column":4},"end":{"line":46,"column":58}},"13":{"start":{"line":46,"column":51},"end":{"line":46,"column":58}},"14":{"start":{"line":48,"column":20},"end":{"line":48,"column":55}},"15":{"start":{"line":48,"column":36},"end":{"line":48,"column":54}},"16":{"start":{"line":49,"column":22},"end":{"line":49,"column":73}},"17":{"start":{"line":49,"column":47},"end":{"line":49,"column":52}},"18":{"start":{"line":54,"column":28},"end":{"line":54,"column":62}},"19":{"start":{"line":56,"column":28},"end":{"line":58,"column":5}},"20":{"start":{"line":57,"column":13},"end":{"line":57,"column":66}},"21":{"start":{"line":60,"column":4},"end":{"line":60,"column":59}},"22":{"start":{"line":60,"column":52},"end":{"line":60,"column":59}},"23":{"start":{"line":63,"column":24},"end":{"line":63,"column":66}},"24":{"start":{"line":63,"column":40},"end":{"line":63,"column":65}},"25":{"start":{"line":64,"column":19},"end":{"line":66,"column":5}},"26":{"start":{"line":65,"column":35},"end":{"line":65,"column":40}},"27":{"start":{"line":68,"column":27},"end":{"line":70,"column":5}},"28":{"start":{"line":69,"column":13},"end":{"line":69,"column":68}},"29":{"start":{"line":74,"column":4},"end":{"line":74,"column":58}},"30":{"start":{"line":74,"column":51},"end":{"line":74,"column":58}},"31":{"start":{"line":76,"column":4},"end":{"line":81,"column":7}},"32":{"start":{"line":85,"column":2},"end":{"line":85,"column":61}},"33":{"start":{"line":85,"column":26},"end":{"line":85,"column":59}},"34":{"start":{"line":87,"column":2},"end":{"line":87,"column":18}},"35":{"start":{"line":97,"column":19},"end":{"line":97,"column":58}},"36":{"start":{"line":97,"column":47},"end":{"line":97,"column":56}},"37":{"start":{"line":99,"column":2},"end":{"line":112,"column":5}},"38":{"start":{"line":100,"column":4},"end":{"line":100,"column":36}},"39":{"start":{"line":100,"column":25},"end":{"line":100,"column":36}},"40":{"start":{"line":104,"column":6},"end":{"line":105,"column":55}},"41":{"start":{"line":107,"column":4},"end":{"line":109,"column":5}},"42":{"start":{"line":108,"column":6},"end":{"line":108,"column":43}},"43":{"start":{"line":111,"column":4},"end":{"line":111,"column":15}}},"fnMap":{"0":{"name":"detectRecurring","decl":{"start":{"line":19,"column":16},"end":{"line":19,"column":31}},"loc":{"start":{"line":21,"colum
[...]
,"C:\\Users\\Billy\\OneDrive\\Desktop\\CodeProjects\\Mum_Finance\\lib\\utils\\format.ts": {"path":"C:\\Users\\Billy\\OneDrive\\Desktop\\CodeProjects\\Mum_Finance\\lib\\utils\\format.ts","statementMap":{"0":{"start":{"line":8,"column":20},"end":{"line":8,"column":36}},"1":{"start":{"line":9,"column":20},"end":{"line":14,"column":22}},"2":{"start":{"line":17,"column":2},"end":{"line":17,"column":50}},"3":{"start":{"line":25,"column":12},"end":{"line":25,"column":60}},"4":{"start":{"line":26,"column":2},"end":{"line":26,"column":33}},"5":{"start":{"line":34,"column":12},"end":{"line":34,"column":60}},"6":{"start":{"line":35,"column":14},"end":{"line":35,"column":24}},"7":{"start":{"line":36,"column":19},"end":{"line":38,"column":3}},"8":{"start":{"line":40,"column":2},"end":{"line":40,"column":37}},"9":{"start":{"line":40,"column":22},"end":{"line":40,"column":37}},"10":{"start":{"line":41,"column":2},"end":{"line":41,"column":41}},"11":{"start":{"line":41,"column":22},"end":{"line":41,"column":41}},"12":{"start":{"line":42,"column":2},"end":{"line":42,"column":50}},"13":{"start":{"line":42,"column":20},"end":{"line":42,"column":50}},"14":{"start":{"line":43,"column":2},"end":{"line":43,"column":23}}},"fnMap":{"0":{"name":"formatCurrency","decl":{"start":{"line":7,"column":16},"end":{"line":7,"column":30}},"loc":{"start":{"line":7,"column":55},"end":{"line":18,"column":1}},"line":7},"1":{"name":"formatDate","decl":{"start":{"line":24,"column":16},"end":{"line":24,"column":26}},"loc":{"start":{"line":24,"column":56},"end":{"line":27,"column":1}},"line":24},"2":{"name":"formatRelativeDate","decl":{"start":{"line":33,"column":16},"end":{"line":33,"column":34}},"loc":{"start":{"line":33,"column":64},"end":{"line":44,"column":1}},"line":33}},"branchMap":{"0":{"loc":{"start":{"line":17,"column":9},"end":{"line":17,"column":49}},"type":"cond-expr","locations":[{"start":{"line":17,"column":22},"end":{"line":17,"column":37}},{"start":{"line":17,"column":40},"end":{"line":17,"column":49}}],"line":17},"1":{"loc":{"start":{"line":25,"column":12},"end":{"line":25,"column":60}},"type":"cond-expr","locations":[{"start":{"line":25,"column":39},"end":{"line":25,"column":53}},{"start":{"line":25,"column":56},"end":{"line":25,"column":60}}],"line":25},"2":{"loc":{"start":{"line":34,"column":12},"end":{"line":34,"column":60}},"type":"cond-expr","locations":[{"start":{"line":34,"column":39},"end":{"line":34,"column":53}},{"start":{"line":34,"column":56},"end":{"line":34,"column":60}}],"line":34},"3":{"loc":{"start":{"line":40,"column":2},"end":{"line":40,"column":37}},"type":"if","locations":[{"start":{"line":40,"column":2},"end":{"line":40,"column":37}},{"start":{},"end":{}}],"line":40},"4":{"loc":{"start":{"line":41,"column":2},"end":{"line":41,"column":41}},"type":"if","locations":[{"start":{"line":41,"column":2},"end":{"line":41,"column":41}},{"start":{},"end":{}}],"line":41},"5":{"loc":{"start":{"line":42,"column":2},"end":{"line":42,"column":50}},"type":"if","locations":[{"start":{"line":42,"column":2},"end":{"line":42,"column":50}},{"start":{},"end":{}}],"line":42}},"s":{"0":74,"1":74,"2":74,"3":20,"4":20,"5":5,"6":5,"7":5,"8":5,"9":1,"10":4,"11":1,"12":3,"13":2,"14":1},"f":{"0":74,"1":20,"2":5},"b":{"0":[24,50],"1":[16,4],"2":[5,0],"3":[1,4],"4":[1,3],"5":[2,1]},"_coverageSchema":"1a1c01bbd47fc00a2c39e90264f33305004495a9","hash":"65018080b76b94cd2393e276ca87d47c5f803314"}
,"C:\\Users\\Billy\\OneDrive\\Desktop\\CodeProjects\\Mum_Finance\\lib\\utils\\roundUp.ts": {"path":"C:\\Users\\Billy\\OneDrive\\Desktop\\CodeProjects\\Mum_Finance\\lib\\utils\\roundUp.ts","statementMap":{"0":{"start":{"line":23,"column":19},"end":{"line":26,"column":3}},"1":{"start":{"line":28,"column":14},"end":{"line":28,"column":15}},"2":{"start":{"line":29,"column":14},"end":{"line":29,"column":15}},"3":{"start":{"line":31,"column":2},"end":{"line":46,"column":5}},"4":{"start":{"line":33,"column":4},"end":{"line":33,"column":32}},"5":{"start":{"line":33,"column":25},"end":{"line":33,"column":32}},"6":{"start":{"line":35,"column":20},"end":{"line":35,"column":38}},"7":{"start":{"line":36,"column":4},"end":{"line":36,"column":53}},"8":{"start":{"line":36,"column":46},"end":{"line":36,"column":53}},"9":{"start":{"line":38,"column":22},"end":{"line":38,"column":42}},"10":{"start":{"line":39,"column":20},"end":{"line":39,"column":52}},"11":{"start":{"line":42,"column":4},"end":{"line":45,"column":5}},"12":{"start":{"line":43,"column":6},"end":{"line":43,"column":23}},"13":{"start":{"line":44,"column":6},"end":{"line":44,"column":14}},"14":{"start":{"line":48,"column":2},"end":{"line":51,"column":4}}},"fnMap":{"0":{"name":"calculateRoundUpSavings","decl":{"start":{"line":19,"column":16},"end":{"line":19,"column":39}},"loc":{"start":{"line":22,"column":17},"end":{"line":52,"column":1}},"line":22},"1":{"name":"(anonymous_1)","decl":{"start":{"line":31,"column":23},"end":{"line":31,"column":24}},"loc":{"start":{"line":31,"column":32},"end":{"line":46,"column":3}},"line":31}},"branchMap":{"0":{"loc":{"start":{"line":21,"column":2},"end":{"line":21,"column":26}},"type":"default-arg","locations":[{"start":{"line":21,"column":16},"end":{"line":21,"column":26}}],"line":21},"1":{"loc":{"start":{"line":33,"column":4},"end":{"line":33,"column":32}},"type":"if","locations":[{"start":{"line":33,"column":4},"end":{"line":33,"column":32}},{"start":{},"end":{}}],"line":33},"2":{"loc":{"start":{"line":36,"column":4},"end":{"line":36,"column":53}},"type":"if","locations":[{"start":{"line":36,"column":4},"end":{"line":36,"column":53}},{"start":{},"end":{}}],"line":36},"3":{"loc":{"start":{"line":42,"column":4},"end":{"line":45,"column":5}},"type":"if","locations":[{"start":{"line":42,"column":4},"end":{"line":45,"column":5}},{"start":{},"end":{}}],"line":42}},"s":{"0":10,"1":10,"2":10,"3":10,"4":11,"5":1,"6":10,"7":10,"8":4,"9":6,"10":6,"11":6,"12":5,"13":5,"14":10},"f":{"0":10,"1":11},"b":{"0":[7],"1":[1,10],"2":[4,6],"3":[5,1]},"_coverageSchema":"1a1c01bbd47fc00a2c39e90264f33305004495a9","hash":"271dc3767f348f4874f98490a77ee972a5b22c0f"}
,"C:\\Users\\Billy\\OneDrive\\Desktop\\CodeProjects\\Mum_Finance\\lib\\utils\\safeBalance.ts": {"path":"C:\\Users\\Billy\\OneDrive\\Desktop\\CodeProjects\\Mum_Finance\\lib\\utils\\safeBalance.ts","statementMap":{"0":{"start":{"line":37,"column":18},"end":{"line":37,"column":36}},"1":{"start":{"line":38,"column":21},"end":{"line":38,"column":37}},"2":{"start":{"line":39,"column":24},"end":{"line":39,"column":43}},"3":{"start":{"line":40,"column":19},"end":{"line":40,"column":54}},"4":{"start":{"line":42,"column":40},"end":{"line":42,"column":42}},"5":{"start":{"line":45,"column":32},"end":{"line":45,"column":49}},"6":{"start":{"line":46,"column":2},"end":{"line":55,"column":3}},"7":{"start":{"line":46,"column":15},"end":{"line":46,"column":16}},"8":{"start":{"line":47,"column":14},"end":{"line":47,"column":29}},"9":{"start":{"line":48,"column":4},"end":{"line":48,"column":32}},"10":{"start":{"line":48,"column":23},"end":{"line":48,"column":32}},"11":{"start":{"line":49,"column":4},"end":{"line":54,"column":5}},"12":{"start":{"line":51,"column":8},"end":{"line":52,"column":55}},"13":{"start":{"line":53,"column":6},"end":{"line":53,"column":38}},"14":{"start":{"line":58,"column":2},"end":{"line":78,"column":3}},"15":{"start":{"line":58,"column":15},"end":{"line":58,"column":16}},"16":{"start":{"line":59,"column":20},"end":{"line":59,"column":40}},"17":{"start":{"line":62,"column":18},"end":{"line":62,"column":73}},"18":{"start":{"line":65,"column":4},"end":{"line":68,"column":5}},"19":{"start":{"line":67,"column":6},"end":{"line":67,"column":76}},"20":{"start":{"line":71,"column":4},"end":{"line":77,"column":5}},"21":{"start":{"line":72,"column":6},"end":{"line":76,"column":9}},"22":{"start":{"line":81,"column":2},"end":{"line":81,"column":74}},"23":{"start":{"line":81,"column":31},"end":{"line":81,"column":72}},"24":{"start":{"line":83,"column":27},"end":{"line":83,"column":28}},"25":{"start":{"line":84,"column":2},"end":{"line":86,"column":3}},"26":{"start":{"line":84,"column":15},"end":{"line":84,"column":16}},"27":{"start":{"line":85,"column":4},"end":{"line":85,"column":50}},"28":{"start":{"line":88,"column":22},"end":{"line":88,"column":74}},"29":{"start":{"line":90,"column":2},"end":{"line":95,"column":4}}},"fnMap":{"0":{"name":"calculateSafeBalance","decl":{"start":{"line":30,"column":16},"end":{"line":30,"column":36}},"loc":{"start":{"line":36,"column":21},"end":{"line":96,"column":1}},"line":36},"1":{"name":"(anonymous_1)","decl":{"start":{"line":81,"column":21},"end":{"line":81,"column":22}},"loc":{"start":{"line":81,"column":31},"end":{"line":81,"column":72}},"line":81}},"branchMap":{"0":{"loc":{"start":{"line":35,"column":2},"end":{"line":35,"column":20}},"type":"default-arg","locations":[{"start":{"line":35,"column":10},"end":{"line":35,"column":20}}],"line":35},"1":{"loc":{"start":{"line":48,"column":4},"end":{"line":48,"column":32}},"type":"if","locations":[{"start":{"line":48,"column":4},"end":{"line":48,"column":32}},{"start":{},"end":{}}],"line":48},"2":{"loc":{"start":{"line":49,"column":4},"end":{"line":54,"column":5}},"type":"if","locations":[{"start":{"line":49,"column":4},"end":{"line":54,"column":5}},{"start":{},"end":{}}],"line":49},"3":{"loc":{"start":{"line":51,"column":8},"end":{"line":52,"column":55}},"type":"binary-expr","locations":[{"start":{"line":51,"column":9},"end":{"line":51,"column":61}},{"start":{"line":52,"column":8},"end":{"line":52,"column":55}}],"line":51},"4":{"loc":{"start":{"line":51,"column":9},"end":{"line":51,"column":61}},"type":"cond-expr","locations":[{"start":{"line":51,"column":26},"end":{"line":51,"column":54}},{"start":{"line":51,"column":57},"end":{"line":51,"column":61}}],"line":51},"5":{"loc":{"start":{"line":65,"column":4},"end":{"line":68,"column":5}},"type":"if","locations":[{"start":{"line":65,"column":4},"end":{"line":68,"column":5}},{"start":{},"end":{}}],"line":65},"6":{"loc":{"start":{"line":71,"column":4},"end":{"line":77,"column":5}},"type":"if","locations":[{"start":{"line":71,"column":4},"end":{"line":77,"column":5}},{"start":{},"end":{}}],"line":71}},"s":{"0":7,"1":7,"2":7,"3":7,"4":7,"5":7,"6":7,"7":7,"8":2,"9":2,"10":0,"11":2,"12":1,"13":1,"14":7,"15":7,"16":4,"17":4,"18":4,"19":1,"20":4,"21":4,"22":7,"23":2,"24":7,"25":7,"26":7,"27":4,"28":7,"29":7},"f":{"0":7,"1":2},"b":{"0":[4],"1":[0,2],"2":[1,1],"3":[1,1],"4":[0,1],"5":[1,3],"6":[4,0]},"_coverageSchema":"1a1c01bbd47fc00a2c39e90264f33305004495a9","hash":"6a8daaa0eb133923576d2eab53d022edf40f075a"}
,"C:\\Users\\Billy\\OneDrive\\Desktop\\CodeProjects\\Mum_Finance\\lib\\utils\\subscriptions.ts": {"path":"C:\\Users\\Billy\\OneDrive\\Desktop\\CodeProjects\\Mum_Finance\\lib\\utils\\subscriptions.ts","statementMap":{"0":{"start":{"line":14,"column":20},"end":{"line":14,"column":52}},"1":{"start":{"line":16,"column":2},"end":{"line":34,"column":5}},"2":{"start":{"line":18,"column":4},"end":{"line":18,"column":32}},"3":{"start":{"line":18,"column":25},"end":{"line":18,"column":32}},"4":{"start":{"line":22,"column":18},"end":{"line":22,"column":69}},"5":{"start":{"line":24,"column":4},"end":{"line":24,"column":23}},"6":{"start":{"line":24,"column":16},"end":{"line":24,"column":23}},"7":{"start":{"line":28,"column":6},"end":{"line":29,"column":55}},"8":{"start":{"line":31,"column":21},"end":{"line":31,"column":45}},"9":{"start":{"line":32,"column":4},"end":{"line":32,"column":23}},"10":{"start":{"line":33,"column":4},"end":{"line":33,"column":33}},"11":{"start":{"line":36,"column":40},"end":{"line":36,"column":42}},"12":{"start":{"line":38,"column":2},"end":{"line":64,"column":5}},"13":{"start":{"line":40,"column":4},"end":{"line":40,"column":34}},"14":{"start":{"line":40,"column":27},"end":{"line":40,"column":34}},"15":{"start":{"line":43,"column":4},"end":{"line":45,"column":6}},"16":{"start":{"line":44,"column":16},"end":{"line":44,"column":71}},"17":{"start":{"line":47,"column":20},"end":{"line":47,"column":44}},"18":{"start":{"line":48,"column":21},"end":{"line":48,"column":70}},"19":{"start":{"line":52,"column":6},"end":{"line":52,"column":74}},"20":{"start":{"line":54,"column":4},"end":{"line":63,"column":7}},"21":{"start":{"line":59,"column":32},"end":{"line":62,"column":7}},"22":{"start":{"line":67,"column":2},"end":{"line":67,"column":61}},"23":{"start":{"line":67,"column":31},"end":{"line":67,"column":59}},"24":{"start":{"line":69,"column":2},"end":{"line":69,"column":23}}},"fnMap":{"0":{"name":"detectSubscriptions","decl":{"start":{"line":11,"column":16},"end":{"line":11,"column":35}},"loc":{"start":{"line":13,"column":18},"end":{"line":70,"column":1}},"line":13},"1":{"name":"(anonymous_1)","decl":{"start":{"line":16,"column":23},"end":{"line":16,"column":24}},"loc":{"start":{"line":16,"column":32},"end":{"line":34,"column":3}},"line":16},"2":{"name":"(anonymous_2)","decl":{"start":{"line":38,"column":20},"end":{"line":38,"column":21}},"loc":{"start":{"line":38,"column":36},"end":{"line":64,"column":3}},"line":38},"3":{"name":"(anonymous_3)","decl":{"start":{"line":44,"column":6},"end":{"line":44,"column":7}},"loc":{"start":{"line":44,"column":16},"end":{"line":44,"column":71}},"line":44},"4":{"name":"(anonymous_4)","decl":{"start":{"line":59,"column":24},"end":{"line":59,"column":25}},"loc":{"start":{"line":59,"column":32},"end":{"line":62,"column":7}},"line":59},"5":{"name":"(anonymous_5)","decl":{"start":{"line":67,"column":21},"end":{"line":67,"column":22}},"loc":{"start":{"line":67,"column":31},"end":{"line":67,"column":59}},"line":67}},"branchMap":{"0":{"loc":{"start":{"line":18,"column":4},"end":{"line":18,"column":32}},"type":"if","locations":[{"start":{"line":18,"column":4},"end":{"line":18,"column":32}},{"start":{},"end":{}}],"line":18},"1":{"loc":{"start":{"line":22,"column":18},"end":{"line":22,"column":69}},"type":"binary-expr","locations":[{"start":{"line":22,"column":18},"end":{"line":22,"column":33}},{"start":{"line":22,"column":37},"end":{"line":22,"column":69}}],"line":22},"2":{"loc":{"start":{"line":24,"column":4},"end":{"line":24,"column":23}},"type":"if","locations":[{"start":{"line":24,"column":4},"end":{"line":24,"column":23}},{"start":{},"end":{}}],"line":24},"3":{"loc":{"start":{"line":28,"column":6},"end":{"line":29,"column":55}},"type":"binary-expr","locations":[{"start":{"line":28,"column":7},"end":{"line":28,"column":63}},{"start":{"line":29,"column":6},"end":{"line":29,"column":55}}],"line":28},"4":{"loc":{"start":{"line":28,"column":7},"end":{"line":28,"column":63}},"type":"cond-expr","locations":[{"start":{"line":28,"column":26},"end":{"line":28,"column":56}},{"start":{"line":28,"column":59},"end":{"line":28,"column":63}}],"line":28},"5":{"loc":{"start":{"line":31,"column":21},"end":{"line":31,"column":45}},"type":"binary-expr","locations":[{"start":{"line":31,"column":21},"end":{"line":31,"column":39}},{"start":{"line":31,"column":43},"end":{"line":31,"column":45}}],"line":31},"6":{"loc":{"start":{"line":40,"column":4},"end":{"line":40,"column":34}},"type":"if","locations":[{"start":{"line":40,"column":4},"end":{"line":40,"column":34}},{"start":{},"end":{}}],"line":40},"7":{"loc":{"start":{"line":48,"column":21},"end":{"line":48,"column":70}},"type":"cond-expr","locations":[{"start":{"line":48,"column":39},"end":{"line":48,"column":63}},{"start":{"line":48,"column":66},"end":{"line":48,"column":70}}],"line":48},"8":{"loc":{"start":{"line":52,"column":6},"end":{"line":52,"column":74}},"type":"binary-expr","locations":[{"start":{"line":52,"column":6},"end":{"line":52,"column":23}},{"start":{"line":52,"column":27},"end":{"line":52,"column":45}},{"start":{"line":52,"column":49},"end":{"line":52,"column":74}}],"line":52}},"s":{"0":7,"1":7,"2":13,"3":0,"4":13,"5":13,"6":2,"7":11,"8":11,"9":11,"10":11,"11":7,"12":7,"13":6,"14":0,"15":6,"16":5,"17":6,"18":6,"19":6,"20":6,"21":11,"22":7,"23":1,"24":7},"f":{"0":7,"1":13,"2":6,"3":5,"4":11,"5":1},"b":{"0":[0,13],"1":[13,2],"2":[2,11],"3":[11,5],"4":[6,5],"5":[11,6],"6":[0,6],"7":[5,1],"8":[6,5,3]},"_coverageSchema":"1a1c01bbd47fc00a2c39e90264f33305004495a9","hash":"de80e4706ebf0b2f2d1edf473bf58d0d9846d54f"}
,"C:\\Users\\Billy\\OneDrive\\Desktop\\CodeProjects\\Mum_Finance\\lib\\utils\\surcharges.ts": {"path":"C:\\Users\\Billy\\OneDrive\\Desktop\\CodeProjects\\Mum_Finance\\lib\\utils\\surcharges.ts","statementMap":{"0":{"start":{"line":8,"column":27},"end":{"line":21,"column":10}},"1":{"start":{"line":39,"column":19},"end":{"line":39,"column":54}},"2":{"start":{"line":40,"column":36},"end":{"line":40,"column":38}},"3":{"start":{"line":41,"column":14},"end":{"line":41,"column":15}},"4":{"start":{"line":43,"column":2},"end":{"line":68,"column":3}},"5":{"start":{"line":43,"column":15},"end":{"line":43,"column":16}},"6":{"start":{"line":44,"column":16},"end":{"line":44,"column":31}},"7":{"start":{"line":47,"column":4},"end":{"line":47,"column":34}},"8":{"start":{"line":47,"column":25},"end":{"line":47,"column":34}},"9":{"start":{"line":50,"column":4},"end":{"line":50,"column":56}},"10":{"start":{"line":50,"column":47},"end":{"line":50,"column":56}},"11":{"start":{"line":52,"column":22},"end":{"line":52,"column":51}},"12":{"start":{"line":53,"column":22},"end":{"line":53,"column":72}},"13":{"start":{"line":55,"column":4},"end":{"line":62,"column":5}},"14":{"start":{"line":56,"column":6},"end":{"line":61,"column":7}},"15":{"start":{"line":56,"column":19},"end":{"line":56,"column":20}},"16":{"start":{"line":57,"column":8},"end":{"line":60,"column":9}},"17":{"start":{"line":58,"column":10},"end":{"line":58,"column":29}},"18":{"start":{"line":59,"column":10},"end":{"line":59,"column":16}},"19":{"start":{"line":64,"column":4},"end":{"line":67,"column":5}},"20":{"start":{"line":65,"column":6},"end":{"line":65,"column":27}},"21":{"start":{"line":66,"column":6},"end":{"line":66,"column":59}},"22":{"start":{"line":70,"column":2},"end":{"line":73,"column":4}}},"fnMap":{"0":{"name":"detectSurcharges","decl":{"start":{"line":35,"column":16},"end":{"line":35,"column":32}},"loc":{"start":{"line":38,"column":19},"end":{"line":74,"column":1}},"line":38}},"branchMap":{"0":{"loc":{"start":{"line":37,"column":2},"end":{"line":37,"column":26}},"type":"default-arg","locations":[{"start":{"line":37,"column":16},"end":{"line":37,"column":26}}],"line":37},"1":{"loc":{"start":{"line":47,"column":4},"end":{"line":47,"column":34}},"type":"if","locations":[{"start":{"line":47,"column":4},"end":{"line":47,"column":34}},{"start":{},"end":{}}],"line":47},"2":{"loc":{"start":{"line":50,"column":4},"end":{"line":50,"column":56}},"type":"if","locations":[{"start":{"line":50,"column":4},"end":{"line":50,"column":56}},{"start":{},"end":{}}],"line":50},"3":{"loc":{"start":{"line":55,"column":4},"end":{"line":62,"column":5}},"type":"if","locations":[{"start":{"line":55,"column":4},"end":{"line":62,"column":5}},{"start":{},"end":{}}],"line":55},"4":{"loc":{"start":{"line":57,"column":8},"end":{"line":60,"column":9}},"type":"if","locations":[{"start":{"line":57,"column":8},"end":{"line":60,"column":9}},{"start":{},"end":{}}],"line":57},"5":{"loc":{"start":{"line":64,"column":4},"end":{"line":67,"column":5}},"type":"if","locations":[{"start":{"line":64,"column":4},"end":{"line":67,"column":5}},{"start":{},"end":{}}],"line":64},"6":{"loc":{"start":{"line":66,"column":16},"end":{"line":66,"column":57}},"type":"cond-expr","locations":[{"start":{"line":66,"column":33},"end":{"line":66,"column":44}},{"start":{"line":66,"column":47},"end":{"line":66,"column":57}}],"line":66}},"s":{"0":5,"1":10,"2":10,"3":10,"4":10,"5":10,"6":13,"7":13,"8":0,"9":13,"10":6,"11":7,"12":7,"13":7,"14":5,"15":5,"16":38,"17":2,"18":2,"19":7,"20":4,"21":4,"22":10},"f":{"0":10},"b":{"0":[7],"1":[0,13],"2":[6,7],"3":[5,2],"4":[2,36],"5":[4,3],"6":[4,0]},"_coverageSchema":"1a1c01bbd47fc00a2c39e90264f33305004495a9","hash":"95f4a805cebed1ebdc4d308aea5193e66266dbed"}
}
