TN:
SF:app\_layout.tsx
FN:6,RootLayout
FNF:1
FNH:0
FNDA:0,RootLayout
DA:7,0
LF:1
LH:0
BRF:0
BRH:0
end_of_record
TN:
SF:app\backup.tsx
FN:17,BackupScreen
FN:22,(anonymous_1)
FN:54,(anonymous_2)
FN:58,(anonymous_3)
FN:103,(anonymous_4)
FN:109,(anonymous_5)
FN:113,(anonymous_6)
FN:128,(anonymous_7)
FN:184,(anonymous_8)
FN:227,(anonymous_9)
FNF:10
FNH:6
FNDA:9,BackupScreen
FNDA:1,(anonymous_1)
FNDA:1,(anonymous_2)
FNDA:1,(anonymous_3)
FNDA:0,(anonymous_4)
FNDA:1,(anonymous_5)
FNDA:1,(anonymous_6)
FNDA:0,(anonymous_7)
FNDA:0,(anonymous_8)
FNDA:0,(anonymous_9)
DA:18,9
DA:19,9
DA:20,9
DA:22,9
DA:23,1
DA:24,1
DA:25,1
DA:26,1
DA:28,1
DA:30,0
DA:31,0
DA:32,0
DA:33,0
DA:34,0
DA:35,0
DA:36,0
DA:37,0
DA:40,1
DA:41,1
DA:43,1
DA:49,0
DA:50,0
DA:54,9
DA:55,1
DA:58,9
DA:59,1
DA:60,1
DA:65,1
DA:66,0
DA:67,0
DA:70,1
DA:71,1
DA:73,1
DA:74,0
DA:75,0
DA:77,1
DA:80,1
DA:81,1
DA:83,1
DA:84,0
DA:87,1
DA:88,1
DA:91,1
DA:93,0
DA:94,0
DA:97,0
DA:98,0
DA:99,0
DA:103,9
DA:104,0
DA:105,0
DA:106,0
DA:109,9
DA:110,1
DA:113,9
DA:114,1
DA:115,1
DA:116,1
DA:119,9
DA:120,0
DA:123,9
DA:128,0
DA:184,0
DA:227,0
LF:64
LH:37
BRDA:28,0,0,0
BRDA:28,0,1,1
BRDA:65,1,0,0
BRDA:65,1,1,1
BRDA:65,2,0,1
BRDA:65,2,1,1
BRDA:73,3,0,0
BRDA:73,3,1,1
BRDA:83,4,0,0
BRDA:83,4,1,1
BRDA:119,5,0,0
BRDA:119,5,1,9
BRDA:163,6,0,7
BRDA:163,6,1,2
BRDA:206,7,0,8
BRDA:206,7,1,1
BRF:16
BRH:11
end_of_record
TN:
SF:app\import.tsx
FN:17,ImportScreen
FN:28,(anonymous_1)
FN:85,(anonymous_2)
FN:104,(anonymous_3)
FN:113,(anonymous_4)
FN:135,(anonymous_5)
FN:157,(anonymous_6)
FNF:7
FNH:5
FNDA:21,ImportScreen
FNDA:3,(anonymous_1)
FNDA:3,(anonymous_2)
FNDA:0,(anonymous_3)
FNDA:0,(anonymous_4)
FNDA:84,(anonymous_5)
FNDA:105,(anonymous_6)
DA:19,21
DA:20,21
DA:21,21
DA:28,21
DA:29,3
DA:30,3
DA:31,3
DA:34,3
DA:39,3
DA:40,0
DA:41,0
DA:44,3
DA:45,3
DA:46,0
DA:47,0
DA:53,3
DA:55,0
DA:56,0
DA:59,3
DA:63,3
DA:65,3
DA:66,0
DA:67,0
DA:68,0
DA:72,3
DA:73,3
DA:76,3
DA:79,3
DA:80,2
DA:84,3
DA:85,3
DA:89,3
DA:96,3
DA:98,0
DA:99,0
DA:100,0
DA:104,21
DA:105,0
DA:108,21
DA:113,0
DA:136,84
DA:158,105
LF:42
LH:28
BRDA:39,0,0,0
BRDA:39,0,1,3
BRDA:45,1,0,0
BRDA:45,1,1,3
BRDA:53,2,0,0
BRDA:53,2,1,3
BRDA:65,3,0,0
BRDA:65,3,1,3
BRDA:79,4,0,2
BRDA:79,4,1,1
BRDA:176,5,0,14
BRDA:176,5,1,7
BRDA:182,6,0,14
BRDA:182,6,1,7
BRDA:184,7,0,14
BRDA:184,7,1,7
BRDA:190,8,0,21
BRDA:190,8,1,6
BRDA:213,9,0,6
BRDA:213,9,1,0
BRF:20
BRH:15
end_of_record
TN:
SF:app\(tabs)\_layout.tsx
FN:5,TabIcon
FN:22,TabLayout
FN:62,(anonymous_2)
FN:71,(anonymous_3)
FN:80,(anonymous_4)
FN:89,(anonymous_5)
FNF:6
FNH:5
FNDA:0,TabIcon
FNDA:1,TabLayout
FNDA:2,(anonymous_2)
FNDA:2,(anonymous_3)
FNDA:2,(anonymous_4)
FNDA:2,(anonymous_5)
DA:6,0
DA:13,0
DA:23,1
DA:63,2
DA:72,2
DA:81,2
DA:90,2
LF:7
LH:5
BRDA:15,0,0,0
BRDA:15,0,1,0
BRF:2
BRH:0
end_of_record
TN:
SF:app\(tabs)\calendar.tsx
FN:16,CalendarScreen
FN:19,(anonymous_1)
FN:28,(anonymous_2)
FN:35,(anonymous_3)
FN:64,(anonymous_4)
FN:67,(anonymous_5)
FN:76,(anonymous_6)
FN:87,(anonymous_7)
FN:97,(anonymous_8)
FN:126,(anonymous_9)
FN:134,(anonymous_10)
FNF:11
FNH:10
FNDA:3,CalendarScreen
FNDA:3,(anonymous_1)
FNDA:3,(anonymous_2)
FNDA:2,(anonymous_3)
FNDA:0,(anonymous_4)
FNDA:2,(anonymous_5)
FNDA:3,(anonymous_6)
FNDA:2,(anonymous_7)
FNDA:9,(anonymous_8)
FNDA:2,(anonymous_9)
FNDA:2,(anonymous_10)
DA:18,3
DA:19,3
DA:28,3
DA:29,3
DA:30,3
DA:31,3
DA:32,3
DA:33,3
DA:35,3
DA:37,2
DA:42,2
DA:44,2
DA:46,0
DA:53,2
DA:54,2
DA:64,3
DA:67,3
DA:68,2
DA:69,2
DA:72,3
DA:76,3
DA:77,3
DA:83,3
DA:84,3
DA:85,3
DA:87,3
DA:88,2
DA:89,2
DA:90,0
DA:91,0
DA:93,0
DA:97,9
DA:100,3
DA:127,2
DA:135,2
LF:35
LH:31
BRDA:29,0,0,0
BRDA:29,0,1,3
BRDA:44,1,0,0
BRDA:44,1,1,2
BRDA:53,2,0,2
BRDA:53,2,1,0
BRDA:53,3,0,2
BRDA:53,3,1,2
BRDA:88,4,0,2
BRDA:88,4,1,0
BRDA:90,5,0,0
BRDA:90,5,1,0
BRDA:138,6,0,0
BRDA:138,6,1,2
BRDA:158,7,0,1
BRDA:158,7,1,1
BRDA:169,8,0,2
BRDA:169,8,1,1
BRDA:183,9,0,3
BRDA:183,9,1,1
BRF:20
BRH:13
end_of_record
TN:
SF:app\(tabs)\index.tsx
FN:21,DashboardScreen
FN:29,(anonymous_1)
FN:38,(anonymous_2)
FN:45,(anonymous_3)
FN:47,(anonymous_4)
FN:50,(anonymous_5)
FN:54,(anonymous_6)
FN:59,(anonymous_7)
FN:67,(anonymous_8)
FN:85,(anonymous_9)
FN:91,(anonymous_10)
FN:241,(anonymous_11)
FN:296,(anonymous_12)
FN:323,(anonymous_13)
FNF:14
FNH:11
FNDA:11,DashboardScreen
FNDA:12,(anonymous_1)
FNDA:12,(anonymous_2)
FNDA:4,(anonymous_3)
FNDA:4,(anonymous_4)
FNDA:4,(anonymous_5)
FNDA:1,(anonymous_6)
FNDA:1,(anonymous_7)
FNDA:9,(anonymous_8)
FNDA:8,(anonymous_9)
FNDA:8,(anonymous_10)
FNDA:0,(anonymous_11)
FNDA:0,(anonymous_12)
FNDA:0,(anonymous_13)
DA:28,11
DA:29,12
DA:38,12
DA:40,11
DA:41,11
DA:42,11
DA:45,11
DA:46,4
DA:47,4
DA:48,4
DA:50,4
DA:54,11
DA:55,1
DA:56,1
DA:59,11
DA:60,1
DA:61,1
DA:62,1
DA:64,1
DA:67,11
DA:68,9
DA:69,5
DA:70,4
DA:85,11
DA:86,8
DA:87,4
DA:91,11
DA:92,8
DA:93,4
DA:96,11
DA:98,11
DA:99,0
DA:106,11
DA:242,0
DA:296,0
DA:323,0
LF:36
LH:32
BRDA:46,0,0,4
BRDA:46,0,1,0
BRDA:60,1,0,1
BRDA:60,1,1,0
BRDA:61,2,0,1
BRDA:61,2,1,0
BRDA:68,3,0,5
BRDA:68,3,1,4
BRDA:86,4,0,4
BRDA:86,4,1,4
BRDA:92,5,0,4
BRDA:92,5,1,4
BRDA:98,6,0,0
BRDA:98,6,1,11
BRDA:140,7,0,11
BRDA:140,7,1,0
BRDA:208,8,0,11
BRDA:208,8,1,0
BRDA:227,9,0,11
BRDA:227,9,1,0
BRDA:261,10,0,0
BRDA:261,10,1,0
BRDA:272,11,0,11
BRDA:272,11,1,9
BRF:24
BRH:15
end_of_record
TN:
SF:app\(tabs)\insights.tsx
FN:10,InsightsScreen
FN:14,(anonymous_1)
FN:20,(anonymous_2)
FN:26,(anonymous_3)
FN:32,(anonymous_4)
FN:41,(anonymous_5)
FN:46,(anonymous_6)
FN:56,(anonymous_7)
FN:121,(anonymous_8)
FN:165,(anonymous_9)
FN:180,(anonymous_10)
FNF:11
FNH:10
FNDA:3,InsightsScreen
FNDA:3,(anonymous_1)
FNDA:3,(anonymous_2)
FNDA:3,(anonymous_3)
FNDA:3,(anonymous_4)
FNDA:48,(anonymous_5)
FNDA:0,(anonymous_6)
FNDA:36,(anonymous_7)
FNDA:1,(anonymous_8)
FNDA:36,(anonymous_9)
FNDA:36,(anonymous_10)
DA:11,3
DA:14,3
DA:15,3
DA:16,3
DA:20,3
DA:21,3
DA:22,3
DA:26,3
DA:27,3
DA:28,3
DA:32,3
DA:33,3
DA:34,3
DA:35,3
DA:37,3
DA:38,36
DA:39,36
DA:40,36
DA:42,48
DA:46,36
DA:47,36
DA:53,3
DA:56,36
DA:58,3
DA:122,1
DA:166,36
DA:181,36
LF:27
LH:27
BRDA:15,0,0,0
BRDA:15,0,1,3
BRDA:21,1,0,0
BRDA:21,1,1,3
BRDA:27,2,0,0
BRDA:27,2,1,3
BRDA:33,3,0,0
BRDA:33,3,1,3
BRDA:42,4,0,48
BRDA:42,4,1,2
BRDA:42,4,2,0
BRDA:115,5,0,2
BRDA:115,5,1,1
BRDA:125,6,0,0
BRDA:125,6,1,1
BRDA:134,7,0,1
BRDA:134,7,1,1
BRDA:134,7,2,1
BRDA:142,8,0,1
BRDA:142,8,1,0
BRDA:171,9,0,0
BRDA:171,9,1,36
BRDA:185,10,0,12
BRDA:185,10,1,24
BRF:24
BRH:16
end_of_record
TN:
SF:app\(tabs)\transactions.tsx
FN:20,(anonymous_0)
FN:31,(anonymous_1)
FN:43,(anonymous_2)
FN:105,(anonymous_3)
FN:120,TransactionsScreen
FN:122,(anonymous_5)
FN:130,(anonymous_6)
FN:145,(anonymous_7)
FN:149,(anonymous_8)
FN:156,(anonymous_9)
FN:158,(anonymous_10)
FN:165,(anonymous_11)
FN:166,(anonymous_12)
FN:172,(anonymous_13)
FN:177,(anonymous_14)
FN:205,(anonymous_15)
FN:210,(anonymous_16)
FN:244,(anonymous_17)
FN:247,(anonymous_18)
FN:250,(anonymous_19)
FN:281,(anonymous_20)
FN:320,(anonymous_21)
FN:348,(anonymous_22)
FN:372,(anonymous_23)
FN:402,(anonymous_24)
FN:405,(anonymous_25)
FN:429,(anonymous_26)
FNF:27
FNH:20
FNDA:0,(anonymous_0)
FNDA:11,(anonymous_1)
FNDA:2,(anonymous_2)
FNDA:4,(anonymous_3)
FNDA:11,TransactionsScreen
FNDA:13,(anonymous_5)
FNDA:13,(anonymous_6)
FNDA:8,(anonymous_7)
FNDA:2,(anonymous_8)
FNDA:8,(anonymous_9)
FNDA:12,(anonymous_10)
FNDA:0,(anonymous_11)
FNDA:7,(anonymous_12)
FNDA:2,(anonymous_13)
FNDA:1,(anonymous_14)
FNDA:1,(anonymous_15)
FNDA:1,(anonymous_16)
FNDA:44,(anonymous_17)
FNDA:10,(anonymous_18)
FNDA:18,(anonymous_19)
FNDA:0,(anonymous_20)
FNDA:0,(anonymous_21)
FNDA:0,(anonymous_22)
FNDA:0,(anonymous_23)
FNDA:180,(anonymous_24)
FNDA:1,(anonymous_25)
FNDA:0,(anonymous_26)
DA:30,1
DA:42,11
DA:43,2
DA:105,1
DA:106,4
DA:121,11
DA:122,13
DA:129,11
DA:130,13
DA:138,11
DA:139,11
DA:140,11
DA:141,11
DA:142,11
DA:145,11
DA:146,8
DA:147,1
DA:148,1
DA:150,2
DA:156,11
DA:157,8
DA:158,8
DA:159,12
DA:160,12
DA:161,12
DA:164,8
DA:165,0
DA:166,7
DA:172,11
DA:173,2
DA:174,2
DA:177,11
DA:178,1
DA:181,1
DA:184,1
DA:186,1
DA:187,1
DA:192,1
DA:193,0
DA:194,0
DA:199,0
DA:202,1
DA:205,11
DA:206,1
DA:207,1
DA:210,11
DA:211,1
DA:212,1
DA:213,1
DA:214,1
DA:217,11
DA:244,44
DA:248,10
DA:251,18
DA:281,0
DA:320,0
DA:349,0
DA:350,0
DA:351,0
DA:354,0
DA:373,0
DA:375,0
DA:380,0
DA:381,0
DA:386,0
DA:387,0
DA:403,180
DA:405,1
DA:430,0
DA:431,0
DA:432,0
LF:71
LH:52
BRDA:45,0,0,4
BRDA:45,0,1,7
BRDA:51,1,0,10
BRDA:51,1,1,1
BRDA:54,2,0,11
BRDA:54,2,1,0
BRDA:72,3,0,10
BRDA:72,3,1,1
BRDA:80,4,0,11
BRDA:80,4,1,0
BRDA:94,5,0,11
BRDA:94,5,1,0
BRDA:146,6,0,7
BRDA:146,6,1,1
BRDA:150,7,0,2
BRDA:150,7,1,1
BRDA:160,8,0,7
BRDA:160,8,1,5
BRDA:178,9,0,0
BRDA:178,9,1,1
BRDA:181,10,0,1
BRDA:181,10,1,1
BRDA:181,10,2,0
BRDA:184,11,0,1
BRDA:184,11,1,1
BRDA:192,12,0,0
BRDA:192,12,1,1
BRDA:206,13,0,0
BRDA:206,13,1,1
BRDA:211,14,0,0
BRDA:211,14,1,1
BRDA:226,15,0,11
BRDA:226,15,1,0
BRDA:253,16,0,10
BRDA:253,16,1,8
BRDA:255,17,0,8
BRDA:255,17,1,0
BRDA:296,18,0,4
BRDA:296,18,1,7
BRDA:297,19,0,4
BRDA:297,19,1,7
BRDA:300,20,0,11
BRDA:300,20,1,10
BRDA:310,21,0,1
BRDA:310,21,1,10
BRDA:350,22,0,0
BRDA:350,22,1,0
BRDA:375,23,0,0
BRDA:375,23,1,0
BRDA:376,24,0,0
BRDA:376,24,1,0
BRDA:376,24,2,0
BRDA:407,25,0,3
BRDA:407,25,1,177
BRDA:414,26,0,3
BRDA:414,26,1,177
BRF:56
BRH:39
end_of_record
TN:
SF:lib\engine\categorization.ts
FN:15,runCategorizationWorkflow
FNF:1
FNH:1
FNDA:8,runCategorizationWorkflow
DA:21,8
DA:22,8
DA:26,8
DA:27,8
DA:28,1011
DA:29,7
DA:33,8
DA:34,2
DA:38,6
DA:46,2
DA:47,2
DA:49,2
DA:50,4
DA:51,4
DA:52,4
DA:53,1
DA:60,3
DA:64,2
LF:18
LH:18
BRDA:28,0,0,7
BRDA:28,0,1,1004
BRDA:33,1,0,2
BRDA:33,1,1,6
BRDA:52,2,0,1
BRDA:52,2,1,3
BRDA:56,3,0,1
BRDA:56,3,1,0
BRDA:56,3,2,0
BRDA:57,4,0,1
BRDA:57,4,1,0
BRF:11
BRH:8
end_of_record
TN:
SF:lib\engine\llm.ts
FN:12,getClient
FN:34,analyzeChunk
FN:42,(anonymous_2)
FN:76,(anonymous_3)
FN:95,(anonymous_4)
FN:115,(anonymous_5)
FN:122,(anonymous_6)
FN:147,analyzeTransaction
FN:167,analyzeBatch
FN:189,(anonymous_9)
FN:196,(anonymous_10)
FNF:11
FNH:11
FNDA:12,getClient
FNDA:12,analyzeChunk
FNDA:13,(anonymous_2)
FNDA:4,(anonymous_3)
FNDA:7,(anonymous_4)
FNDA:1,(anonymous_5)
FNDA:3,(anonymous_6)
FNDA:7,analyzeTransaction
FNDA:4,analyzeBatch
FNDA:3,(anonymous_9)
FNDA:1,(anonymous_10)
DA:6,12
DA:10,12
DA:13,12
DA:14,4
DA:18,12
DA:37,12
DA:38,12
DA:41,12
DA:42,13
DA:45,12
DA:50,12
DA:51,12
DA:53,12
DA:54,19
DA:55,19
DA:62,12
DA:63,12
DA:66,9
DA:67,9
DA:69,3
DA:70,3
DA:73,6
DA:76,6
DA:77,4
DA:79,4
DA:80,4
DA:81,3
DA:84,4
DA:95,6
DA:96,7
DA:97,4
DA:108,6
DA:110,10
DA:111,10
DA:112,1
DA:113,1
DA:114,1
DA:115,1
DA:116,1
DA:119,9
DA:120,9
DA:122,3
DA:123,3
DA:124,3
DA:134,3
DA:136,6
DA:140,0
DA:150,7
DA:151,7
DA:172,4
DA:173,4
DA:176,4
DA:178,4
DA:179,5
DA:181,5
DA:186,5
DA:189,3
DA:191,2
DA:192,2
DA:195,2
DA:196,1
DA:200,1
LF:62
LH:61
BRDA:6,0,0,12
BRDA:6,0,1,12
BRDA:6,0,2,12
BRDA:13,1,0,4
BRDA:13,1,1,8
BRDA:63,2,0,3
BRDA:63,2,1,9
BRDA:73,3,0,6
BRDA:73,3,1,0
BRDA:77,4,0,0
BRDA:77,4,1,4
BRDA:80,5,0,3
BRDA:80,5,1,1
BRDA:86,6,0,4
BRDA:86,6,1,0
BRDA:89,7,0,4
BRDA:89,7,1,0
BRDA:96,8,0,4
BRDA:96,8,1,3
BRDA:110,9,0,10
BRDA:110,9,1,9
BRDA:111,10,0,1
BRDA:111,10,1,9
BRDA:111,11,0,10
BRDA:111,11,1,1
BRDA:120,12,0,3
BRDA:120,12,1,6
BRDA:123,13,0,3
BRDA:123,13,1,0
BRDA:130,14,0,3
BRDA:130,14,1,0
BRDA:152,15,0,7
BRDA:152,15,1,0
BRDA:169,16,0,0
BRDA:195,17,0,1
BRDA:195,17,1,1
BRF:36
BRH:28
end_of_record
TN:
SF:lib\engine\recurring.ts
FN:19,detectRecurring
FN:25,(anonymous_1)
FN:41,(anonymous_2)
FN:43,(anonymous_3)
FN:48,(anonymous_4)
FN:49,(anonymous_5)
FN:57,(anonymous_6)
FN:63,(anonymous_7)
FN:65,(anonymous_8)
FN:69,(anonymous_9)
FN:85,(anonymous_10)
FN:93,markRecurringTransactions
FN:97,(anonymous_12)
FN:99,(anonymous_13)
FNF:14
FNH:14
FNDA:50,detectRecurring
FNDA:4070,(anonymous_1)
FNDA:4049,(anonymous_2)
FNDA:4062,(anonymous_3)
FNDA:39,(anonymous_4)
FNDA:39,(anonymous_5)
FNDA:36,(anonymous_6)
FNDA:33,(anonymous_7)
FNDA:33,(anonymous_8)
FNDA:33,(anonymous_9)
FNDA:3,(anonymous_10)
FNDA:1,markRecurringTransactions
FNDA:2,(anonymous_12)
FNDA:8,(anonymous_13)
DA:22,50
DA:25,50
DA:27,4070
DA:32,4068
DA:34,4068
DA:35,4068
DA:36,4068
DA:39,50
DA:41,50
DA:43,4062
DA:46,4049
DA:48,39
DA:49,39
DA:54,20
DA:56,20
DA:57,36
DA:60,20
DA:63,33
DA:64,17
DA:65,33
DA:68,17
DA:69,33
DA:74,17
DA:76,17
DA:85,50
DA:87,50
DA:97,2
DA:99,1
DA:100,8
DA:104,8
DA:107,8
DA:108,5
DA:111,3
LF:33
LH:33
BRDA:27,0,0,2
BRDA:27,0,1,4068
BRDA:32,1,0,4068
BRDA:32,1,1,4062
BRDA:32,2,0,6
BRDA:32,2,1,4062
BRDA:34,3,0,4068
BRDA:34,3,1,4049
BRDA:46,4,0,4029
BRDA:46,4,1,20
BRDA:46,5,0,4049
BRDA:46,5,1,4039
BRDA:54,6,0,10
BRDA:54,6,1,10
BRDA:60,7,0,3
BRDA:60,7,1,17
BRDA:60,8,0,20
BRDA:60,8,1,3
BRDA:69,9,0,33
BRDA:69,9,1,0
BRDA:74,10,0,0
BRDA:74,10,1,17
BRDA:74,11,0,17
BRDA:74,11,1,0
BRDA:100,12,0,0
BRDA:100,12,1,8
BRDA:104,13,0,8
BRDA:104,13,1,8
BRDA:104,14,0,0
BRDA:104,14,1,8
BRDA:107,15,0,5
BRDA:107,15,1,3
BRF:32
BRH:27
end_of_record
TN:
SF:lib\engine\rules.ts
FN:11,findMatch
FN:29,applyRules
FN:42,(anonymous_2)
FN:84,suggestKeyword
FN:88,(anonymous_4)
FN:89,(anonymous_5)
FN:90,(anonymous_6)
FN:91,(anonymous_7)
FN:92,(anonymous_8)
FN:94,(anonymous_9)
FN:99,(anonymous_10)
FN:100,(anonymous_11)
FN:103,(anonymous_12)
FN:106,(anonymous_13)
FNF:14
FNH:14
FNDA:2022,findMatch
FNDA:16,applyRules
FNDA:309,(anonymous_2)
FNDA:14,suggestKeyword
FNDA:14,(anonymous_4)
FNDA:14,(anonymous_5)
FNDA:14,(anonymous_6)
FNDA:14,(anonymous_7)
FNDA:14,(anonymous_8)
FNDA:14,(anonymous_9)
FNDA:14,(anonymous_10)
FNDA:14,(anonymous_11)
FNDA:112,(anonymous_12)
FNDA:30,(anonymous_13)
DA:16,2022
DA:17,56488
DA:18,2015
DA:21,7
DA:33,16
DA:34,16
DA:36,16
DA:37,15
DA:41,10
DA:42,309
DA:45,10
DA:46,10
DA:48,10
DA:49,127
DA:50,127
DA:54,10
DA:55,10
DA:57,10
DA:58,2023
DA:61,2023
DA:62,1
DA:63,1
DA:66,2022
DA:67,2022
DA:69,2022
DA:70,2015
DA:71,2015
DA:73,7
DA:77,10
DA:85,14
DA:87,14
DA:88,14
DA:89,14
DA:90,14
DA:91,14
DA:92,14
DA:95,14
DA:99,14
DA:100,14
DA:103,112
DA:106,30
DA:108,14
DA:111,11
DA:114,3
DA:121,15
LF:45
LH:45
BRDA:17,0,0,2015
BRDA:17,0,1,54473
BRDA:36,1,0,1
BRDA:36,1,1,15
BRDA:37,2,0,5
BRDA:37,2,1,10
BRDA:61,3,0,1
BRDA:61,3,1,2022
BRDA:69,4,0,2015
BRDA:69,4,1,7
BRDA:77,5,0,9
BRDA:77,5,1,1
BRDA:108,6,0,3
BRDA:108,6,1,11
BRDA:111,7,0,8
BRDA:111,7,1,3
BRF:16
BRH:16
end_of_record
TN:
SF:lib\parsers\index.ts
FN:27,detectBank
FN:82,parseAusDate
FN:128,generateId
FN:152,parseCommBank
FN:157,(anonymous_4)
FN:182,(anonymous_5)
FN:190,(anonymous_6)
FN:214,parseNAB
FN:219,(anonymous_8)
FN:253,(anonymous_9)
FN:258,(anonymous_10)
FN:278,parseWestpac
FN:283,(anonymous_12)
FN:317,(anonymous_13)
FN:322,(anonymous_14)
FN:342,parseANZ
FN:347,(anonymous_16)
FN:383,(anonymous_17)
FN:398,parseSuncorp
FN:411,(anonymous_19)
FN:435,(anonymous_20)
FN:453,parseCSV
FN:460,(anonymous_22)
FN:464,(anonymous_23)
FNF:24
FNH:14
FNDA:19,detectBank
FNDA:2030,parseAusDate
FNDA:1017,generateId
FNDA:12,parseCommBank
FNDA:1016,(anonymous_4)
FNDA:1016,(anonymous_5)
FNDA:1016,(anonymous_6)
FNDA:1,parseNAB
FNDA:2,(anonymous_8)
FNDA:2,(anonymous_9)
FNDA:2,(anonymous_10)
FNDA:0,parseWestpac
FNDA:0,(anonymous_12)
FNDA:0,(anonymous_13)
FNDA:0,(anonymous_14)
FNDA:0,parseANZ
FNDA:0,(anonymous_16)
FNDA:0,(anonymous_17)
FNDA:0,parseSuncorp
FNDA:0,(anonymous_19)
FNDA:0,(anonymous_20)
FNDA:15,parseCSV
FNDA:95,(anonymous_22)
FNDA:1,(anonymous_23)
DA:28,19
DA:31,19
DA:32,1
DA:36,18
DA:37,2
DA:41,16
DA:45,1
DA:50,15
DA:51,0
DA:55,15
DA:60,13
DA:64,2
DA:68,0
DA:71,2
DA:83,2030
DA:96,2030
DA:98,2030
DA:99,2047
DA:100,2047
DA:101,2047
DA:102,2030
DA:110,0
DA:111,0
DA:112,0
DA:116,0
DA:117,0
DA:134,1017
DA:135,1017
DA:136,1017
DA:137,47909
DA:138,47909
DA:140,1017
DA:156,12
DA:158,1016
DA:159,1016
DA:161,1016
DA:163,1016
DA:165,1016
DA:166,1016
DA:167,1016
DA:169,1016
DA:171,1016
DA:173,1015
DA:182,1016
DA:188,12
DA:190,12
DA:191,1016
DA:192,1016
DA:193,1010
DA:194,1010
DA:197,1010
DA:198,1010
DA:200,1010
DA:201,7
DA:202,7
DA:206,12
DA:218,1
DA:220,2
DA:221,2
DA:222,2
DA:224,2
DA:226,2
DA:228,2
DA:231,2
DA:232,2
DA:233,1
DA:234,1
DA:235,1
DA:238,2
DA:240,2
DA:242,2
DA:244,2
DA:253,2
DA:256,1
DA:258,1
DA:259,2
DA:260,2
DA:261,2
DA:262,2
DA:263,2
DA:265,2
DA:266,2
DA:267,2
DA:271,1
DA:282,0
DA:284,0
DA:286,0
DA:288,0
DA:289,0
DA:291,0
DA:293,0
DA:295,0
DA:296,0
DA:297,0
DA:298,0
DA:299,0
DA:302,0
DA:304,0
DA:306,0
DA:308,0
DA:317,0
DA:320,0
DA:322,0
DA:323,0
DA:324,0
DA:325,0
DA:326,0
DA:327,0
DA:329,0
DA:330,0
DA:331,0
DA:335,0
DA:346,0
DA:348,0
DA:349,0
DA:350,0
DA:352,0
DA:357,0
DA:359,0
DA:361,0
DA:362,0
DA:363,0
DA:364,0
DA:365,0
DA:368,0
DA:370,0
DA:372,0
DA:374,0
DA:383,0
DA:385,0
DA:386,0
DA:388,0
DA:390,0
DA:402,0
DA:409,0
DA:412,0
DA:413,0
DA:414,0
DA:416,0
DA:418,0
DA:419,0
DA:420,0
DA:422,0
DA:424,0
DA:426,0
DA:435,0
DA:437,0
DA:438,0
DA:440,0
DA:442,0
DA:454,15
DA:457,15
DA:460,95
DA:463,15
DA:464,1
DA:467,15
DA:468,1
DA:476,14
DA:477,14
DA:479,14
DA:480,1
DA:493,13
DA:496,13
DA:498,12
DA:499,12
DA:500,12
DA:501,12
DA:504,1
DA:505,1
DA:506,1
DA:507,1
DA:510,0
DA:511,0
DA:512,0
DA:513,0
DA:516,0
DA:517,0
DA:518,0
DA:519,0
DA:522,0
DA:523,0
DA:524,0
DA:525,0
DA:529,13
DA:530,1
DA:541,12
DA:547,4
LF:187
LH:102
BRDA:31,0,0,1
BRDA:31,0,1,18
BRDA:31,1,0,19
BRDA:31,1,1,18
BRDA:36,2,0,2
BRDA:36,2,1,16
BRDA:36,3,0,18
BRDA:36,3,1,2
BRDA:41,4,0,1
BRDA:41,4,1,15
BRDA:42,5,0,16
BRDA:42,5,1,15
BRDA:50,6,0,0
BRDA:50,6,1,15
BRDA:55,7,0,13
BRDA:55,7,1,2
BRDA:56,8,0,15
BRDA:56,8,1,13
BRDA:56,8,2,13
BRDA:64,9,0,0
BRDA:64,9,1,2
BRDA:65,10,0,2
BRDA:65,10,1,0
BRDA:65,10,2,0
BRDA:101,11,0,2030
BRDA:101,11,1,17
BRDA:111,12,0,0
BRDA:111,12,1,0
BRDA:134,13,0,1011
BRDA:134,13,1,6
BRDA:158,14,0,1016
BRDA:158,14,1,0
BRDA:158,14,2,0
BRDA:159,15,0,1016
BRDA:159,15,1,0
BRDA:159,15,2,0
BRDA:161,16,0,1016
BRDA:161,16,1,0
BRDA:161,16,2,0
BRDA:161,16,3,0
BRDA:163,17,0,0
BRDA:163,17,1,1016
BRDA:163,18,0,1016
BRDA:163,18,1,1016
BRDA:167,19,0,1016
BRDA:167,19,1,6
BRDA:167,19,2,6
BRDA:169,20,0,1010
BRDA:169,20,1,6
BRDA:171,21,0,1
BRDA:171,21,1,1015
BRDA:191,22,0,1016
BRDA:191,22,1,6
BRDA:192,23,0,6
BRDA:192,23,1,1010
BRDA:193,24,0,1010
BRDA:193,24,1,0
BRDA:194,25,0,0
BRDA:194,25,1,1010
BRDA:200,26,0,7
BRDA:200,26,1,1003
BRDA:220,27,0,2
BRDA:220,27,1,0
BRDA:220,27,2,0
BRDA:221,28,0,2
BRDA:221,28,1,1
BRDA:221,28,2,1
BRDA:222,29,0,2
BRDA:222,29,1,1
BRDA:222,29,2,1
BRDA:224,30,0,2
BRDA:224,30,1,0
BRDA:224,30,2,0
BRDA:224,30,3,0
BRDA:226,31,0,0
BRDA:226,31,1,2
BRDA:232,32,0,1
BRDA:232,32,1,1
BRDA:232,33,0,2
BRDA:232,33,1,1
BRDA:234,34,0,1
BRDA:234,34,1,0
BRDA:234,35,0,1
BRDA:234,35,1,1
BRDA:238,36,0,0
BRDA:238,36,1,2
BRDA:238,37,0,2
BRDA:238,37,1,2
BRDA:240,38,0,2
BRDA:240,38,1,0
BRDA:240,38,2,0
BRDA:242,39,0,2
BRDA:242,39,1,0
BRDA:259,40,0,2
BRDA:259,40,1,0
BRDA:260,41,0,0
BRDA:260,41,1,2
BRDA:261,42,0,2
BRDA:261,42,1,0
BRDA:262,43,0,0
BRDA:262,43,1,2
BRDA:265,44,0,2
BRDA:265,44,1,0
BRDA:284,45,0,0
BRDA:284,45,1,0
BRDA:284,45,2,0
BRDA:286,46,0,0
BRDA:286,46,1,0
BRDA:286,46,2,0
BRDA:286,46,3,0
BRDA:288,47,0,0
BRDA:288,47,1,0
BRDA:288,47,2,0
BRDA:288,47,3,0
BRDA:289,48,0,0
BRDA:289,48,1,0
BRDA:289,48,2,0
BRDA:291,49,0,0
BRDA:291,49,1,0
BRDA:296,50,0,0
BRDA:296,50,1,0
BRDA:296,51,0,0
BRDA:296,51,1,0
BRDA:298,52,0,0
BRDA:298,52,1,0
BRDA:298,53,0,0
BRDA:298,53,1,0
BRDA:302,54,0,0
BRDA:302,54,1,0
BRDA:302,55,0,0
BRDA:302,55,1,0
BRDA:304,56,0,0
BRDA:304,56,1,0
BRDA:304,56,2,0
BRDA:306,57,0,0
BRDA:306,57,1,0
BRDA:323,58,0,0
BRDA:323,58,1,0
BRDA:324,59,0,0
BRDA:324,59,1,0
BRDA:325,60,0,0
BRDA:325,60,1,0
BRDA:326,61,0,0
BRDA:326,61,1,0
BRDA:329,62,0,0
BRDA:329,62,1,0
BRDA:348,63,0,0
BRDA:348,63,1,0
BRDA:348,63,2,0
BRDA:349,64,0,0
BRDA:349,64,1,0
BRDA:349,64,2,0
BRDA:350,65,0,0
BRDA:350,65,1,0
BRDA:350,65,2,0
BRDA:352,66,0,0
BRDA:352,66,1,0
BRDA:352,66,2,0
BRDA:352,66,3,0
BRDA:357,67,0,0
BRDA:357,67,1,0
BRDA:362,68,0,0
BRDA:362,68,1,0
BRDA:362,69,0,0
BRDA:362,69,1,0
BRDA:364,70,0,0
BRDA:364,70,1,0
BRDA:364,71,0,0
BRDA:364,71,1,0
BRDA:368,72,0,0
BRDA:368,72,1,0
BRDA:368,73,0,0
BRDA:368,73,1,0
BRDA:370,74,0,0
BRDA:370,74,1,0
BRDA:370,74,2,0
BRDA:372,75,0,0
BRDA:372,75,1,0
BRDA:386,76,0,0
BRDA:386,76,1,0
BRDA:386,77,0,0
BRDA:386,77,1,0
BRDA:388,78,0,0
BRDA:388,78,1,0
BRDA:416,79,0,0
BRDA:416,79,1,0
BRDA:416,80,0,0
BRDA:416,80,1,0
BRDA:422,81,0,0
BRDA:422,81,1,0
BRDA:424,82,0,0
BRDA:424,82,1,0
BRDA:427,83,0,0
BRDA:427,83,1,0
BRDA:430,84,0,0
BRDA:430,84,1,0
BRDA:438,85,0,0
BRDA:438,85,1,0
BRDA:440,86,0,0
BRDA:440,86,1,0
BRDA:463,87,0,1
BRDA:463,87,1,14
BRDA:467,88,0,1
BRDA:467,88,1,14
BRDA:476,89,0,14
BRDA:476,89,1,0
BRDA:479,90,0,1
BRDA:479,90,1,13
BRDA:484,91,0,0
BRDA:484,91,1,1
BRDA:496,92,0,12
BRDA:496,92,1,1
BRDA:496,92,2,0
BRDA:496,92,3,0
BRDA:496,92,4,0
BRDA:529,93,0,1
BRDA:529,93,1,12
BRDA:535,94,0,0
BRDA:535,94,1,1
BRF:219
BRH:84
end_of_record
TN:
SF:lib\store\index.ts
FN:69,(anonymous_0)
FN:70,(anonymous_1)
FN:95,(anonymous_2)
FN:98,(anonymous_3)
FN:99,(anonymous_4)
FN:103,(anonymous_5)
FN:105,(anonymous_6)
FN:108,(anonymous_7)
FN:109,(anonymous_8)
FN:115,(anonymous_9)
FN:124,(anonymous_10)
FN:125,(anonymous_11)
FN:126,(anonymous_12)
FN:140,(anonymous_13)
FN:141,(anonymous_14)
FN:142,(anonymous_15)
FN:146,(anonymous_16)
FN:147,(anonymous_17)
FN:149,(anonymous_18)
FN:158,(anonymous_19)
FN:159,(anonymous_20)
FN:160,(anonymous_21)
FN:163,(anonymous_22)
FN:164,(anonymous_23)
FN:168,(anonymous_24)
FN:169,(anonymous_25)
FN:173,(anonymous_26)
FN:174,(anonymous_27)
FN:178,(anonymous_28)
FN:179,(anonymous_29)
FN:183,(anonymous_30)
FN:184,(anonymous_31)
FN:189,(anonymous_32)
FN:193,(anonymous_33)
FN:202,(anonymous_34)
FN:205,(anonymous_35)
FN:214,(anonymous_36)
FN:221,(anonymous_37)
FN:227,(anonymous_38)
FN:228,(anonymous_39)
FN:233,(anonymous_40)
FN:256,(anonymous_41)
FN:257,(anonymous_42)
FN:258,(anonymous_43)
FNF:44
FNH:42
FNDA:0,(anonymous_0)
FNDA:0,(anonymous_1)
FNDA:10,(anonymous_2)
FNDA:30,(anonymous_3)
FNDA:30,(anonymous_4)
FNDA:22,(anonymous_5)
FNDA:22,(anonymous_6)
FNDA:1,(anonymous_7)
FNDA:2029,(anonymous_8)
FNDA:2007,(anonymous_9)
FNDA:3,(anonymous_10)
FNDA:3,(anonymous_11)
FNDA:4,(anonymous_12)
FNDA:2,(anonymous_13)
FNDA:2,(anonymous_14)
FNDA:3,(anonymous_15)
FNDA:12,(anonymous_16)
FNDA:12,(anonymous_17)
FNDA:46,(anonymous_18)
FNDA:1,(anonymous_19)
FNDA:1,(anonymous_20)
FNDA:1,(anonymous_21)
FNDA:6,(anonymous_22)
FNDA:6,(anonymous_23)
FNDA:1,(anonymous_24)
FNDA:1,(anonymous_25)
FNDA:1,(anonymous_26)
FNDA:1,(anonymous_27)
FNDA:1,(anonymous_28)
FNDA:1,(anonymous_29)
FNDA:38,(anonymous_30)
FNDA:38,(anonymous_31)
FNDA:6,(anonymous_32)
FNDA:6,(anonymous_33)
FNDA:4,(anonymous_34)
FNDA:1,(anonymous_35)
FNDA:2,(anonymous_36)
FNDA:1,(anonymous_37)
FNDA:2,(anonymous_38)
FNDA:2,(anonymous_39)
FNDA:1,(anonymous_40)
FNDA:10,(anonymous_41)
FNDA:10,(anonymous_42)
FNDA:11,(anonymous_43)
DA:69,10
DA:70,0
DA:77,10
DA:93,10
DA:95,10
DA:99,30
DA:100,30
DA:104,22
DA:105,22
DA:106,22
DA:108,22
DA:109,2029
DA:111,22
DA:112,22
DA:114,21
DA:115,2007
DA:116,21
DA:119,21
DA:121,22
DA:125,3
DA:126,4
DA:127,3
DA:128,3
DA:130,3
DA:135,2
DA:141,2
DA:142,3
DA:143,2
DA:147,12
DA:148,12
DA:149,46
DA:150,12
DA:152,11
DA:159,1
DA:160,1
DA:164,6
DA:165,6
DA:169,1
DA:170,1
DA:174,1
DA:175,1
DA:179,1
DA:180,1
DA:184,38
DA:190,6
DA:191,6
DA:193,6
DA:194,6
DA:197,6
DA:198,6
DA:204,4
DA:205,1
DA:206,1
DA:207,1
DA:214,2
DA:215,2
DA:216,2
DA:217,2
DA:220,1
DA:221,1
DA:222,1
DA:228,2
DA:229,2
DA:230,2
DA:250,1
DA:251,1
DA:256,10
DA:258,10
DA:259,11
DA:261,11
DA:262,11
LF:71
LH:70
BRDA:106,0,0,0
BRDA:106,0,1,22
BRDA:112,1,0,1
BRDA:112,1,1,21
BRDA:127,2,0,3
BRDA:127,2,1,0
BRDA:130,3,0,2
BRDA:130,3,1,1
BRDA:131,4,0,3
BRDA:131,4,1,1
BRDA:131,4,2,1
BRDA:150,5,0,1
BRDA:150,5,1,11
BRDA:191,6,0,0
BRDA:191,6,1,6
BRDA:204,7,0,1
BRDA:204,7,1,3
BRDA:261,8,0,11
BRDA:261,8,1,0
BRF:19
BRH:15
end_of_record
TN:
SF:lib\utils\format.ts
FN:7,formatCurrency
FN:24,formatDate
FN:33,formatRelativeDate
FNF:3
FNH:3
FNDA:74,formatCurrency
FNDA:20,formatDate
FNDA:5,formatRelativeDate
DA:8,74
DA:9,74
DA:17,74
DA:25,20
DA:26,20
DA:34,5
DA:35,5
DA:36,5
DA:40,5
DA:41,4
DA:42,3
DA:43,1
LF:12
LH:12
BRDA:17,0,0,24
BRDA:17,0,1,50
BRDA:25,1,0,16
BRDA:25,1,1,4
BRDA:34,2,0,5
BRDA:34,2,1,0
BRDA:40,3,0,1
BRDA:40,3,1,4
BRDA:41,4,0,1
BRDA:41,4,1,3
BRDA:42,5,0,2
BRDA:42,5,1,1
BRF:12
BRH:11
end_of_record
TN:
SF:lib\utils\roundUp.ts
FN:19,calculateRoundUpSavings
FN:31,(anonymous_1)
FNF:2
FNH:2
FNDA:10,calculateRoundUpSavings
FNDA:11,(anonymous_1)
DA:23,10
DA:28,10
DA:29,10
DA:31,10
DA:33,11
DA:35,10
DA:36,10
DA:38,6
DA:39,6
DA:42,6
DA:43,5
DA:44,5
DA:48,10
LF:13
LH:13
BRDA:21,0,0,7
BRDA:33,1,0,1
BRDA:33,1,1,10
BRDA:36,2,0,4
BRDA:36,2,1,6
BRDA:42,3,0,5
BRDA:42,3,1,1
BRF:7
BRH:7
end_of_record
TN:
SF:lib\utils\safeBalance.ts
FN:30,calculateSafeBalance
FN:81,(anonymous_1)
FNF:2
FNH:2
FNDA:7,calculateSafeBalance
FNDA:2,(anonymous_1)
DA:37,7
DA:38,7
DA:39,7
DA:40,7
DA:42,7
DA:45,7
DA:46,7
DA:47,2
DA:48,2
DA:49,2
DA:51,1
DA:53,1
DA:58,7
DA:59,4
DA:62,4
DA:65,4
DA:67,1
DA:71,4
DA:72,4
DA:81,7
DA:83,7
DA:84,7
DA:85,4
DA:88,7
DA:90,7
LF:25
LH:25
BRDA:35,0,0,4
BRDA:48,1,0,0
BRDA:48,1,1,2
BRDA:49,2,0,1
BRDA:49,2,1,1
BRDA:51,3,0,1
BRDA:51,3,1,1
BRDA:51,4,0,0
BRDA:51,4,1,1
BRDA:65,5,0,1
BRDA:65,5,1,3
BRDA:71,6,0,4
BRDA:71,6,1,0
BRF:13
BRH:10
end_of_record
TN:
SF:lib\utils\subscriptions.ts
FN:11,detectSubscriptions
FN:16,(anonymous_1)
FN:38,(anonymous_2)
FN:44,(anonymous_3)
FN:59,(anonymous_4)
FN:67,(anonymous_5)
FNF:6
FNH:6
FNDA:7,detectSubscriptions
FNDA:13,(anonymous_1)
FNDA:6,(anonymous_2)
FNDA:5,(anonymous_3)
FNDA:11,(anonymous_4)
FNDA:1,(anonymous_5)
DA:14,7
DA:16,7
DA:18,13
DA:22,13
DA:24,13
DA:28,11
DA:31,11
DA:32,11
DA:33,11
DA:36,7
DA:38,7
DA:40,6
DA:43,6
DA:44,5
DA:47,6
DA:48,6
DA:52,6
DA:54,6
DA:59,11
DA:67,7
DA:69,7
LF:21
LH:21
BRDA:18,0,0,0
BRDA:18,0,1,13
BRDA:22,1,0,13
BRDA:22,1,1,2
BRDA:24,2,0,2
BRDA:24,2,1,11
BRDA:28,3,0,11
BRDA:28,3,1,5
BRDA:28,4,0,6
BRDA:28,4,1,5
BRDA:31,5,0,11
BRDA:31,5,1,6
BRDA:40,6,0,0
BRDA:40,6,1,6
BRDA:48,7,0,5
BRDA:48,7,1,1
BRDA:52,8,0,6
BRDA:52,8,1,5
BRDA:52,8,2,3
BRF:19
BRH:17
end_of_record
TN:
SF:lib\utils\surcharges.ts
FN:35,detectSurcharges
FNF:1
FNH:1
FNDA:10,detectSurcharges
DA:8,5
DA:39,10
DA:40,10
DA:41,10
DA:43,10
DA:44,13
DA:47,13
DA:50,13
DA:52,7
DA:53,7
DA:55,7
DA:56,5
DA:57,38
DA:58,2
DA:59,2
DA:64,7
DA:65,4
DA:66,4
DA:70,10
LF:19
LH:19
BRDA:37,0,0,7
BRDA:47,1,0,0
BRDA:47,1,1,13
BRDA:50,2,0,6
BRDA:50,2,1,7
BRDA:55,3,0,5
BRDA:55,3,1,2
BRDA:57,4,0,2
BRDA:57,4,1,36
BRDA:64,5,0,4
BRDA:64,5,1,3
BRDA:66,6,0,4
BRDA:66,6,1,0
BRF:13
BRH:11
end_of_record
