TN:
SF:app\_layout.tsx
FN:6,RootLayout
FNF:1
FNH:0
FNDA:0,RootLayout
DA:7,0
LF:1
LH:0
BRF:0
BRH:0
end_of_record
TN:
SF:app\backup.tsx
FN:17,BackupScreen
FN:22,(anonymous_1)
FN:54,(anonymous_2)
FN:58,(anonymous_3)
FN:103,(anonymous_4)
FN:109,(anonymous_5)
FN:113,(anonymous_6)
FN:128,(anonymous_7)
FN:184,(anonymous_8)
FN:227,(anonymous_9)
FNF:10
FNH:0
FNDA:0,BackupScreen
FNDA:0,(anonymous_1)
FNDA:0,(anonymous_2)
FNDA:0,(anonymous_3)
FNDA:0,(anonymous_4)
FNDA:0,(anonymous_5)
FNDA:0,(anonymous_6)
FNDA:0,(anonymous_7)
FNDA:0,(anonymous_8)
FNDA:0,(anonymous_9)
DA:18,0
DA:19,0
DA:20,0
DA:22,0
DA:23,0
DA:24,0
DA:25,0
DA:26,0
DA:28,0
DA:30,0
DA:31,0
DA:32,0
DA:33,0
DA:34,0
DA:35,0
DA:36,0
DA:37,0
DA:40,0
DA:41,0
DA:43,0
DA:49,0
DA:50,0
DA:54,0
DA:55,0
DA:58,0
DA:59,0
DA:60,0
DA:65,0
DA:66,0
DA:67,0
DA:70,0
DA:71,0
DA:73,0
DA:74,0
DA:75,0
DA:77,0
DA:80,0
DA:81,0
DA:83,0
DA:84,0
DA:87,0
DA:88,0
DA:91,0
DA:93,0
DA:94,0
DA:97,0
DA:98,0
DA:99,0
DA:103,0
DA:104,0
DA:105,0
DA:106,0
DA:109,0
DA:110,0
DA:113,0
DA:114,0
DA:115,0
DA:116,0
DA:119,0
DA:120,0
DA:123,0
DA:128,0
DA:184,0
DA:227,0
LF:64
LH:0
BRDA:28,0,0,0
BRDA:28,0,1,0
BRDA:65,1,0,0
BRDA:65,1,1,0
BRDA:65,2,0,0
BRDA:65,2,1,0
BRDA:73,3,0,0
BRDA:73,3,1,0
BRDA:83,4,0,0
BRDA:83,4,1,0
BRDA:119,5,0,0
BRDA:119,5,1,0
BRDA:163,6,0,0
BRDA:163,6,1,0
BRDA:206,7,0,0
BRDA:206,7,1,0
BRF:16
BRH:0
end_of_record
TN:
SF:app\import.tsx
FN:17,ImportScreen
FN:28,(anonymous_1)
FN:85,(anonymous_2)
FN:104,(anonymous_3)
FN:113,(anonymous_4)
FN:135,(anonymous_5)
FN:157,(anonymous_6)
FNF:7
FNH:5
FNDA:14,ImportScreen
FNDA:2,(anonymous_1)
FNDA:2,(anonymous_2)
FNDA:0,(anonymous_3)
FNDA:0,(anonymous_4)
FNDA:56,(anonymous_5)
FNDA:70,(anonymous_6)
DA:19,14
DA:20,14
DA:21,14
DA:28,14
DA:29,2
DA:30,2
DA:31,2
DA:34,2
DA:39,2
DA:40,0
DA:41,0
DA:44,2
DA:45,2
DA:46,0
DA:47,0
DA:53,2
DA:55,0
DA:56,0
DA:59,2
DA:63,2
DA:65,2
DA:66,0
DA:67,0
DA:68,0
DA:72,2
DA:73,2
DA:76,2
DA:79,2
DA:80,1
DA:84,2
DA:85,2
DA:89,2
DA:96,2
DA:98,0
DA:99,0
DA:100,0
DA:104,14
DA:105,0
DA:108,14
DA:113,0
DA:136,56
DA:158,70
LF:42
LH:28
BRDA:39,0,0,0
BRDA:39,0,1,2
BRDA:45,1,0,0
BRDA:45,1,1,2
BRDA:53,2,0,0
BRDA:53,2,1,2
BRDA:65,3,0,0
BRDA:65,3,1,2
BRDA:79,4,0,1
BRDA:79,4,1,1
BRDA:176,5,0,9
BRDA:176,5,1,5
BRDA:182,6,0,9
BRDA:182,6,1,5
BRDA:184,7,0,9
BRDA:184,7,1,5
BRDA:190,8,0,14
BRDA:190,8,1,4
BRDA:213,9,0,4
BRDA:213,9,1,0
BRF:20
BRH:15
end_of_record
TN:
SF:app\(tabs)\_layout.tsx
FN:5,TabIcon
FN:22,TabLayout
FN:62,(anonymous_2)
FN:71,(anonymous_3)
FN:80,(anonymous_4)
FN:89,(anonymous_5)
FNF:6
FNH:0
FNDA:0,TabIcon
FNDA:0,TabLayout
FNDA:0,(anonymous_2)
FNDA:0,(anonymous_3)
FNDA:0,(anonymous_4)
FNDA:0,(anonymous_5)
DA:6,0
DA:13,0
DA:23,0
DA:63,0
DA:72,0
DA:81,0
DA:90,0
LF:7
LH:0
BRDA:15,0,0,0
BRDA:15,0,1,0
BRF:2
BRH:0
end_of_record
TN:
SF:app\(tabs)\calendar.tsx
FN:15,CalendarScreen
FN:19,(anonymous_1)
FN:25,(anonymous_2)
FN:32,(anonymous_3)
FN:61,(anonymous_4)
FN:64,(anonymous_5)
FN:73,(anonymous_6)
FN:84,(anonymous_7)
FN:94,(anonymous_8)
FN:123,(anonymous_9)
FN:131,(anonymous_10)
FNF:11
FNH:0
FNDA:0,CalendarScreen
FNDA:0,(anonymous_1)
FNDA:0,(anonymous_2)
FNDA:0,(anonymous_3)
FNDA:0,(anonymous_4)
FNDA:0,(anonymous_5)
FNDA:0,(anonymous_6)
FNDA:0,(anonymous_7)
FNDA:0,(anonymous_8)
FNDA:0,(anonymous_9)
FNDA:0,(anonymous_10)
DA:16,0
DA:19,0
DA:20,0
DA:21,0
DA:25,0
DA:26,0
DA:27,0
DA:28,0
DA:29,0
DA:30,0
DA:32,0
DA:34,0
DA:39,0
DA:41,0
DA:43,0
DA:50,0
DA:51,0
DA:61,0
DA:64,0
DA:65,0
DA:66,0
DA:69,0
DA:73,0
DA:74,0
DA:80,0
DA:81,0
DA:82,0
DA:84,0
DA:85,0
DA:86,0
DA:87,0
DA:88,0
DA:90,0
DA:94,0
DA:97,0
DA:124,0
DA:132,0
LF:37
LH:0
BRDA:20,0,0,0
BRDA:20,0,1,0
BRDA:26,1,0,0
BRDA:26,1,1,0
BRDA:41,2,0,0
BRDA:41,2,1,0
BRDA:50,3,0,0
BRDA:50,3,1,0
BRDA:50,4,0,0
BRDA:50,4,1,0
BRDA:85,5,0,0
BRDA:85,5,1,0
BRDA:87,6,0,0
BRDA:87,6,1,0
BRDA:135,7,0,0
BRDA:135,7,1,0
BRDA:155,8,0,0
BRDA:155,8,1,0
BRDA:166,9,0,0
BRDA:166,9,1,0
BRDA:180,10,0,0
BRDA:180,10,1,0
BRF:22
BRH:0
end_of_record
TN:
SF:app\(tabs)\index.tsx
FN:20,DashboardScreen
FN:33,(anonymous_1)
FN:35,(anonymous_2)
FN:38,(anonymous_3)
FN:42,(anonymous_4)
FN:47,(anonymous_5)
FN:56,(anonymous_6)
FN:61,(anonymous_7)
FN:72,(anonymous_8)
FN:78,(anonymous_9)
FN:228,(anonymous_10)
FN:283,(anonymous_11)
FN:310,(anonymous_12)
FNF:13
FNH:10
FNDA:7,DashboardScreen
FNDA:2,(anonymous_1)
FNDA:2,(anonymous_2)
FNDA:2,(anonymous_3)
FNDA:1,(anonymous_4)
FNDA:1,(anonymous_5)
FNDA:4,(anonymous_6)
FNDA:5,(anonymous_7)
FNDA:4,(anonymous_8)
FNDA:4,(anonymous_9)
FNDA:0,(anonymous_10)
FNDA:0,(anonymous_11)
FNDA:0,(anonymous_12)
DA:27,7
DA:28,7
DA:29,7
DA:30,7
DA:33,7
DA:34,2
DA:35,2
DA:36,2
DA:38,2
DA:42,7
DA:43,1
DA:44,1
DA:47,7
DA:48,1
DA:49,1
DA:50,1
DA:52,1
DA:56,7
DA:57,4
DA:58,2
DA:61,7
DA:62,5
DA:63,2
DA:72,7
DA:73,4
DA:74,2
DA:78,7
DA:79,4
DA:80,2
DA:83,7
DA:85,7
DA:86,0
DA:93,7
DA:229,0
DA:283,0
DA:310,0
LF:36
LH:32
BRDA:34,0,0,2
BRDA:34,0,1,0
BRDA:48,1,0,1
BRDA:48,1,1,0
BRDA:49,2,0,1
BRDA:49,2,1,0
BRDA:57,3,0,2
BRDA:57,3,1,2
BRDA:62,4,0,3
BRDA:62,4,1,2
BRDA:73,5,0,2
BRDA:73,5,1,2
BRDA:79,6,0,2
BRDA:79,6,1,2
BRDA:85,7,0,0
BRDA:85,7,1,7
BRDA:127,8,0,7
BRDA:127,8,1,0
BRDA:195,9,0,7
BRDA:195,9,1,0
BRDA:214,10,0,7
BRDA:214,10,1,0
BRDA:248,11,0,0
BRDA:248,11,1,0
BRDA:259,12,0,7
BRDA:259,12,1,7
BRF:26
BRH:17
end_of_record
TN:
SF:app\(tabs)\insights.tsx
FN:10,InsightsScreen
FN:14,(anonymous_1)
FN:20,(anonymous_2)
FN:26,(anonymous_3)
FN:32,(anonymous_4)
FN:41,(anonymous_5)
FN:46,(anonymous_6)
FN:56,(anonymous_7)
FN:115,(anonymous_8)
FN:159,(anonymous_9)
FN:174,(anonymous_10)
FNF:11
FNH:0
FNDA:0,InsightsScreen
FNDA:0,(anonymous_1)
FNDA:0,(anonymous_2)
FNDA:0,(anonymous_3)
FNDA:0,(anonymous_4)
FNDA:0,(anonymous_5)
FNDA:0,(anonymous_6)
FNDA:0,(anonymous_7)
FNDA:0,(anonymous_8)
FNDA:0,(anonymous_9)
FNDA:0,(anonymous_10)
DA:11,0
DA:14,0
DA:15,0
DA:16,0
DA:20,0
DA:21,0
DA:22,0
DA:26,0
DA:27,0
DA:28,0
DA:32,0
DA:33,0
DA:34,0
DA:35,0
DA:37,0
DA:38,0
DA:39,0
DA:40,0
DA:42,0
DA:46,0
DA:47,0
DA:53,0
DA:56,0
DA:58,0
DA:116,0
DA:160,0
DA:175,0
LF:27
LH:0
BRDA:15,0,0,0
BRDA:15,0,1,0
BRDA:21,1,0,0
BRDA:21,1,1,0
BRDA:27,2,0,0
BRDA:27,2,1,0
BRDA:33,3,0,0
BRDA:33,3,1,0
BRDA:42,4,0,0
BRDA:42,4,1,0
BRDA:42,4,2,0
BRDA:109,5,0,0
BRDA:109,5,1,0
BRDA:119,6,0,0
BRDA:119,6,1,0
BRDA:128,7,0,0
BRDA:128,7,1,0
BRDA:128,7,2,0
BRDA:136,8,0,0
BRDA:136,8,1,0
BRDA:165,9,0,0
BRDA:165,9,1,0
BRDA:179,10,0,0
BRDA:179,10,1,0
BRF:24
BRH:0
end_of_record
TN:
SF:app\(tabs)\transactions.tsx
FN:19,(anonymous_0)
FN:25,TransactionsScreen
FN:42,(anonymous_2)
FN:46,(anonymous_3)
FN:53,(anonymous_4)
FN:55,(anonymous_5)
FN:60,(anonymous_6)
FN:63,(anonymous_7)
FN:96,(anonymous_8)
FN:101,(anonymous_9)
FN:135,(anonymous_10)
FN:137,(anonymous_11)
FN:149,(anonymous_12)
FN:152,(anonymous_13)
FN:239,(anonymous_14)
FN:278,(anonymous_15)
FN:305,(anonymous_16)
FN:327,(anonymous_17)
FN:357,(anonymous_18)
FN:360,(anonymous_19)
FN:384,(anonymous_20)
FNF:21
FNH:12
FNDA:5,(anonymous_0)
FNDA:5,TransactionsScreen
FNDA:3,(anonymous_2)
FNDA:0,(anonymous_3)
FNDA:3,(anonymous_4)
FNDA:3,(anonymous_5)
FNDA:0,(anonymous_6)
FNDA:1,(anonymous_7)
FNDA:0,(anonymous_8)
FNDA:0,(anonymous_9)
FNDA:7,(anonymous_10)
FNDA:5,(anonymous_11)
FNDA:5,(anonymous_12)
FNDA:2,(anonymous_13)
FNDA:0,(anonymous_14)
FNDA:0,(anonymous_15)
FNDA:0,(anonymous_16)
FNDA:0,(anonymous_17)
FNDA:90,(anonymous_18)
FNDA:1,(anonymous_19)
FNDA:0,(anonymous_20)
DA:34,5
DA:35,5
DA:36,5
DA:37,5
DA:38,5
DA:39,5
DA:42,5
DA:43,3
DA:44,0
DA:45,0
DA:47,0
DA:53,5
DA:54,3
DA:55,3
DA:56,3
DA:57,3
DA:58,3
DA:60,3
DA:63,5
DA:64,1
DA:69,1
DA:72,1
DA:75,1
DA:78,1
DA:81,1
DA:82,0
DA:83,0
DA:89,0
DA:93,1
DA:96,5
DA:97,0
DA:98,0
DA:101,5
DA:102,0
DA:103,0
DA:104,0
DA:105,0
DA:108,5
DA:135,7
DA:138,5
DA:150,5
DA:153,2
DA:154,2
DA:239,0
DA:278,0
DA:306,0
DA:307,0
DA:308,0
DA:309,0
DA:328,0
DA:330,0
DA:335,0
DA:336,0
DA:341,0
DA:342,0
DA:358,90
DA:360,1
DA:385,0
DA:386,0
DA:387,0
LF:60
LH:33
BRDA:43,0,0,3
BRDA:43,0,1,0
BRDA:47,1,0,0
BRDA:47,1,1,0
BRDA:57,2,0,3
BRDA:57,2,1,0
BRDA:64,3,0,0
BRDA:64,3,1,1
BRDA:69,4,0,1
BRDA:69,4,1,1
BRDA:69,4,2,0
BRDA:72,5,0,1
BRDA:72,5,1,1
BRDA:81,6,0,0
BRDA:81,6,1,1
BRDA:97,7,0,0
BRDA:97,7,1,0
BRDA:102,8,0,0
BRDA:102,8,1,0
BRDA:117,9,0,5
BRDA:117,9,1,0
BRDA:157,10,0,0
BRDA:157,10,1,5
BRDA:165,11,0,4
BRDA:165,11,1,1
BRDA:171,12,0,5
BRDA:171,12,1,0
BRDA:192,13,0,4
BRDA:192,13,1,1
BRDA:200,14,0,5
BRDA:200,14,1,0
BRDA:214,15,0,5
BRDA:214,15,1,0
BRDA:254,16,0,3
BRDA:254,16,1,2
BRDA:255,17,0,3
BRDA:255,17,1,2
BRDA:258,18,0,5
BRDA:258,18,1,5
BRDA:268,19,0,0
BRDA:268,19,1,5
BRDA:307,20,0,0
BRDA:307,20,1,0
BRDA:330,21,0,0
BRDA:330,21,1,0
BRDA:331,22,0,0
BRDA:331,22,1,0
BRDA:331,22,2,0
BRDA:362,23,0,3
BRDA:362,23,1,87
BRDA:369,24,0,3
BRDA:369,24,1,87
BRF:52
BRH:28
end_of_record
TN:
SF:lib\engine\categorization.ts
FN:15,runCategorizationWorkflow
FN:25,(anonymous_1)
FN:39,(anonymous_2)
FNF:3
FNH:3
FNDA:6,runCategorizationWorkflow
FNDA:10,(anonymous_1)
FNDA:4,(anonymous_2)
DA:21,6
DA:22,6
DA:25,10
DA:27,6
DA:28,1
DA:32,5
DA:39,2
DA:40,4
DA:41,4
DA:42,1
DA:49,3
DA:52,2
LF:12
LH:12
BRDA:27,0,0,1
BRDA:27,0,1,5
BRDA:41,1,0,1
BRDA:41,1,1,3
BRDA:45,2,0,1
BRDA:45,2,1,0
BRDA:46,3,0,1
BRDA:46,3,1,0
BRF:8
BRH:6
end_of_record
TN:
SF:lib\engine\llm.ts
FN:26,analyzeChunk
FN:34,(anonymous_1)
FN:82,(anonymous_2)
FN:101,(anonymous_3)
FN:121,(anonymous_4)
FN:128,(anonymous_5)
FN:153,analyzeTransaction
FN:173,analyzeBatch
FN:198,(anonymous_8)
FN:205,(anonymous_9)
FNF:10
FNH:7
FNDA:5,analyzeChunk
FNDA:5,(anonymous_1)
FNDA:2,(anonymous_2)
FNDA:2,(anonymous_3)
FNDA:0,(anonymous_4)
FNDA:1,(anonymous_5)
FNDA:3,analyzeTransaction
FNDA:2,analyzeBatch
FNDA:0,(anonymous_8)
FNDA:0,(anonymous_9)
DA:6,7
DA:10,7
DA:29,5
DA:32,5
DA:35,5
DA:39,5
DA:57,5
DA:58,5
DA:60,5
DA:61,7
DA:62,7
DA:68,2
DA:69,2
DA:72,2
DA:73,2
DA:75,0
DA:76,0
DA:79,2
DA:82,2
DA:83,2
DA:85,2
DA:86,2
DA:87,1
DA:90,2
DA:101,2
DA:102,2
DA:103,1
DA:114,2
DA:116,3
DA:117,3
DA:118,0
DA:119,0
DA:120,0
DA:121,0
DA:122,0
DA:125,3
DA:126,3
DA:128,1
DA:129,1
DA:130,1
DA:140,1
DA:142,2
DA:146,0
DA:156,3
DA:157,3
DA:178,2
DA:179,2
DA:185,2
DA:187,2
DA:188,2
DA:190,2
DA:195,2
DA:198,0
DA:200,0
DA:201,0
DA:204,0
DA:205,0
DA:209,0
LF:58
LH:44
BRDA:6,0,0,7
BRDA:6,0,1,7
BRDA:6,0,2,7
BRDA:69,1,0,0
BRDA:69,1,1,2
BRDA:79,2,0,2
BRDA:79,2,1,0
BRDA:83,3,0,0
BRDA:83,3,1,2
BRDA:86,4,0,1
BRDA:86,4,1,1
BRDA:92,5,0,2
BRDA:92,5,1,0
BRDA:95,6,0,2
BRDA:95,6,1,0
BRDA:102,7,0,1
BRDA:102,7,1,1
BRDA:116,8,0,3
BRDA:116,8,1,3
BRDA:117,9,0,0
BRDA:117,9,1,3
BRDA:117,10,0,3
BRDA:117,10,1,0
BRDA:126,11,0,1
BRDA:126,11,1,2
BRDA:129,12,0,1
BRDA:129,12,1,0
BRDA:136,13,0,1
BRDA:136,13,1,0
BRDA:158,14,0,3
BRDA:158,14,1,0
BRDA:175,15,0,0
BRDA:204,16,0,0
BRDA:204,16,1,0
BRF:34
BRH:21
end_of_record
TN:
SF:lib\engine\recurring.ts
FN:19,detectRecurring
FN:25,(anonymous_1)
FN:39,(anonymous_2)
FN:41,(anonymous_3)
FN:46,(anonymous_4)
FN:47,(anonymous_5)
FN:55,(anonymous_6)
FN:61,(anonymous_7)
FN:63,(anonymous_8)
FN:67,(anonymous_9)
FN:83,(anonymous_10)
FN:91,markRecurringTransactions
FN:95,(anonymous_12)
FN:97,(anonymous_13)
FNF:14
FNH:14
FNDA:10,detectRecurring
FNDA:31,(anonymous_1)
FNDA:16,(anonymous_2)
FNDA:28,(anonymous_3)
FNDA:25,(anonymous_4)
FNDA:25,(anonymous_5)
FNDA:22,(anonymous_6)
FNDA:19,(anonymous_7)
FNDA:19,(anonymous_8)
FNDA:19,(anonymous_9)
FNDA:3,(anonymous_10)
FNDA:1,markRecurringTransactions
FNDA:2,(anonymous_12)
FNDA:8,(anonymous_13)
DA:22,10
DA:25,10
DA:27,31
DA:31,29
DA:32,29
DA:33,29
DA:34,29
DA:37,10
DA:39,10
DA:41,28
DA:44,16
DA:46,25
DA:47,25
DA:52,12
DA:54,12
DA:55,22
DA:58,12
DA:61,19
DA:62,9
DA:63,19
DA:66,9
DA:67,19
DA:72,9
DA:74,9
DA:83,10
DA:85,10
DA:95,2
DA:97,1
DA:98,8
DA:101,8
DA:103,8
DA:104,5
DA:107,3
LF:33
LH:33
BRDA:27,0,0,2
BRDA:27,0,1,29
BRDA:31,1,0,29
BRDA:31,1,1,29
BRDA:32,2,0,29
BRDA:32,2,1,16
BRDA:44,3,0,4
BRDA:44,3,1,12
BRDA:44,4,0,16
BRDA:44,4,1,13
BRDA:52,5,0,3
BRDA:52,5,1,9
BRDA:58,6,0,3
BRDA:58,6,1,9
BRDA:58,7,0,12
BRDA:58,7,1,3
BRDA:67,8,0,19
BRDA:67,8,1,0
BRDA:72,9,0,0
BRDA:72,9,1,9
BRDA:72,10,0,9
BRDA:72,10,1,0
BRDA:98,11,0,0
BRDA:98,11,1,8
BRDA:101,12,0,8
BRDA:101,12,1,8
BRDA:103,13,0,5
BRDA:103,13,1,3
BRF:28
BRH:24
end_of_record
TN:
SF:lib\engine\rules.ts
FN:12,applyRules
FN:20,(anonymous_1)
FN:23,(anonymous_2)
FN:28,(anonymous_3)
FN:40,suggestKeyword
FN:44,(anonymous_5)
FN:45,(anonymous_6)
FN:46,(anonymous_7)
FN:47,(anonymous_8)
FN:48,(anonymous_9)
FN:50,(anonymous_10)
FN:55,(anonymous_11)
FN:56,(anonymous_12)
FN:59,(anonymous_13)
FN:62,(anonymous_14)
FNF:15
FNH:15
FNDA:13,applyRules
FNDA:21,(anonymous_1)
FNDA:23,(anonymous_2)
FNDA:38,(anonymous_3)
FNDA:14,suggestKeyword
FNDA:14,(anonymous_5)
FNDA:14,(anonymous_6)
FNDA:14,(anonymous_7)
FNDA:14,(anonymous_8)
FNDA:14,(anonymous_9)
FNDA:14,(anonymous_10)
FNDA:14,(anonymous_11)
FNDA:14,(anonymous_12)
FNDA:112,(anonymous_13)
FNDA:30,(anonymous_14)
DA:16,13
DA:19,9
DA:20,21
DA:23,9
DA:25,23
DA:27,22
DA:28,22
DA:29,38
DA:32,22
DA:41,14
DA:43,14
DA:44,14
DA:45,14
DA:46,14
DA:47,14
DA:48,14
DA:51,14
DA:55,14
DA:56,14
DA:59,112
DA:62,30
DA:64,14
DA:67,11
DA:70,3
DA:77,9
LF:25
LH:25
BRDA:16,0,0,4
BRDA:16,0,1,9
BRDA:25,1,0,1
BRDA:25,1,1,22
BRDA:32,2,0,15
BRDA:32,2,1,7
BRDA:64,3,0,3
BRDA:64,3,1,11
BRDA:67,4,0,8
BRDA:67,4,1,3
BRF:10
BRH:10
end_of_record
TN:
SF:lib\parsers\index.ts
FN:27,detectBank
FN:82,parseAusDate
FN:128,generateId
FN:152,parseCommBank
FN:157,(anonymous_4)
FN:182,(anonymous_5)
FN:190,(anonymous_6)
FN:214,parseNAB
FN:219,(anonymous_8)
FN:253,(anonymous_9)
FN:258,(anonymous_10)
FN:278,parseWestpac
FN:283,(anonymous_12)
FN:317,(anonymous_13)
FN:322,(anonymous_14)
FN:342,parseANZ
FN:347,(anonymous_16)
FN:383,(anonymous_17)
FN:398,parseSuncorp
FN:411,(anonymous_19)
FN:435,(anonymous_20)
FN:453,parseCSV
FN:460,(anonymous_22)
FN:464,(anonymous_23)
FNF:24
FNH:14
FNDA:18,detectBank
FNDA:2028,parseAusDate
FNDA:1016,generateId
FNDA:11,parseCommBank
FNDA:1015,(anonymous_4)
FNDA:1015,(anonymous_5)
FNDA:1015,(anonymous_6)
FNDA:1,parseNAB
FNDA:2,(anonymous_8)
FNDA:2,(anonymous_9)
FNDA:2,(anonymous_10)
FNDA:0,parseWestpac
FNDA:0,(anonymous_12)
FNDA:0,(anonymous_13)
FNDA:0,(anonymous_14)
FNDA:0,parseANZ
FNDA:0,(anonymous_16)
FNDA:0,(anonymous_17)
FNDA:0,parseSuncorp
FNDA:0,(anonymous_19)
FNDA:0,(anonymous_20)
FNDA:14,parseCSV
FNDA:87,(anonymous_22)
FNDA:1,(anonymous_23)
DA:28,18
DA:31,18
DA:32,1
DA:36,17
DA:37,2
DA:41,15
DA:45,1
DA:50,14
DA:51,0
DA:55,14
DA:60,12
DA:64,2
DA:68,0
DA:71,2
DA:83,2028
DA:96,2028
DA:98,2028
DA:99,2045
DA:100,2045
DA:101,2045
DA:102,2028
DA:110,0
DA:111,0
DA:112,0
DA:116,0
DA:117,0
DA:134,1016
DA:135,1016
DA:136,1016
DA:137,47859
DA:138,47859
DA:140,1016
DA:156,11
DA:158,1015
DA:159,1015
DA:161,1015
DA:163,1015
DA:165,1015
DA:166,1015
DA:167,1015
DA:169,1015
DA:171,1015
DA:173,1014
DA:182,1015
DA:188,11
DA:190,11
DA:191,1015
DA:192,1015
DA:193,1009
DA:194,1009
DA:197,1009
DA:198,1009
DA:200,1009
DA:201,6
DA:202,6
DA:206,11
DA:218,1
DA:220,2
DA:221,2
DA:222,2
DA:224,2
DA:226,2
DA:228,2
DA:231,2
DA:232,2
DA:233,1
DA:234,1
DA:235,1
DA:238,2
DA:240,2
DA:242,2
DA:244,2
DA:253,2
DA:256,1
DA:258,1
DA:259,2
DA:260,2
DA:261,2
DA:262,2
DA:263,2
DA:265,2
DA:266,2
DA:267,2
DA:271,1
DA:282,0
DA:284,0
DA:286,0
DA:288,0
DA:289,0
DA:291,0
DA:293,0
DA:295,0
DA:296,0
DA:297,0
DA:298,0
DA:299,0
DA:302,0
DA:304,0
DA:306,0
DA:308,0
DA:317,0
DA:320,0
DA:322,0
DA:323,0
DA:324,0
DA:325,0
DA:326,0
DA:327,0
DA:329,0
DA:330,0
DA:331,0
DA:335,0
DA:346,0
DA:348,0
DA:349,0
DA:350,0
DA:352,0
DA:357,0
DA:359,0
DA:361,0
DA:362,0
DA:363,0
DA:364,0
DA:365,0
DA:368,0
DA:370,0
DA:372,0
DA:374,0
DA:383,0
DA:385,0
DA:386,0
DA:388,0
DA:390,0
DA:402,0
DA:409,0
DA:412,0
DA:413,0
DA:414,0
DA:416,0
DA:418,0
DA:419,0
DA:420,0
DA:422,0
DA:424,0
DA:426,0
DA:435,0
DA:437,0
DA:438,0
DA:440,0
DA:442,0
DA:454,14
DA:457,14
DA:460,87
DA:463,14
DA:464,1
DA:467,14
DA:468,1
DA:476,13
DA:477,13
DA:479,13
DA:480,1
DA:493,12
DA:496,12
DA:498,11
DA:499,11
DA:500,11
DA:501,11
DA:504,1
DA:505,1
DA:506,1
DA:507,1
DA:510,0
DA:511,0
DA:512,0
DA:513,0
DA:516,0
DA:517,0
DA:518,0
DA:519,0
DA:522,0
DA:523,0
DA:524,0
DA:525,0
DA:529,12
DA:530,1
DA:541,11
DA:547,3
LF:187
LH:102
BRDA:31,0,0,1
BRDA:31,0,1,17
BRDA:31,1,0,18
BRDA:31,1,1,17
BRDA:36,2,0,2
BRDA:36,2,1,15
BRDA:36,3,0,17
BRDA:36,3,1,2
BRDA:41,4,0,1
BRDA:41,4,1,14
BRDA:42,5,0,15
BRDA:42,5,1,14
BRDA:50,6,0,0
BRDA:50,6,1,14
BRDA:55,7,0,12
BRDA:55,7,1,2
BRDA:56,8,0,14
BRDA:56,8,1,12
BRDA:56,8,2,12
BRDA:64,9,0,0
BRDA:64,9,1,2
BRDA:65,10,0,2
BRDA:65,10,1,0
BRDA:65,10,2,0
BRDA:101,11,0,2028
BRDA:101,11,1,17
BRDA:111,12,0,0
BRDA:111,12,1,0
BRDA:134,13,0,1010
BRDA:134,13,1,6
BRDA:158,14,0,1015
BRDA:158,14,1,0
BRDA:158,14,2,0
BRDA:159,15,0,1015
BRDA:159,15,1,0
BRDA:159,15,2,0
BRDA:161,16,0,1015
BRDA:161,16,1,0
BRDA:161,16,2,0
BRDA:161,16,3,0
BRDA:163,17,0,0
BRDA:163,17,1,1015
BRDA:163,18,0,1015
BRDA:163,18,1,1015
BRDA:167,19,0,1015
BRDA:167,19,1,6
BRDA:167,19,2,6
BRDA:169,20,0,1009
BRDA:169,20,1,6
BRDA:171,21,0,1
BRDA:171,21,1,1014
BRDA:191,22,0,1015
BRDA:191,22,1,6
BRDA:192,23,0,6
BRDA:192,23,1,1009
BRDA:193,24,0,1009
BRDA:193,24,1,0
BRDA:194,25,0,0
BRDA:194,25,1,1009
BRDA:200,26,0,6
BRDA:200,26,1,1003
BRDA:220,27,0,2
BRDA:220,27,1,0
BRDA:220,27,2,0
BRDA:221,28,0,2
BRDA:221,28,1,1
BRDA:221,28,2,1
BRDA:222,29,0,2
BRDA:222,29,1,1
BRDA:222,29,2,1
BRDA:224,30,0,2
BRDA:224,30,1,0
BRDA:224,30,2,0
BRDA:224,30,3,0
BRDA:226,31,0,0
BRDA:226,31,1,2
BRDA:232,32,0,1
BRDA:232,32,1,1
BRDA:232,33,0,2
BRDA:232,33,1,1
BRDA:234,34,0,1
BRDA:234,34,1,0
BRDA:234,35,0,1
BRDA:234,35,1,1
BRDA:238,36,0,0
BRDA:238,36,1,2
BRDA:238,37,0,2
BRDA:238,37,1,2
BRDA:240,38,0,2
BRDA:240,38,1,0
BRDA:240,38,2,0
BRDA:242,39,0,2
BRDA:242,39,1,0
BRDA:259,40,0,2
BRDA:259,40,1,0
BRDA:260,41,0,0
BRDA:260,41,1,2
BRDA:261,42,0,2
BRDA:261,42,1,0
BRDA:262,43,0,0
BRDA:262,43,1,2
BRDA:265,44,0,2
BRDA:265,44,1,0
BRDA:284,45,0,0
BRDA:284,45,1,0
BRDA:284,45,2,0
BRDA:286,46,0,0
BRDA:286,46,1,0
BRDA:286,46,2,0
BRDA:286,46,3,0
BRDA:288,47,0,0
BRDA:288,47,1,0
BRDA:288,47,2,0
BRDA:288,47,3,0
BRDA:289,48,0,0
BRDA:289,48,1,0
BRDA:289,48,2,0
BRDA:291,49,0,0
BRDA:291,49,1,0
BRDA:296,50,0,0
BRDA:296,50,1,0
BRDA:296,51,0,0
BRDA:296,51,1,0
BRDA:298,52,0,0
BRDA:298,52,1,0
BRDA:298,53,0,0
BRDA:298,53,1,0
BRDA:302,54,0,0
BRDA:302,54,1,0
BRDA:302,55,0,0
BRDA:302,55,1,0
BRDA:304,56,0,0
BRDA:304,56,1,0
BRDA:304,56,2,0
BRDA:306,57,0,0
BRDA:306,57,1,0
BRDA:323,58,0,0
BRDA:323,58,1,0
BRDA:324,59,0,0
BRDA:324,59,1,0
BRDA:325,60,0,0
BRDA:325,60,1,0
BRDA:326,61,0,0
BRDA:326,61,1,0
BRDA:329,62,0,0
BRDA:329,62,1,0
BRDA:348,63,0,0
BRDA:348,63,1,0
BRDA:348,63,2,0
BRDA:349,64,0,0
BRDA:349,64,1,0
BRDA:349,64,2,0
BRDA:350,65,0,0
BRDA:350,65,1,0
BRDA:350,65,2,0
BRDA:352,66,0,0
BRDA:352,66,1,0
BRDA:352,66,2,0
BRDA:352,66,3,0
BRDA:357,67,0,0
BRDA:357,67,1,0
BRDA:362,68,0,0
BRDA:362,68,1,0
BRDA:362,69,0,0
BRDA:362,69,1,0
BRDA:364,70,0,0
BRDA:364,70,1,0
BRDA:364,71,0,0
BRDA:364,71,1,0
BRDA:368,72,0,0
BRDA:368,72,1,0
BRDA:368,73,0,0
BRDA:368,73,1,0
BRDA:370,74,0,0
BRDA:370,74,1,0
BRDA:370,74,2,0
BRDA:372,75,0,0
BRDA:372,75,1,0
BRDA:386,76,0,0
BRDA:386,76,1,0
BRDA:386,77,0,0
BRDA:386,77,1,0
BRDA:388,78,0,0
BRDA:388,78,1,0
BRDA:416,79,0,0
BRDA:416,79,1,0
BRDA:416,80,0,0
BRDA:416,80,1,0
BRDA:422,81,0,0
BRDA:422,81,1,0
BRDA:424,82,0,0
BRDA:424,82,1,0
BRDA:427,83,0,0
BRDA:427,83,1,0
BRDA:430,84,0,0
BRDA:430,84,1,0
BRDA:438,85,0,0
BRDA:438,85,1,0
BRDA:440,86,0,0
BRDA:440,86,1,0
BRDA:463,87,0,1
BRDA:463,87,1,13
BRDA:467,88,0,1
BRDA:467,88,1,13
BRDA:476,89,0,13
BRDA:476,89,1,0
BRDA:479,90,0,1
BRDA:479,90,1,12
BRDA:484,91,0,0
BRDA:484,91,1,1
BRDA:496,92,0,11
BRDA:496,92,1,1
BRDA:496,92,2,0
BRDA:496,92,3,0
BRDA:496,92,4,0
BRDA:529,93,0,1
BRDA:529,93,1,11
BRDA:535,94,0,0
BRDA:535,94,1,1
BRF:219
BRH:84
end_of_record
TN:
SF:lib\store\index.ts
FN:61,(anonymous_0)
FN:63,(anonymous_1)
FN:88,(anonymous_2)
FN:91,(anonymous_3)
FN:92,(anonymous_4)
FN:96,(anonymous_5)
FN:98,(anonymous_6)
FN:99,(anonymous_7)
FN:100,(anonymous_8)
FN:108,(anonymous_9)
FN:109,(anonymous_10)
FN:110,(anonymous_11)
FN:116,(anonymous_12)
FN:117,(anonymous_13)
FN:118,(anonymous_14)
FN:121,(anonymous_15)
FN:122,(anonymous_16)
FN:124,(anonymous_17)
FN:133,(anonymous_18)
FN:134,(anonymous_19)
FN:135,(anonymous_20)
FN:138,(anonymous_21)
FN:139,(anonymous_22)
FN:143,(anonymous_23)
FN:144,(anonymous_24)
FN:148,(anonymous_25)
FN:149,(anonymous_26)
FN:153,(anonymous_27)
FN:154,(anonymous_28)
FN:158,(anonymous_29)
FN:159,(anonymous_30)
FN:164,(anonymous_31)
FN:165,(anonymous_32)
FN:175,(anonymous_33)
FN:176,(anonymous_34)
FN:182,(anonymous_35)
FN:188,(anonymous_36)
FN:194,(anonymous_37)
FN:195,(anonymous_38)
FN:199,(anonymous_39)
FN:222,(anonymous_40)
FN:223,(anonymous_41)
FN:224,(anonymous_42)
FNF:43
FNH:29
FNDA:9,(anonymous_0)
FNDA:1,(anonymous_1)
FNDA:5,(anonymous_2)
FNDA:7,(anonymous_3)
FNDA:7,(anonymous_4)
FNDA:9,(anonymous_5)
FNDA:9,(anonymous_6)
FNDA:1,(anonymous_7)
FNDA:10,(anonymous_8)
FNDA:3,(anonymous_9)
FNDA:3,(anonymous_10)
FNDA:3,(anonymous_11)
FNDA:0,(anonymous_12)
FNDA:0,(anonymous_13)
FNDA:0,(anonymous_14)
FNDA:1,(anonymous_15)
FNDA:1,(anonymous_16)
FNDA:0,(anonymous_17)
FNDA:1,(anonymous_18)
FNDA:1,(anonymous_19)
FNDA:1,(anonymous_20)
FNDA:4,(anonymous_21)
FNDA:4,(anonymous_22)
FNDA:0,(anonymous_23)
FNDA:0,(anonymous_24)
FNDA:0,(anonymous_25)
FNDA:0,(anonymous_26)
FNDA:0,(anonymous_27)
FNDA:0,(anonymous_28)
FNDA:15,(anonymous_29)
FNDA:15,(anonymous_30)
FNDA:2,(anonymous_31)
FNDA:2,(anonymous_32)
FNDA:2,(anonymous_33)
FNDA:2,(anonymous_34)
FNDA:0,(anonymous_35)
FNDA:0,(anonymous_36)
FNDA:0,(anonymous_37)
FNDA:0,(anonymous_38)
FNDA:1,(anonymous_39)
FNDA:5,(anonymous_40)
FNDA:5,(anonymous_41)
FNDA:5,(anonymous_42)
DA:61,5
DA:62,9
DA:63,1
DA:71,5
DA:86,5
DA:88,5
DA:92,7
DA:93,7
DA:97,9
DA:98,9
DA:99,9
DA:100,10
DA:101,9
DA:102,9
DA:103,9
DA:105,9
DA:109,3
DA:110,3
DA:111,3
DA:112,3
DA:117,0
DA:118,0
DA:122,1
DA:123,1
DA:124,1
DA:125,1
DA:127,1
DA:134,1
DA:135,1
DA:139,4
DA:140,4
DA:144,0
DA:145,0
DA:149,0
DA:150,0
DA:154,0
DA:155,0
DA:159,15
DA:165,2
DA:166,2
DA:169,2
DA:170,2
DA:171,2
DA:176,2
DA:177,2
DA:182,0
DA:183,0
DA:184,0
DA:187,0
DA:188,0
DA:189,0
DA:195,0
DA:196,0
DA:216,1
DA:217,1
DA:222,5
DA:224,5
LF:57
LH:41
BRDA:111,0,0,3
BRDA:111,0,1,0
BRDA:125,1,0,0
BRDA:125,1,1,1
BRF:4
BRH:2
end_of_record
TN:
SF:lib\utils\format.ts
FN:7,formatCurrency
FN:24,formatDate
FN:33,formatRelativeDate
FNF:3
FNH:3
FNDA:38,formatCurrency
FNDA:11,formatDate
FNDA:5,formatRelativeDate
DA:8,38
DA:9,38
DA:17,38
DA:25,11
DA:26,11
DA:34,5
DA:35,5
DA:36,5
DA:40,5
DA:41,4
DA:42,3
DA:43,1
LF:12
LH:12
BRDA:17,0,0,14
BRDA:17,0,1,24
BRDA:25,1,0,9
BRDA:25,1,1,2
BRDA:34,2,0,5
BRDA:34,2,1,0
BRDA:40,3,0,1
BRDA:40,3,1,4
BRDA:41,4,0,1
BRDA:41,4,1,3
BRDA:42,5,0,2
BRDA:42,5,1,1
BRF:12
BRH:11
end_of_record
TN:
SF:lib\utils\roundUp.ts
FN:19,calculateRoundUpSavings
FN:31,(anonymous_1)
FNF:2
FNH:2
FNDA:4,calculateRoundUpSavings
FNDA:5,(anonymous_1)
DA:23,4
DA:28,4
DA:29,4
DA:31,4
DA:33,5
DA:35,4
DA:36,4
DA:38,3
DA:39,3
DA:42,3
DA:43,2
DA:44,2
DA:48,4
LF:13
LH:13
BRDA:21,0,0,2
BRDA:33,1,0,1
BRDA:33,1,1,4
BRDA:36,2,0,1
BRDA:36,2,1,3
BRDA:42,3,0,2
BRDA:42,3,1,1
BRF:7
BRH:7
end_of_record
TN:
SF:lib\utils\safeBalance.ts
FN:30,calculateSafeBalance
FN:42,(anonymous_1)
FN:52,(anonymous_2)
FN:58,(anonymous_3)
FN:87,(anonymous_4)
FN:90,(anonymous_5)
FNF:6
FNH:6
FNDA:5,calculateSafeBalance
FNDA:1,(anonymous_1)
FNDA:4,(anonymous_2)
FNDA:2,(anonymous_3)
FNDA:2,(anonymous_4)
FNDA:4,(anonymous_5)
DA:37,5
DA:39,5
DA:42,5
DA:43,1
DA:44,1
DA:45,1
DA:52,5
DA:55,4
DA:58,4
DA:61,2
DA:62,2
DA:65,4
DA:67,1
DA:77,4
DA:78,4
DA:87,5
DA:89,5
DA:90,4
DA:93,5
DA:95,5
LF:20
LH:20
BRDA:35,0,0,2
BRDA:43,1,0,0
BRDA:43,1,1,1
BRDA:46,2,0,1
BRDA:46,2,1,1
BRDA:61,3,0,2
BRDA:61,3,1,2
BRDA:65,4,0,1
BRDA:65,4,1,3
BRDA:77,5,0,4
BRDA:77,5,1,0
BRF:11
BRH:9
end_of_record
TN:
SF:lib\utils\subscriptions.ts
FN:11,detectSubscriptions
FN:16,(anonymous_1)
FN:37,(anonymous_2)
FN:43,(anonymous_3)
FN:58,(anonymous_4)
FN:66,(anonymous_5)
FNF:6
FNH:6
FNDA:2,detectSubscriptions
FNDA:5,(anonymous_1)
FNDA:3,(anonymous_2)
FNDA:2,(anonymous_3)
FNDA:5,(anonymous_4)
FNDA:1,(anonymous_5)
DA:14,2
DA:16,2
DA:18,5
DA:22,5
DA:24,5
DA:28,5
DA:30,5
DA:31,5
DA:32,5
DA:35,2
DA:37,2
DA:39,3
DA:42,3
DA:43,2
DA:46,3
DA:47,3
DA:51,3
DA:53,3
DA:58,5
DA:66,2
DA:68,2
LF:21
LH:21
BRDA:18,0,0,0
BRDA:18,0,1,5
BRDA:22,1,0,5
BRDA:22,1,1,0
BRDA:24,2,0,0
BRDA:24,2,1,5
BRDA:28,3,0,5
BRDA:28,3,1,3
BRDA:30,4,0,5
BRDA:30,4,1,3
BRDA:39,5,0,0
BRDA:39,5,1,3
BRDA:47,6,0,2
BRDA:47,6,1,1
BRDA:51,7,0,3
BRDA:51,7,1,2
BRDA:51,7,2,1
BRF:17
BRH:13
end_of_record
TN:
SF:lib\utils\surcharges.ts
FN:35,detectSurcharges
FN:44,(anonymous_1)
FN:53,(anonymous_2)
FN:59,(anonymous_3)
FNF:4
FNH:4
FNDA:5,detectSurcharges
FNDA:8,(anonymous_1)
FNDA:49,(anonymous_2)
FNDA:3,(anonymous_3)
DA:8,3
DA:39,5
DA:44,5
DA:45,8
DA:46,8
DA:49,5
DA:51,5
DA:52,5
DA:54,49
DA:59,5
DA:61,5
LF:11
LH:11
BRDA:37,0,0,2
BRDA:46,1,0,3
BRDA:46,1,1,5
BRDA:49,2,0,0
BRDA:49,2,1,5
BRDA:53,3,0,5
BRDA:53,3,1,4
BRF:7
BRH:6
end_of_record
